[2023-11-23 16:33:47] local.ERROR: require(/home/thanyk14/Desktop/btlweb/rootAPI - Copy/rootAPI - Copy/routes/guest.php): Failed to open stream: No such file or directory {"exception":"[object] (ErrorException(code: 0): require(/home/thanyk14/Desktop/btlweb/rootAPI - Copy/rootAPI - Copy/routes/guest.php): Failed to open stream: No such file or directory at /home/thanyk14/Desktop/btlweb/rootAPI - Copy/rootAPI - Copy/vendor/laravel/framework/src/Illuminate/Routing/RouteFileRegistrar.php:35)
[stacktrace]
#0 /home/thanyk14/Desktop/btlweb/rootAPI - Copy/rootAPI - Copy/vendor/laravel/framework/src/Illuminate/Foundation/Bootstrap/HandleExceptions.php(254): Illuminate\\Foundation\\Bootstrap\\HandleExceptions->handleError()
#1 /home/thanyk14/Desktop/btlweb/rootAPI - Copy/rootAPI - Copy/vendor/laravel/framework/src/Illuminate/Routing/RouteFileRegistrar.php(35): Illuminate\\Foundation\\Bootstrap\\HandleExceptions->Illuminate\\Foundation\\Bootstrap\\{closure}()
#2 /home/thanyk14/Desktop/btlweb/rootAPI - Copy/rootAPI - Copy/vendor/laravel/framework/src/Illuminate/Routing/RouteFileRegistrar.php(35): require('...')
#3 /home/thanyk14/Desktop/btlweb/rootAPI - Copy/rootAPI - Copy/vendor/laravel/framework/src/Illuminate/Routing/Router.php(504): Illuminate\\Routing\\RouteFileRegistrar->register()
#4 /home/thanyk14/Desktop/btlweb/rootAPI - Copy/rootAPI - Copy/vendor/laravel/framework/src/Illuminate/Routing/Router.php(458): Illuminate\\Routing\\Router->loadRoutes()
#5 /home/thanyk14/Desktop/btlweb/rootAPI - Copy/rootAPI - Copy/vendor/laravel/framework/src/Illuminate/Routing/RouteRegistrar.php(192): Illuminate\\Routing\\Router->group()
#6 /home/thanyk14/Desktop/btlweb/rootAPI - Copy/rootAPI - Copy/app/Providers/RouteServiceProvider.php(41): Illuminate\\Routing\\RouteRegistrar->group()
#7 /home/thanyk14/Desktop/btlweb/rootAPI - Copy/rootAPI - Copy/vendor/laravel/framework/src/Illuminate/Container/BoundMethod.php(36): App\\Providers\\RouteServiceProvider->App\\Providers\\{closure}()
#8 /home/thanyk14/Desktop/btlweb/rootAPI - Copy/rootAPI - Copy/vendor/laravel/framework/src/Illuminate/Container/Util.php(41): Illuminate\\Container\\BoundMethod::Illuminate\\Container\\{closure}()
#9 /home/thanyk14/Desktop/btlweb/rootAPI - Copy/rootAPI - Copy/vendor/laravel/framework/src/Illuminate/Container/BoundMethod.php(81): Illuminate\\Container\\Util::unwrapIfClosure()
#10 /home/thanyk14/Desktop/btlweb/rootAPI - Copy/rootAPI - Copy/vendor/laravel/framework/src/Illuminate/Container/BoundMethod.php(37): Illuminate\\Container\\BoundMethod::callBoundMethod()
#11 /home/thanyk14/Desktop/btlweb/rootAPI - Copy/rootAPI - Copy/vendor/laravel/framework/src/Illuminate/Container/Container.php(662): Illuminate\\Container\\BoundMethod::call()
#12 /home/thanyk14/Desktop/btlweb/rootAPI - Copy/rootAPI - Copy/vendor/laravel/framework/src/Illuminate/Foundation/Support/Providers/RouteServiceProvider.php(120): Illuminate\\Container\\Container->call()
#13 /home/thanyk14/Desktop/btlweb/rootAPI - Copy/rootAPI - Copy/vendor/laravel/framework/src/Illuminate/Foundation/Support/Providers/RouteServiceProvider.php(45): Illuminate\\Foundation\\Support\\Providers\\RouteServiceProvider->loadRoutes()
#14 /home/thanyk14/Desktop/btlweb/rootAPI - Copy/rootAPI - Copy/vendor/laravel/framework/src/Illuminate/Container/BoundMethod.php(36): Illuminate\\Foundation\\Support\\Providers\\RouteServiceProvider->Illuminate\\Foundation\\Support\\Providers\\{closure}()
#15 /home/thanyk14/Desktop/btlweb/rootAPI - Copy/rootAPI - Copy/vendor/laravel/framework/src/Illuminate/Container/Util.php(41): Illuminate\\Container\\BoundMethod::Illuminate\\Container\\{closure}()
#16 /home/thanyk14/Desktop/btlweb/rootAPI - Copy/rootAPI - Copy/vendor/laravel/framework/src/Illuminate/Container/BoundMethod.php(81): Illuminate\\Container\\Util::unwrapIfClosure()
#17 /home/thanyk14/Desktop/btlweb/rootAPI - Copy/rootAPI - Copy/vendor/laravel/framework/src/Illuminate/Container/BoundMethod.php(37): Illuminate\\Container\\BoundMethod::callBoundMethod()
#18 /home/thanyk14/Desktop/btlweb/rootAPI - Copy/rootAPI - Copy/vendor/laravel/framework/src/Illuminate/Container/Container.php(662): Illuminate\\Container\\BoundMethod::call()
#19 /home/thanyk14/Desktop/btlweb/rootAPI - Copy/rootAPI - Copy/vendor/laravel/framework/src/Illuminate/Support/ServiceProvider.php(119): Illuminate\\Container\\Container->call()
#20 /home/thanyk14/Desktop/btlweb/rootAPI - Copy/rootAPI - Copy/vendor/laravel/framework/src/Illuminate/Foundation/Application.php(1031): Illuminate\\Support\\ServiceProvider->callBootedCallbacks()
#21 /home/thanyk14/Desktop/btlweb/rootAPI - Copy/rootAPI - Copy/vendor/laravel/framework/src/Illuminate/Foundation/Application.php(1009): Illuminate\\Foundation\\Application->bootProvider()
#22 [internal function]: Illuminate\\Foundation\\Application->Illuminate\\Foundation\\{closure}()
#23 /home/thanyk14/Desktop/btlweb/rootAPI - Copy/rootAPI - Copy/vendor/laravel/framework/src/Illuminate/Foundation/Application.php(1010): array_walk()
#24 /home/thanyk14/Desktop/btlweb/rootAPI - Copy/rootAPI - Copy/vendor/laravel/framework/src/Illuminate/Foundation/Bootstrap/BootProviders.php(17): Illuminate\\Foundation\\Application->boot()
#25 /home/thanyk14/Desktop/btlweb/rootAPI - Copy/rootAPI - Copy/vendor/laravel/framework/src/Illuminate/Foundation/Application.php(261): Illuminate\\Foundation\\Bootstrap\\BootProviders->bootstrap()
#26 /home/thanyk14/Desktop/btlweb/rootAPI - Copy/rootAPI - Copy/vendor/laravel/framework/src/Illuminate/Foundation/Console/Kernel.php(447): Illuminate\\Foundation\\Application->bootstrapWith()
#27 /home/thanyk14/Desktop/btlweb/rootAPI - Copy/rootAPI - Copy/vendor/laravel/framework/src/Illuminate/Foundation/Console/Kernel.php(199): Illuminate\\Foundation\\Console\\Kernel->bootstrap()
#28 /home/thanyk14/Desktop/btlweb/rootAPI - Copy/rootAPI - Copy/artisan(37): Illuminate\\Foundation\\Console\\Kernel->handle()
#29 {main}
"} 
[2023-11-23 16:39:09] local.INFO: 2023-11-23 16:39:09 POST:"http://127.0.0.1:8000/api/register" - Execution Time: 413.98692131042ms  
[2023-11-23 16:39:55] local.INFO: 2023-11-23 16:39:55 POST:"http://127.0.0.1:8000/api/register" - Execution Time: 11.038064956665ms  
[2023-11-23 16:40:06] local.INFO: 2023-11-23 16:40:06 POST:"http://127.0.0.1:8000/api/register" - Execution Time: 10.128021240234ms  
[2023-11-23 16:49:48] local.INFO: 2023-11-23 16:49:48 POST:"http://127.0.0.1:8000/api/register" - Execution Time: 113.70706558228ms  
[2023-11-23 16:58:16] local.INFO: 2023-11-23 16:58:16 GET:"http://127.0.0.1:8000/api/test" - Execution Time: 1.035213470459ms  
[2023-11-23 16:58:27] local.INFO: 2023-11-23 16:58:27 GET:"http://127.0.0.1:8000/api/test" - Execution Time: 0.42200088500977ms  
[2023-11-23 16:58:44] local.INFO: 2023-11-23 16:58:44 GET:"http://127.0.0.1:8000/api/test" - Execution Time: 0.43392181396484ms  
[2023-11-23 17:00:07] local.INFO: 2023-11-23 17:00:07 GET:"http://127.0.0.1:8000/api/test" - Execution Time: 0.44012069702148ms  
[2023-11-23 17:06:26] local.ERROR: syntax error, unexpected character 0x00, expecting end of file {"exception":"[object] (ParseError(code: 0): syntax error, unexpected character 0x00, expecting end of file at /home/thanyk14/Desktop/btlweb/rootAPI - Copy/rootAPI - Copy/routes/guest.php:40)
[stacktrace]
#0 /home/thanyk14/Desktop/btlweb/rootAPI - Copy/rootAPI - Copy/vendor/laravel/framework/src/Illuminate/Routing/Router.php(504): Illuminate\\Routing\\RouteFileRegistrar->register()
#1 /home/thanyk14/Desktop/btlweb/rootAPI - Copy/rootAPI - Copy/vendor/laravel/framework/src/Illuminate/Routing/Router.php(458): Illuminate\\Routing\\Router->loadRoutes()
#2 /home/thanyk14/Desktop/btlweb/rootAPI - Copy/rootAPI - Copy/vendor/laravel/framework/src/Illuminate/Routing/RouteRegistrar.php(192): Illuminate\\Routing\\Router->group()
#3 /home/thanyk14/Desktop/btlweb/rootAPI - Copy/rootAPI - Copy/app/Providers/RouteServiceProvider.php(41): Illuminate\\Routing\\RouteRegistrar->group()
#4 /home/thanyk14/Desktop/btlweb/rootAPI - Copy/rootAPI - Copy/vendor/laravel/framework/src/Illuminate/Container/BoundMethod.php(36): App\\Providers\\RouteServiceProvider->App\\Providers\\{closure}()
#5 /home/thanyk14/Desktop/btlweb/rootAPI - Copy/rootAPI - Copy/vendor/laravel/framework/src/Illuminate/Container/Util.php(41): Illuminate\\Container\\BoundMethod::Illuminate\\Container\\{closure}()
#6 /home/thanyk14/Desktop/btlweb/rootAPI - Copy/rootAPI - Copy/vendor/laravel/framework/src/Illuminate/Container/BoundMethod.php(81): Illuminate\\Container\\Util::unwrapIfClosure()
#7 /home/thanyk14/Desktop/btlweb/rootAPI - Copy/rootAPI - Copy/vendor/laravel/framework/src/Illuminate/Container/BoundMethod.php(37): Illuminate\\Container\\BoundMethod::callBoundMethod()
#8 /home/thanyk14/Desktop/btlweb/rootAPI - Copy/rootAPI - Copy/vendor/laravel/framework/src/Illuminate/Container/Container.php(662): Illuminate\\Container\\BoundMethod::call()
#9 /home/thanyk14/Desktop/btlweb/rootAPI - Copy/rootAPI - Copy/vendor/laravel/framework/src/Illuminate/Foundation/Support/Providers/RouteServiceProvider.php(120): Illuminate\\Container\\Container->call()
#10 /home/thanyk14/Desktop/btlweb/rootAPI - Copy/rootAPI - Copy/vendor/laravel/framework/src/Illuminate/Foundation/Support/Providers/RouteServiceProvider.php(45): Illuminate\\Foundation\\Support\\Providers\\RouteServiceProvider->loadRoutes()
#11 /home/thanyk14/Desktop/btlweb/rootAPI - Copy/rootAPI - Copy/vendor/laravel/framework/src/Illuminate/Container/BoundMethod.php(36): Illuminate\\Foundation\\Support\\Providers\\RouteServiceProvider->Illuminate\\Foundation\\Support\\Providers\\{closure}()
#12 /home/thanyk14/Desktop/btlweb/rootAPI - Copy/rootAPI - Copy/vendor/laravel/framework/src/Illuminate/Container/Util.php(41): Illuminate\\Container\\BoundMethod::Illuminate\\Container\\{closure}()
#13 /home/thanyk14/Desktop/btlweb/rootAPI - Copy/rootAPI - Copy/vendor/laravel/framework/src/Illuminate/Container/BoundMethod.php(81): Illuminate\\Container\\Util::unwrapIfClosure()
#14 /home/thanyk14/Desktop/btlweb/rootAPI - Copy/rootAPI - Copy/vendor/laravel/framework/src/Illuminate/Container/BoundMethod.php(37): Illuminate\\Container\\BoundMethod::callBoundMethod()
#15 /home/thanyk14/Desktop/btlweb/rootAPI - Copy/rootAPI - Copy/vendor/laravel/framework/src/Illuminate/Container/Container.php(662): Illuminate\\Container\\BoundMethod::call()
#16 /home/thanyk14/Desktop/btlweb/rootAPI - Copy/rootAPI - Copy/vendor/laravel/framework/src/Illuminate/Support/ServiceProvider.php(119): Illuminate\\Container\\Container->call()
#17 /home/thanyk14/Desktop/btlweb/rootAPI - Copy/rootAPI - Copy/vendor/laravel/framework/src/Illuminate/Foundation/Application.php(1031): Illuminate\\Support\\ServiceProvider->callBootedCallbacks()
#18 /home/thanyk14/Desktop/btlweb/rootAPI - Copy/rootAPI - Copy/vendor/laravel/framework/src/Illuminate/Foundation/Application.php(1009): Illuminate\\Foundation\\Application->bootProvider()
#19 [internal function]: Illuminate\\Foundation\\Application->Illuminate\\Foundation\\{closure}()
#20 /home/thanyk14/Desktop/btlweb/rootAPI - Copy/rootAPI - Copy/vendor/laravel/framework/src/Illuminate/Foundation/Application.php(1010): array_walk()
#21 /home/thanyk14/Desktop/btlweb/rootAPI - Copy/rootAPI - Copy/vendor/laravel/framework/src/Illuminate/Foundation/Bootstrap/BootProviders.php(17): Illuminate\\Foundation\\Application->boot()
#22 /home/thanyk14/Desktop/btlweb/rootAPI - Copy/rootAPI - Copy/vendor/laravel/framework/src/Illuminate/Foundation/Application.php(261): Illuminate\\Foundation\\Bootstrap\\BootProviders->bootstrap()
#23 /home/thanyk14/Desktop/btlweb/rootAPI - Copy/rootAPI - Copy/vendor/laravel/framework/src/Illuminate/Foundation/Http/Kernel.php(186): Illuminate\\Foundation\\Application->bootstrapWith()
#24 /home/thanyk14/Desktop/btlweb/rootAPI - Copy/rootAPI - Copy/vendor/laravel/framework/src/Illuminate/Foundation/Http/Kernel.php(170): Illuminate\\Foundation\\Http\\Kernel->bootstrap()
#25 /home/thanyk14/Desktop/btlweb/rootAPI - Copy/rootAPI - Copy/vendor/laravel/framework/src/Illuminate/Foundation/Http/Kernel.php(144): Illuminate\\Foundation\\Http\\Kernel->sendRequestThroughRouter()
#26 /home/thanyk14/Desktop/btlweb/rootAPI - Copy/rootAPI - Copy/public/index.php(52): Illuminate\\Foundation\\Http\\Kernel->handle()
#27 /home/thanyk14/Desktop/btlweb/rootAPI - Copy/rootAPI - Copy/vendor/laravel/framework/src/Illuminate/Foundation/resources/server.php(16): require_once('...')
#28 {main}
"} 
[2023-11-23 17:06:39] local.ERROR: syntax error, unexpected character 0x00, expecting end of file {"exception":"[object] (ParseError(code: 0): syntax error, unexpected character 0x00, expecting end of file at /home/thanyk14/Desktop/btlweb/rootAPI - Copy/rootAPI - Copy/routes/guest.php:40)
[stacktrace]
#0 /home/thanyk14/Desktop/btlweb/rootAPI - Copy/rootAPI - Copy/vendor/laravel/framework/src/Illuminate/Routing/Router.php(504): Illuminate\\Routing\\RouteFileRegistrar->register()
#1 /home/thanyk14/Desktop/btlweb/rootAPI - Copy/rootAPI - Copy/vendor/laravel/framework/src/Illuminate/Routing/Router.php(458): Illuminate\\Routing\\Router->loadRoutes()
#2 /home/thanyk14/Desktop/btlweb/rootAPI - Copy/rootAPI - Copy/vendor/laravel/framework/src/Illuminate/Routing/RouteRegistrar.php(192): Illuminate\\Routing\\Router->group()
#3 /home/thanyk14/Desktop/btlweb/rootAPI - Copy/rootAPI - Copy/app/Providers/RouteServiceProvider.php(41): Illuminate\\Routing\\RouteRegistrar->group()
#4 /home/thanyk14/Desktop/btlweb/rootAPI - Copy/rootAPI - Copy/vendor/laravel/framework/src/Illuminate/Container/BoundMethod.php(36): App\\Providers\\RouteServiceProvider->App\\Providers\\{closure}()
#5 /home/thanyk14/Desktop/btlweb/rootAPI - Copy/rootAPI - Copy/vendor/laravel/framework/src/Illuminate/Container/Util.php(41): Illuminate\\Container\\BoundMethod::Illuminate\\Container\\{closure}()
#6 /home/thanyk14/Desktop/btlweb/rootAPI - Copy/rootAPI - Copy/vendor/laravel/framework/src/Illuminate/Container/BoundMethod.php(81): Illuminate\\Container\\Util::unwrapIfClosure()
#7 /home/thanyk14/Desktop/btlweb/rootAPI - Copy/rootAPI - Copy/vendor/laravel/framework/src/Illuminate/Container/BoundMethod.php(37): Illuminate\\Container\\BoundMethod::callBoundMethod()
#8 /home/thanyk14/Desktop/btlweb/rootAPI - Copy/rootAPI - Copy/vendor/laravel/framework/src/Illuminate/Container/Container.php(662): Illuminate\\Container\\BoundMethod::call()
#9 /home/thanyk14/Desktop/btlweb/rootAPI - Copy/rootAPI - Copy/vendor/laravel/framework/src/Illuminate/Foundation/Support/Providers/RouteServiceProvider.php(120): Illuminate\\Container\\Container->call()
#10 /home/thanyk14/Desktop/btlweb/rootAPI - Copy/rootAPI - Copy/vendor/laravel/framework/src/Illuminate/Foundation/Support/Providers/RouteServiceProvider.php(45): Illuminate\\Foundation\\Support\\Providers\\RouteServiceProvider->loadRoutes()
#11 /home/thanyk14/Desktop/btlweb/rootAPI - Copy/rootAPI - Copy/vendor/laravel/framework/src/Illuminate/Container/BoundMethod.php(36): Illuminate\\Foundation\\Support\\Providers\\RouteServiceProvider->Illuminate\\Foundation\\Support\\Providers\\{closure}()
#12 /home/thanyk14/Desktop/btlweb/rootAPI - Copy/rootAPI - Copy/vendor/laravel/framework/src/Illuminate/Container/Util.php(41): Illuminate\\Container\\BoundMethod::Illuminate\\Container\\{closure}()
#13 /home/thanyk14/Desktop/btlweb/rootAPI - Copy/rootAPI - Copy/vendor/laravel/framework/src/Illuminate/Container/BoundMethod.php(81): Illuminate\\Container\\Util::unwrapIfClosure()
#14 /home/thanyk14/Desktop/btlweb/rootAPI - Copy/rootAPI - Copy/vendor/laravel/framework/src/Illuminate/Container/BoundMethod.php(37): Illuminate\\Container\\BoundMethod::callBoundMethod()
#15 /home/thanyk14/Desktop/btlweb/rootAPI - Copy/rootAPI - Copy/vendor/laravel/framework/src/Illuminate/Container/Container.php(662): Illuminate\\Container\\BoundMethod::call()
#16 /home/thanyk14/Desktop/btlweb/rootAPI - Copy/rootAPI - Copy/vendor/laravel/framework/src/Illuminate/Support/ServiceProvider.php(119): Illuminate\\Container\\Container->call()
#17 /home/thanyk14/Desktop/btlweb/rootAPI - Copy/rootAPI - Copy/vendor/laravel/framework/src/Illuminate/Foundation/Application.php(1031): Illuminate\\Support\\ServiceProvider->callBootedCallbacks()
#18 /home/thanyk14/Desktop/btlweb/rootAPI - Copy/rootAPI - Copy/vendor/laravel/framework/src/Illuminate/Foundation/Application.php(1009): Illuminate\\Foundation\\Application->bootProvider()
#19 [internal function]: Illuminate\\Foundation\\Application->Illuminate\\Foundation\\{closure}()
#20 /home/thanyk14/Desktop/btlweb/rootAPI - Copy/rootAPI - Copy/vendor/laravel/framework/src/Illuminate/Foundation/Application.php(1010): array_walk()
#21 /home/thanyk14/Desktop/btlweb/rootAPI - Copy/rootAPI - Copy/vendor/laravel/framework/src/Illuminate/Foundation/Bootstrap/BootProviders.php(17): Illuminate\\Foundation\\Application->boot()
#22 /home/thanyk14/Desktop/btlweb/rootAPI - Copy/rootAPI - Copy/vendor/laravel/framework/src/Illuminate/Foundation/Application.php(261): Illuminate\\Foundation\\Bootstrap\\BootProviders->bootstrap()
#23 /home/thanyk14/Desktop/btlweb/rootAPI - Copy/rootAPI - Copy/vendor/laravel/framework/src/Illuminate/Foundation/Http/Kernel.php(186): Illuminate\\Foundation\\Application->bootstrapWith()
#24 /home/thanyk14/Desktop/btlweb/rootAPI - Copy/rootAPI - Copy/vendor/laravel/framework/src/Illuminate/Foundation/Http/Kernel.php(170): Illuminate\\Foundation\\Http\\Kernel->bootstrap()
#25 /home/thanyk14/Desktop/btlweb/rootAPI - Copy/rootAPI - Copy/vendor/laravel/framework/src/Illuminate/Foundation/Http/Kernel.php(144): Illuminate\\Foundation\\Http\\Kernel->sendRequestThroughRouter()
#26 /home/thanyk14/Desktop/btlweb/rootAPI - Copy/rootAPI - Copy/public/index.php(52): Illuminate\\Foundation\\Http\\Kernel->handle()
#27 /home/thanyk14/Desktop/btlweb/rootAPI - Copy/rootAPI - Copy/vendor/laravel/framework/src/Illuminate/Foundation/resources/server.php(16): require_once('...')
#28 {main}
"} 
[2023-11-23 17:09:22] local.INFO: 2023-11-23 17:09:22 GET:"http://127.0.0.1:8000/api/test" - Execution Time: 9.3059539794922ms  
[2023-11-23 17:09:29] local.INFO: 2023-11-23 17:09:29 GET:"http://127.0.0.1:8000/api/test" - Execution Time: 0.34999847412109ms  
[2023-11-23 17:09:45] local.INFO: 2023-11-23 17:09:45 GET:"http://127.0.0.1:8000/api/test" - Execution Time: 0.5500316619873ms  
[2023-11-23 17:09:48] local.INFO: 2023-11-23 17:09:48 GET:"http://127.0.0.1:8000/api/test" - Execution Time: 0.53596496582031ms  
[2023-11-23 17:13:15] local.ERROR: syntax error, unexpected character 0x00, expecting end of file {"exception":"[object] (ParseError(code: 0): syntax error, unexpected character 0x00, expecting end of file at /home/thanyk14/Desktop/btlweb/rootAPI - Copy/rootAPI - Copy/routes/guest.php:40)
[stacktrace]
#0 /home/thanyk14/Desktop/btlweb/rootAPI - Copy/rootAPI - Copy/vendor/laravel/framework/src/Illuminate/Routing/Router.php(504): Illuminate\\Routing\\RouteFileRegistrar->register()
#1 /home/thanyk14/Desktop/btlweb/rootAPI - Copy/rootAPI - Copy/vendor/laravel/framework/src/Illuminate/Routing/Router.php(458): Illuminate\\Routing\\Router->loadRoutes()
#2 /home/thanyk14/Desktop/btlweb/rootAPI - Copy/rootAPI - Copy/vendor/laravel/framework/src/Illuminate/Routing/RouteRegistrar.php(192): Illuminate\\Routing\\Router->group()
#3 /home/thanyk14/Desktop/btlweb/rootAPI - Copy/rootAPI - Copy/app/Providers/RouteServiceProvider.php(41): Illuminate\\Routing\\RouteRegistrar->group()
#4 /home/thanyk14/Desktop/btlweb/rootAPI - Copy/rootAPI - Copy/vendor/laravel/framework/src/Illuminate/Container/BoundMethod.php(36): App\\Providers\\RouteServiceProvider->App\\Providers\\{closure}()
#5 /home/thanyk14/Desktop/btlweb/rootAPI - Copy/rootAPI - Copy/vendor/laravel/framework/src/Illuminate/Container/Util.php(41): Illuminate\\Container\\BoundMethod::Illuminate\\Container\\{closure}()
#6 /home/thanyk14/Desktop/btlweb/rootAPI - Copy/rootAPI - Copy/vendor/laravel/framework/src/Illuminate/Container/BoundMethod.php(81): Illuminate\\Container\\Util::unwrapIfClosure()
#7 /home/thanyk14/Desktop/btlweb/rootAPI - Copy/rootAPI - Copy/vendor/laravel/framework/src/Illuminate/Container/BoundMethod.php(37): Illuminate\\Container\\BoundMethod::callBoundMethod()
#8 /home/thanyk14/Desktop/btlweb/rootAPI - Copy/rootAPI - Copy/vendor/laravel/framework/src/Illuminate/Container/Container.php(662): Illuminate\\Container\\BoundMethod::call()
#9 /home/thanyk14/Desktop/btlweb/rootAPI - Copy/rootAPI - Copy/vendor/laravel/framework/src/Illuminate/Foundation/Support/Providers/RouteServiceProvider.php(120): Illuminate\\Container\\Container->call()
#10 /home/thanyk14/Desktop/btlweb/rootAPI - Copy/rootAPI - Copy/vendor/laravel/framework/src/Illuminate/Foundation/Support/Providers/RouteServiceProvider.php(45): Illuminate\\Foundation\\Support\\Providers\\RouteServiceProvider->loadRoutes()
#11 /home/thanyk14/Desktop/btlweb/rootAPI - Copy/rootAPI - Copy/vendor/laravel/framework/src/Illuminate/Container/BoundMethod.php(36): Illuminate\\Foundation\\Support\\Providers\\RouteServiceProvider->Illuminate\\Foundation\\Support\\Providers\\{closure}()
#12 /home/thanyk14/Desktop/btlweb/rootAPI - Copy/rootAPI - Copy/vendor/laravel/framework/src/Illuminate/Container/Util.php(41): Illuminate\\Container\\BoundMethod::Illuminate\\Container\\{closure}()
#13 /home/thanyk14/Desktop/btlweb/rootAPI - Copy/rootAPI - Copy/vendor/laravel/framework/src/Illuminate/Container/BoundMethod.php(81): Illuminate\\Container\\Util::unwrapIfClosure()
#14 /home/thanyk14/Desktop/btlweb/rootAPI - Copy/rootAPI - Copy/vendor/laravel/framework/src/Illuminate/Container/BoundMethod.php(37): Illuminate\\Container\\BoundMethod::callBoundMethod()
#15 /home/thanyk14/Desktop/btlweb/rootAPI - Copy/rootAPI - Copy/vendor/laravel/framework/src/Illuminate/Container/Container.php(662): Illuminate\\Container\\BoundMethod::call()
#16 /home/thanyk14/Desktop/btlweb/rootAPI - Copy/rootAPI - Copy/vendor/laravel/framework/src/Illuminate/Support/ServiceProvider.php(119): Illuminate\\Container\\Container->call()
#17 /home/thanyk14/Desktop/btlweb/rootAPI - Copy/rootAPI - Copy/vendor/laravel/framework/src/Illuminate/Foundation/Application.php(1031): Illuminate\\Support\\ServiceProvider->callBootedCallbacks()
#18 /home/thanyk14/Desktop/btlweb/rootAPI - Copy/rootAPI - Copy/vendor/laravel/framework/src/Illuminate/Foundation/Application.php(1009): Illuminate\\Foundation\\Application->bootProvider()
#19 [internal function]: Illuminate\\Foundation\\Application->Illuminate\\Foundation\\{closure}()
#20 /home/thanyk14/Desktop/btlweb/rootAPI - Copy/rootAPI - Copy/vendor/laravel/framework/src/Illuminate/Foundation/Application.php(1010): array_walk()
#21 /home/thanyk14/Desktop/btlweb/rootAPI - Copy/rootAPI - Copy/vendor/laravel/framework/src/Illuminate/Foundation/Bootstrap/BootProviders.php(17): Illuminate\\Foundation\\Application->boot()
#22 /home/thanyk14/Desktop/btlweb/rootAPI - Copy/rootAPI - Copy/vendor/laravel/framework/src/Illuminate/Foundation/Application.php(261): Illuminate\\Foundation\\Bootstrap\\BootProviders->bootstrap()
#23 /home/thanyk14/Desktop/btlweb/rootAPI - Copy/rootAPI - Copy/vendor/laravel/framework/src/Illuminate/Foundation/Console/Kernel.php(447): Illuminate\\Foundation\\Application->bootstrapWith()
#24 /home/thanyk14/Desktop/btlweb/rootAPI - Copy/rootAPI - Copy/vendor/laravel/framework/src/Illuminate/Foundation/Console/Kernel.php(199): Illuminate\\Foundation\\Console\\Kernel->bootstrap()
#25 /home/thanyk14/Desktop/btlweb/rootAPI - Copy/rootAPI - Copy/artisan(37): Illuminate\\Foundation\\Console\\Kernel->handle()
#26 {main}
"} 
[2023-11-23 17:20:14] local.INFO: 2023-11-23 17:20:14 GET:"http://127.0.0.1:8000/api/test" - Execution Time: 7.7409744262695ms  
[2023-11-23 17:20:26] local.INFO: 2023-11-23 17:20:26 GET:"http://127.0.0.1:8000/api/test" - Execution Time: 0.54001808166504ms  
[2023-11-23 17:20:33] local.INFO: 2023-11-23 17:20:33 POST:"http://127.0.0.1:8000/api/register" - Execution Time: 178.00998687744ms  
[2023-11-23 17:20:33] local.INFO: 2023-11-23 17:20:33 GET:"http://127.0.0.1:8000/api/test" - Execution Time: 0.22101402282715ms  
[2023-11-23 17:20:47] local.INFO: 2023-11-23 17:20:47 POST:"http://127.0.0.1:8000/api/register" - Execution Time: 6.594181060791ms  
[2023-11-23 17:21:27] local.INFO: 2023-11-23 17:21:27 POST:"http://127.0.0.1:8000/api/login" - Execution Time: 3.054141998291ms  
[2023-11-23 17:21:33] local.INFO: 2023-11-23 17:21:33 POST:"http://127.0.0.1:8000/api/login" - Execution Time: 1.3270378112793ms  
[2023-11-23 17:21:42] local.INFO: 2023-11-23 17:21:42 POST:"http://127.0.0.1:8000/api/login" - Execution Time: 372.03884124756ms  
[2023-11-23 17:21:48] local.INFO: 2023-11-23 17:21:48 POST:"http://127.0.0.1:8000/api/companyLeader" - Execution Time: 355.07988929749ms  
[2023-11-23 17:21:53] local.INFO: 2023-11-23 17:21:53 GET:"http://127.0.0.1:8000/api/companyLeader" - Execution Time: 7.2700977325439ms  
[2023-11-23 17:21:58] local.INFO: 2023-11-23 17:21:58 GET:"http://127.0.0.1:8000/api/companyLeader/3" - Execution Time: 23.669958114624ms  
[2023-11-23 17:22:10] local.INFO: 2023-11-23 17:22:10 POST:"http://127.0.0.1:8000/api/login" - Execution Time: 0.40388107299805ms  
[2023-11-23 17:22:14] local.INFO: 2023-11-23 17:22:14 POST:"http://127.0.0.1:8000/api/logout" - Execution Time: 1.1630058288574ms  
[2023-11-23 17:22:17] local.INFO: 2023-11-23 17:22:17 POST:"http://127.0.0.1:8000/api/login" - Execution Time: 219.38705444336ms  
[2023-11-23 17:22:48] local.INFO: 2023-11-23 17:22:48 POST:"http://127.0.0.1:8000/api/login" - Execution Time: 329.61392402649ms  
[2023-11-23 17:22:55] local.ERROR: SQLSTATE[23000]: Integrity constraint violation: 1048 Column 'name' cannot be null (Connection: mysql, SQL: insert into `aggregation_points` (`name`, `code`, `address`, `phone`, `email`, `operatingHours`, `status`, `notes`, `updated_at`, `created_at`) values (?, ?, ?, ?, ?, ?, ?, ?, 2023-11-23 17:22:55, 2023-11-23 17:22:55)) {"userId":2,"exception":"[object] (Illuminate\\Database\\QueryException(code: 23000): SQLSTATE[23000]: Integrity constraint violation: 1048 Column 'name' cannot be null (Connection: mysql, SQL: insert into `aggregation_points` (`name`, `code`, `address`, `phone`, `email`, `operatingHours`, `status`, `notes`, `updated_at`, `created_at`) values (?, ?, ?, ?, ?, ?, ?, ?, 2023-11-23 17:22:55, 2023-11-23 17:22:55)) at /home/thanyk14/Desktop/btlweb/rootAPI - Copy/rootAPI - Copy/vendor/laravel/framework/src/Illuminate/Database/Connection.php:822)
[stacktrace]
#0 /home/thanyk14/Desktop/btlweb/rootAPI - Copy/rootAPI - Copy/vendor/laravel/framework/src/Illuminate/Database/Connection.php(776): Illuminate\\Database\\Connection->runQueryCallback()
#1 /home/thanyk14/Desktop/btlweb/rootAPI - Copy/rootAPI - Copy/vendor/laravel/framework/src/Illuminate/Database/Connection.php(581): Illuminate\\Database\\Connection->run()
#2 /home/thanyk14/Desktop/btlweb/rootAPI - Copy/rootAPI - Copy/vendor/laravel/framework/src/Illuminate/Database/Connection.php(533): Illuminate\\Database\\Connection->statement()
#3 /home/thanyk14/Desktop/btlweb/rootAPI - Copy/rootAPI - Copy/vendor/laravel/framework/src/Illuminate/Database/Query/Processors/Processor.php(32): Illuminate\\Database\\Connection->insert()
#4 /home/thanyk14/Desktop/btlweb/rootAPI - Copy/rootAPI - Copy/vendor/laravel/framework/src/Illuminate/Database/Query/Builder.php(3387): Illuminate\\Database\\Query\\Processors\\Processor->processInsertGetId()
#5 /home/thanyk14/Desktop/btlweb/rootAPI - Copy/rootAPI - Copy/vendor/laravel/framework/src/Illuminate/Database/Eloquent/Builder.php(1968): Illuminate\\Database\\Query\\Builder->insertGetId()
#6 /home/thanyk14/Desktop/btlweb/rootAPI - Copy/rootAPI - Copy/vendor/laravel/framework/src/Illuminate/Database/Eloquent/Model.php(1333): Illuminate\\Database\\Eloquent\\Builder->__call()
#7 /home/thanyk14/Desktop/btlweb/rootAPI - Copy/rootAPI - Copy/vendor/laravel/framework/src/Illuminate/Database/Eloquent/Model.php(1298): Illuminate\\Database\\Eloquent\\Model->insertAndSetId()
#8 /home/thanyk14/Desktop/btlweb/rootAPI - Copy/rootAPI - Copy/vendor/laravel/framework/src/Illuminate/Database/Eloquent/Model.php(1137): Illuminate\\Database\\Eloquent\\Model->performInsert()
#9 /home/thanyk14/Desktop/btlweb/rootAPI - Copy/rootAPI - Copy/vendor/laravel/framework/src/Illuminate/Database/Eloquent/Builder.php(1023): Illuminate\\Database\\Eloquent\\Model->save()
#10 /home/thanyk14/Desktop/btlweb/rootAPI - Copy/rootAPI - Copy/vendor/laravel/framework/src/Illuminate/Support/helpers.php(307): Illuminate\\Database\\Eloquent\\Builder->Illuminate\\Database\\Eloquent\\{closure}()
#11 /home/thanyk14/Desktop/btlweb/rootAPI - Copy/rootAPI - Copy/vendor/laravel/framework/src/Illuminate/Database/Eloquent/Builder.php(1024): tap()
#12 /home/thanyk14/Desktop/btlweb/rootAPI - Copy/rootAPI - Copy/vendor/laravel/framework/src/Illuminate/Support/Traits/ForwardsCalls.php(23): Illuminate\\Database\\Eloquent\\Builder->create()
#13 /home/thanyk14/Desktop/btlweb/rootAPI - Copy/rootAPI - Copy/vendor/laravel/framework/src/Illuminate/Database/Eloquent/Model.php(2334): Illuminate\\Database\\Eloquent\\Model->forwardCallTo()
#14 /home/thanyk14/Desktop/btlweb/rootAPI - Copy/rootAPI - Copy/vendor/laravel/framework/src/Illuminate/Database/Eloquent/Model.php(2346): Illuminate\\Database\\Eloquent\\Model->__call()
#15 /home/thanyk14/Desktop/btlweb/rootAPI - Copy/rootAPI - Copy/app/Http/Controllers/AggregationPointController.php(40): Illuminate\\Database\\Eloquent\\Model::__callStatic()
#16 /home/thanyk14/Desktop/btlweb/rootAPI - Copy/rootAPI - Copy/vendor/laravel/framework/src/Illuminate/Routing/Controller.php(54): App\\Http\\Controllers\\AggregationPointController->store()
#17 /home/thanyk14/Desktop/btlweb/rootAPI - Copy/rootAPI - Copy/vendor/laravel/framework/src/Illuminate/Routing/ControllerDispatcher.php(43): Illuminate\\Routing\\Controller->callAction()
#18 /home/thanyk14/Desktop/btlweb/rootAPI - Copy/rootAPI - Copy/vendor/laravel/framework/src/Illuminate/Routing/Route.php(260): Illuminate\\Routing\\ControllerDispatcher->dispatch()
#19 /home/thanyk14/Desktop/btlweb/rootAPI - Copy/rootAPI - Copy/vendor/laravel/framework/src/Illuminate/Routing/Route.php(205): Illuminate\\Routing\\Route->runController()
#20 /home/thanyk14/Desktop/btlweb/rootAPI - Copy/rootAPI - Copy/vendor/laravel/framework/src/Illuminate/Routing/Router.php(799): Illuminate\\Routing\\Route->run()
#21 /home/thanyk14/Desktop/btlweb/rootAPI - Copy/rootAPI - Copy/vendor/laravel/framework/src/Illuminate/Pipeline/Pipeline.php(141): Illuminate\\Routing\\Router->Illuminate\\Routing\\{closure}()
#22 /home/thanyk14/Desktop/btlweb/rootAPI - Copy/rootAPI - Copy/app/Http/Middleware/CheckUserRole.php(25): Illuminate\\Pipeline\\Pipeline->Illuminate\\Pipeline\\{closure}()
#23 /home/thanyk14/Desktop/btlweb/rootAPI - Copy/rootAPI - Copy/vendor/laravel/framework/src/Illuminate/Pipeline/Pipeline.php(180): App\\Http\\Middleware\\CheckUserRole->handle()
#24 /home/thanyk14/Desktop/btlweb/rootAPI - Copy/rootAPI - Copy/app/Http/Middleware/LogApiRequests.php(15): Illuminate\\Pipeline\\Pipeline->Illuminate\\Pipeline\\{closure}()
#25 /home/thanyk14/Desktop/btlweb/rootAPI - Copy/rootAPI - Copy/vendor/laravel/framework/src/Illuminate/Pipeline/Pipeline.php(180): App\\Http\\Middleware\\LogApiRequests->handle()
#26 /home/thanyk14/Desktop/btlweb/rootAPI - Copy/rootAPI - Copy/vendor/laravel/framework/src/Illuminate/Foundation/Http/Middleware/VerifyCsrfToken.php(78): Illuminate\\Pipeline\\Pipeline->Illuminate\\Pipeline\\{closure}()
#27 /home/thanyk14/Desktop/btlweb/rootAPI - Copy/rootAPI - Copy/vendor/laravel/framework/src/Illuminate/Pipeline/Pipeline.php(180): Illuminate\\Foundation\\Http\\Middleware\\VerifyCsrfToken->handle()
#28 /home/thanyk14/Desktop/btlweb/rootAPI - Copy/rootAPI - Copy/vendor/laravel/framework/src/Illuminate/Routing/Middleware/SubstituteBindings.php(50): Illuminate\\Pipeline\\Pipeline->Illuminate\\Pipeline\\{closure}()
#29 /home/thanyk14/Desktop/btlweb/rootAPI - Copy/rootAPI - Copy/vendor/laravel/framework/src/Illuminate/Pipeline/Pipeline.php(180): Illuminate\\Routing\\Middleware\\SubstituteBindings->handle()
#30 /home/thanyk14/Desktop/btlweb/rootAPI - Copy/rootAPI - Copy/vendor/laravel/framework/src/Illuminate/Routing/Middleware/ThrottleRequests.php(159): Illuminate\\Pipeline\\Pipeline->Illuminate\\Pipeline\\{closure}()
#31 /home/thanyk14/Desktop/btlweb/rootAPI - Copy/rootAPI - Copy/vendor/laravel/framework/src/Illuminate/Routing/Middleware/ThrottleRequests.php(135): Illuminate\\Routing\\Middleware\\ThrottleRequests->handleRequest()
#32 /home/thanyk14/Desktop/btlweb/rootAPI - Copy/rootAPI - Copy/vendor/laravel/framework/src/Illuminate/Routing/Middleware/ThrottleRequests.php(87): Illuminate\\Routing\\Middleware\\ThrottleRequests->handleRequestUsingNamedLimiter()
#33 /home/thanyk14/Desktop/btlweb/rootAPI - Copy/rootAPI - Copy/vendor/laravel/framework/src/Illuminate/Pipeline/Pipeline.php(180): Illuminate\\Routing\\Middleware\\ThrottleRequests->handle()
#34 /home/thanyk14/Desktop/btlweb/rootAPI - Copy/rootAPI - Copy/vendor/laravel/framework/src/Illuminate/Auth/Middleware/Authenticate.php(57): Illuminate\\Pipeline\\Pipeline->Illuminate\\Pipeline\\{closure}()
#35 /home/thanyk14/Desktop/btlweb/rootAPI - Copy/rootAPI - Copy/vendor/laravel/framework/src/Illuminate/Pipeline/Pipeline.php(180): Illuminate\\Auth\\Middleware\\Authenticate->handle()
#36 /home/thanyk14/Desktop/btlweb/rootAPI - Copy/rootAPI - Copy/vendor/laravel/framework/src/Illuminate/View/Middleware/ShareErrorsFromSession.php(49): Illuminate\\Pipeline\\Pipeline->Illuminate\\Pipeline\\{closure}()
#37 /home/thanyk14/Desktop/btlweb/rootAPI - Copy/rootAPI - Copy/vendor/laravel/framework/src/Illuminate/Pipeline/Pipeline.php(180): Illuminate\\View\\Middleware\\ShareErrorsFromSession->handle()
#38 /home/thanyk14/Desktop/btlweb/rootAPI - Copy/rootAPI - Copy/vendor/laravel/framework/src/Illuminate/Session/Middleware/StartSession.php(121): Illuminate\\Pipeline\\Pipeline->Illuminate\\Pipeline\\{closure}()
#39 /home/thanyk14/Desktop/btlweb/rootAPI - Copy/rootAPI - Copy/vendor/laravel/framework/src/Illuminate/Session/Middleware/StartSession.php(64): Illuminate\\Session\\Middleware\\StartSession->handleStatefulRequest()
#40 /home/thanyk14/Desktop/btlweb/rootAPI - Copy/rootAPI - Copy/vendor/laravel/framework/src/Illuminate/Pipeline/Pipeline.php(180): Illuminate\\Session\\Middleware\\StartSession->handle()
#41 /home/thanyk14/Desktop/btlweb/rootAPI - Copy/rootAPI - Copy/vendor/laravel/sanctum/src/Http/Middleware/EnsureFrontendRequestsAreStateful.php(25): Illuminate\\Pipeline\\Pipeline->Illuminate\\Pipeline\\{closure}()
#42 /home/thanyk14/Desktop/btlweb/rootAPI - Copy/rootAPI - Copy/vendor/laravel/framework/src/Illuminate/Pipeline/Pipeline.php(141): Laravel\\Sanctum\\Http\\Middleware\\EnsureFrontendRequestsAreStateful->Laravel\\Sanctum\\Http\\Middleware\\{closure}()
#43 /home/thanyk14/Desktop/btlweb/rootAPI - Copy/rootAPI - Copy/vendor/laravel/framework/src/Illuminate/Pipeline/Pipeline.php(116): Illuminate\\Pipeline\\Pipeline->Illuminate\\Pipeline\\{closure}()
#44 /home/thanyk14/Desktop/btlweb/rootAPI - Copy/rootAPI - Copy/vendor/laravel/sanctum/src/Http/Middleware/EnsureFrontendRequestsAreStateful.php(26): Illuminate\\Pipeline\\Pipeline->then()
#45 /home/thanyk14/Desktop/btlweb/rootAPI - Copy/rootAPI - Copy/vendor/laravel/framework/src/Illuminate/Pipeline/Pipeline.php(180): Laravel\\Sanctum\\Http\\Middleware\\EnsureFrontendRequestsAreStateful->handle()
#46 /home/thanyk14/Desktop/btlweb/rootAPI - Copy/rootAPI - Copy/vendor/laravel/framework/src/Illuminate/Pipeline/Pipeline.php(116): Illuminate\\Pipeline\\Pipeline->Illuminate\\Pipeline\\{closure}()
#47 /home/thanyk14/Desktop/btlweb/rootAPI - Copy/rootAPI - Copy/vendor/laravel/framework/src/Illuminate/Routing/Router.php(800): Illuminate\\Pipeline\\Pipeline->then()
#48 /home/thanyk14/Desktop/btlweb/rootAPI - Copy/rootAPI - Copy/vendor/laravel/framework/src/Illuminate/Routing/Router.php(777): Illuminate\\Routing\\Router->runRouteWithinStack()
#49 /home/thanyk14/Desktop/btlweb/rootAPI - Copy/rootAPI - Copy/vendor/laravel/framework/src/Illuminate/Routing/Router.php(741): Illuminate\\Routing\\Router->runRoute()
#50 /home/thanyk14/Desktop/btlweb/rootAPI - Copy/rootAPI - Copy/vendor/laravel/framework/src/Illuminate/Routing/Router.php(730): Illuminate\\Routing\\Router->dispatchToRoute()
#51 /home/thanyk14/Desktop/btlweb/rootAPI - Copy/rootAPI - Copy/vendor/laravel/framework/src/Illuminate/Foundation/Http/Kernel.php(200): Illuminate\\Routing\\Router->dispatch()
#52 /home/thanyk14/Desktop/btlweb/rootAPI - Copy/rootAPI - Copy/vendor/laravel/framework/src/Illuminate/Pipeline/Pipeline.php(141): Illuminate\\Foundation\\Http\\Kernel->Illuminate\\Foundation\\Http\\{closure}()
#53 /home/thanyk14/Desktop/btlweb/rootAPI - Copy/rootAPI - Copy/vendor/laravel/framework/src/Illuminate/Foundation/Http/Middleware/TransformsRequest.php(21): Illuminate\\Pipeline\\Pipeline->Illuminate\\Pipeline\\{closure}()
#54 /home/thanyk14/Desktop/btlweb/rootAPI - Copy/rootAPI - Copy/vendor/laravel/framework/src/Illuminate/Foundation/Http/Middleware/ConvertEmptyStringsToNull.php(31): Illuminate\\Foundation\\Http\\Middleware\\TransformsRequest->handle()
#55 /home/thanyk14/Desktop/btlweb/rootAPI - Copy/rootAPI - Copy/vendor/laravel/framework/src/Illuminate/Pipeline/Pipeline.php(180): Illuminate\\Foundation\\Http\\Middleware\\ConvertEmptyStringsToNull->handle()
#56 /home/thanyk14/Desktop/btlweb/rootAPI - Copy/rootAPI - Copy/vendor/laravel/framework/src/Illuminate/Foundation/Http/Middleware/TransformsRequest.php(21): Illuminate\\Pipeline\\Pipeline->Illuminate\\Pipeline\\{closure}()
#57 /home/thanyk14/Desktop/btlweb/rootAPI - Copy/rootAPI - Copy/vendor/laravel/framework/src/Illuminate/Foundation/Http/Middleware/TrimStrings.php(40): Illuminate\\Foundation\\Http\\Middleware\\TransformsRequest->handle()
#58 /home/thanyk14/Desktop/btlweb/rootAPI - Copy/rootAPI - Copy/vendor/laravel/framework/src/Illuminate/Pipeline/Pipeline.php(180): Illuminate\\Foundation\\Http\\Middleware\\TrimStrings->handle()
#59 /home/thanyk14/Desktop/btlweb/rootAPI - Copy/rootAPI - Copy/vendor/laravel/framework/src/Illuminate/Foundation/Http/Middleware/ValidatePostSize.php(27): Illuminate\\Pipeline\\Pipeline->Illuminate\\Pipeline\\{closure}()
#60 /home/thanyk14/Desktop/btlweb/rootAPI - Copy/rootAPI - Copy/vendor/laravel/framework/src/Illuminate/Pipeline/Pipeline.php(180): Illuminate\\Foundation\\Http\\Middleware\\ValidatePostSize->handle()
#61 /home/thanyk14/Desktop/btlweb/rootAPI - Copy/rootAPI - Copy/vendor/laravel/framework/src/Illuminate/Foundation/Http/Middleware/PreventRequestsDuringMaintenance.php(99): Illuminate\\Pipeline\\Pipeline->Illuminate\\Pipeline\\{closure}()
#62 /home/thanyk14/Desktop/btlweb/rootAPI - Copy/rootAPI - Copy/vendor/laravel/framework/src/Illuminate/Pipeline/Pipeline.php(180): Illuminate\\Foundation\\Http\\Middleware\\PreventRequestsDuringMaintenance->handle()
#63 /home/thanyk14/Desktop/btlweb/rootAPI - Copy/rootAPI - Copy/vendor/laravel/framework/src/Illuminate/Http/Middleware/HandleCors.php(62): Illuminate\\Pipeline\\Pipeline->Illuminate\\Pipeline\\{closure}()
#64 /home/thanyk14/Desktop/btlweb/rootAPI - Copy/rootAPI - Copy/vendor/laravel/framework/src/Illuminate/Pipeline/Pipeline.php(180): Illuminate\\Http\\Middleware\\HandleCors->handle()
#65 /home/thanyk14/Desktop/btlweb/rootAPI - Copy/rootAPI - Copy/vendor/laravel/framework/src/Illuminate/Http/Middleware/TrustProxies.php(39): Illuminate\\Pipeline\\Pipeline->Illuminate\\Pipeline\\{closure}()
#66 /home/thanyk14/Desktop/btlweb/rootAPI - Copy/rootAPI - Copy/vendor/laravel/framework/src/Illuminate/Pipeline/Pipeline.php(180): Illuminate\\Http\\Middleware\\TrustProxies->handle()
#67 /home/thanyk14/Desktop/btlweb/rootAPI - Copy/rootAPI - Copy/vendor/laravel/framework/src/Illuminate/Pipeline/Pipeline.php(116): Illuminate\\Pipeline\\Pipeline->Illuminate\\Pipeline\\{closure}()
#68 /home/thanyk14/Desktop/btlweb/rootAPI - Copy/rootAPI - Copy/vendor/laravel/framework/src/Illuminate/Foundation/Http/Kernel.php(175): Illuminate\\Pipeline\\Pipeline->then()
#69 /home/thanyk14/Desktop/btlweb/rootAPI - Copy/rootAPI - Copy/vendor/laravel/framework/src/Illuminate/Foundation/Http/Kernel.php(144): Illuminate\\Foundation\\Http\\Kernel->sendRequestThroughRouter()
#70 /home/thanyk14/Desktop/btlweb/rootAPI - Copy/rootAPI - Copy/public/index.php(52): Illuminate\\Foundation\\Http\\Kernel->handle()
#71 /home/thanyk14/Desktop/btlweb/rootAPI - Copy/rootAPI - Copy/vendor/laravel/framework/src/Illuminate/Foundation/resources/server.php(16): require_once('...')
#72 {main}

[previous exception] [object] (PDOException(code: 23000): SQLSTATE[23000]: Integrity constraint violation: 1048 Column 'name' cannot be null at /home/thanyk14/Desktop/btlweb/rootAPI - Copy/rootAPI - Copy/vendor/laravel/framework/src/Illuminate/Database/Connection.php:580)
[stacktrace]
#0 /home/thanyk14/Desktop/btlweb/rootAPI - Copy/rootAPI - Copy/vendor/laravel/framework/src/Illuminate/Database/Connection.php(580): PDOStatement->execute()
#1 /home/thanyk14/Desktop/btlweb/rootAPI - Copy/rootAPI - Copy/vendor/laravel/framework/src/Illuminate/Database/Connection.php(809): Illuminate\\Database\\Connection->Illuminate\\Database\\{closure}()
#2 /home/thanyk14/Desktop/btlweb/rootAPI - Copy/rootAPI - Copy/vendor/laravel/framework/src/Illuminate/Database/Connection.php(776): Illuminate\\Database\\Connection->runQueryCallback()
#3 /home/thanyk14/Desktop/btlweb/rootAPI - Copy/rootAPI - Copy/vendor/laravel/framework/src/Illuminate/Database/Connection.php(581): Illuminate\\Database\\Connection->run()
#4 /home/thanyk14/Desktop/btlweb/rootAPI - Copy/rootAPI - Copy/vendor/laravel/framework/src/Illuminate/Database/Connection.php(533): Illuminate\\Database\\Connection->statement()
#5 /home/thanyk14/Desktop/btlweb/rootAPI - Copy/rootAPI - Copy/vendor/laravel/framework/src/Illuminate/Database/Query/Processors/Processor.php(32): Illuminate\\Database\\Connection->insert()
#6 /home/thanyk14/Desktop/btlweb/rootAPI - Copy/rootAPI - Copy/vendor/laravel/framework/src/Illuminate/Database/Query/Builder.php(3387): Illuminate\\Database\\Query\\Processors\\Processor->processInsertGetId()
#7 /home/thanyk14/Desktop/btlweb/rootAPI - Copy/rootAPI - Copy/vendor/laravel/framework/src/Illuminate/Database/Eloquent/Builder.php(1968): Illuminate\\Database\\Query\\Builder->insertGetId()
#8 /home/thanyk14/Desktop/btlweb/rootAPI - Copy/rootAPI - Copy/vendor/laravel/framework/src/Illuminate/Database/Eloquent/Model.php(1333): Illuminate\\Database\\Eloquent\\Builder->__call()
#9 /home/thanyk14/Desktop/btlweb/rootAPI - Copy/rootAPI - Copy/vendor/laravel/framework/src/Illuminate/Database/Eloquent/Model.php(1298): Illuminate\\Database\\Eloquent\\Model->insertAndSetId()
#10 /home/thanyk14/Desktop/btlweb/rootAPI - Copy/rootAPI - Copy/vendor/laravel/framework/src/Illuminate/Database/Eloquent/Model.php(1137): Illuminate\\Database\\Eloquent\\Model->performInsert()
#11 /home/thanyk14/Desktop/btlweb/rootAPI - Copy/rootAPI - Copy/vendor/laravel/framework/src/Illuminate/Database/Eloquent/Builder.php(1023): Illuminate\\Database\\Eloquent\\Model->save()
#12 /home/thanyk14/Desktop/btlweb/rootAPI - Copy/rootAPI - Copy/vendor/laravel/framework/src/Illuminate/Support/helpers.php(307): Illuminate\\Database\\Eloquent\\Builder->Illuminate\\Database\\Eloquent\\{closure}()
#13 /home/thanyk14/Desktop/btlweb/rootAPI - Copy/rootAPI - Copy/vendor/laravel/framework/src/Illuminate/Database/Eloquent/Builder.php(1024): tap()
#14 /home/thanyk14/Desktop/btlweb/rootAPI - Copy/rootAPI - Copy/vendor/laravel/framework/src/Illuminate/Support/Traits/ForwardsCalls.php(23): Illuminate\\Database\\Eloquent\\Builder->create()
#15 /home/thanyk14/Desktop/btlweb/rootAPI - Copy/rootAPI - Copy/vendor/laravel/framework/src/Illuminate/Database/Eloquent/Model.php(2334): Illuminate\\Database\\Eloquent\\Model->forwardCallTo()
#16 /home/thanyk14/Desktop/btlweb/rootAPI - Copy/rootAPI - Copy/vendor/laravel/framework/src/Illuminate/Database/Eloquent/Model.php(2346): Illuminate\\Database\\Eloquent\\Model->__call()
#17 /home/thanyk14/Desktop/btlweb/rootAPI - Copy/rootAPI - Copy/app/Http/Controllers/AggregationPointController.php(40): Illuminate\\Database\\Eloquent\\Model::__callStatic()
#18 /home/thanyk14/Desktop/btlweb/rootAPI - Copy/rootAPI - Copy/vendor/laravel/framework/src/Illuminate/Routing/Controller.php(54): App\\Http\\Controllers\\AggregationPointController->store()
#19 /home/thanyk14/Desktop/btlweb/rootAPI - Copy/rootAPI - Copy/vendor/laravel/framework/src/Illuminate/Routing/ControllerDispatcher.php(43): Illuminate\\Routing\\Controller->callAction()
#20 /home/thanyk14/Desktop/btlweb/rootAPI - Copy/rootAPI - Copy/vendor/laravel/framework/src/Illuminate/Routing/Route.php(260): Illuminate\\Routing\\ControllerDispatcher->dispatch()
#21 /home/thanyk14/Desktop/btlweb/rootAPI - Copy/rootAPI - Copy/vendor/laravel/framework/src/Illuminate/Routing/Route.php(205): Illuminate\\Routing\\Route->runController()
#22 /home/thanyk14/Desktop/btlweb/rootAPI - Copy/rootAPI - Copy/vendor/laravel/framework/src/Illuminate/Routing/Router.php(799): Illuminate\\Routing\\Route->run()
#23 /home/thanyk14/Desktop/btlweb/rootAPI - Copy/rootAPI - Copy/vendor/laravel/framework/src/Illuminate/Pipeline/Pipeline.php(141): Illuminate\\Routing\\Router->Illuminate\\Routing\\{closure}()
#24 /home/thanyk14/Desktop/btlweb/rootAPI - Copy/rootAPI - Copy/app/Http/Middleware/CheckUserRole.php(25): Illuminate\\Pipeline\\Pipeline->Illuminate\\Pipeline\\{closure}()
#25 /home/thanyk14/Desktop/btlweb/rootAPI - Copy/rootAPI - Copy/vendor/laravel/framework/src/Illuminate/Pipeline/Pipeline.php(180): App\\Http\\Middleware\\CheckUserRole->handle()
#26 /home/thanyk14/Desktop/btlweb/rootAPI - Copy/rootAPI - Copy/app/Http/Middleware/LogApiRequests.php(15): Illuminate\\Pipeline\\Pipeline->Illuminate\\Pipeline\\{closure}()
#27 /home/thanyk14/Desktop/btlweb/rootAPI - Copy/rootAPI - Copy/vendor/laravel/framework/src/Illuminate/Pipeline/Pipeline.php(180): App\\Http\\Middleware\\LogApiRequests->handle()
#28 /home/thanyk14/Desktop/btlweb/rootAPI - Copy/rootAPI - Copy/vendor/laravel/framework/src/Illuminate/Foundation/Http/Middleware/VerifyCsrfToken.php(78): Illuminate\\Pipeline\\Pipeline->Illuminate\\Pipeline\\{closure}()
#29 /home/thanyk14/Desktop/btlweb/rootAPI - Copy/rootAPI - Copy/vendor/laravel/framework/src/Illuminate/Pipeline/Pipeline.php(180): Illuminate\\Foundation\\Http\\Middleware\\VerifyCsrfToken->handle()
#30 /home/thanyk14/Desktop/btlweb/rootAPI - Copy/rootAPI - Copy/vendor/laravel/framework/src/Illuminate/Routing/Middleware/SubstituteBindings.php(50): Illuminate\\Pipeline\\Pipeline->Illuminate\\Pipeline\\{closure}()
#31 /home/thanyk14/Desktop/btlweb/rootAPI - Copy/rootAPI - Copy/vendor/laravel/framework/src/Illuminate/Pipeline/Pipeline.php(180): Illuminate\\Routing\\Middleware\\SubstituteBindings->handle()
#32 /home/thanyk14/Desktop/btlweb/rootAPI - Copy/rootAPI - Copy/vendor/laravel/framework/src/Illuminate/Routing/Middleware/ThrottleRequests.php(159): Illuminate\\Pipeline\\Pipeline->Illuminate\\Pipeline\\{closure}()
#33 /home/thanyk14/Desktop/btlweb/rootAPI - Copy/rootAPI - Copy/vendor/laravel/framework/src/Illuminate/Routing/Middleware/ThrottleRequests.php(135): Illuminate\\Routing\\Middleware\\ThrottleRequests->handleRequest()
#34 /home/thanyk14/Desktop/btlweb/rootAPI - Copy/rootAPI - Copy/vendor/laravel/framework/src/Illuminate/Routing/Middleware/ThrottleRequests.php(87): Illuminate\\Routing\\Middleware\\ThrottleRequests->handleRequestUsingNamedLimiter()
#35 /home/thanyk14/Desktop/btlweb/rootAPI - Copy/rootAPI - Copy/vendor/laravel/framework/src/Illuminate/Pipeline/Pipeline.php(180): Illuminate\\Routing\\Middleware\\ThrottleRequests->handle()
#36 /home/thanyk14/Desktop/btlweb/rootAPI - Copy/rootAPI - Copy/vendor/laravel/framework/src/Illuminate/Auth/Middleware/Authenticate.php(57): Illuminate\\Pipeline\\Pipeline->Illuminate\\Pipeline\\{closure}()
#37 /home/thanyk14/Desktop/btlweb/rootAPI - Copy/rootAPI - Copy/vendor/laravel/framework/src/Illuminate/Pipeline/Pipeline.php(180): Illuminate\\Auth\\Middleware\\Authenticate->handle()
#38 /home/thanyk14/Desktop/btlweb/rootAPI - Copy/rootAPI - Copy/vendor/laravel/framework/src/Illuminate/View/Middleware/ShareErrorsFromSession.php(49): Illuminate\\Pipeline\\Pipeline->Illuminate\\Pipeline\\{closure}()
#39 /home/thanyk14/Desktop/btlweb/rootAPI - Copy/rootAPI - Copy/vendor/laravel/framework/src/Illuminate/Pipeline/Pipeline.php(180): Illuminate\\View\\Middleware\\ShareErrorsFromSession->handle()
#40 /home/thanyk14/Desktop/btlweb/rootAPI - Copy/rootAPI - Copy/vendor/laravel/framework/src/Illuminate/Session/Middleware/StartSession.php(121): Illuminate\\Pipeline\\Pipeline->Illuminate\\Pipeline\\{closure}()
#41 /home/thanyk14/Desktop/btlweb/rootAPI - Copy/rootAPI - Copy/vendor/laravel/framework/src/Illuminate/Session/Middleware/StartSession.php(64): Illuminate\\Session\\Middleware\\StartSession->handleStatefulRequest()
#42 /home/thanyk14/Desktop/btlweb/rootAPI - Copy/rootAPI - Copy/vendor/laravel/framework/src/Illuminate/Pipeline/Pipeline.php(180): Illuminate\\Session\\Middleware\\StartSession->handle()
#43 /home/thanyk14/Desktop/btlweb/rootAPI - Copy/rootAPI - Copy/vendor/laravel/sanctum/src/Http/Middleware/EnsureFrontendRequestsAreStateful.php(25): Illuminate\\Pipeline\\Pipeline->Illuminate\\Pipeline\\{closure}()
#44 /home/thanyk14/Desktop/btlweb/rootAPI - Copy/rootAPI - Copy/vendor/laravel/framework/src/Illuminate/Pipeline/Pipeline.php(141): Laravel\\Sanctum\\Http\\Middleware\\EnsureFrontendRequestsAreStateful->Laravel\\Sanctum\\Http\\Middleware\\{closure}()
#45 /home/thanyk14/Desktop/btlweb/rootAPI - Copy/rootAPI - Copy/vendor/laravel/framework/src/Illuminate/Pipeline/Pipeline.php(116): Illuminate\\Pipeline\\Pipeline->Illuminate\\Pipeline\\{closure}()
#46 /home/thanyk14/Desktop/btlweb/rootAPI - Copy/rootAPI - Copy/vendor/laravel/sanctum/src/Http/Middleware/EnsureFrontendRequestsAreStateful.php(26): Illuminate\\Pipeline\\Pipeline->then()
#47 /home/thanyk14/Desktop/btlweb/rootAPI - Copy/rootAPI - Copy/vendor/laravel/framework/src/Illuminate/Pipeline/Pipeline.php(180): Laravel\\Sanctum\\Http\\Middleware\\EnsureFrontendRequestsAreStateful->handle()
#48 /home/thanyk14/Desktop/btlweb/rootAPI - Copy/rootAPI - Copy/vendor/laravel/framework/src/Illuminate/Pipeline/Pipeline.php(116): Illuminate\\Pipeline\\Pipeline->Illuminate\\Pipeline\\{closure}()
#49 /home/thanyk14/Desktop/btlweb/rootAPI - Copy/rootAPI - Copy/vendor/laravel/framework/src/Illuminate/Routing/Router.php(800): Illuminate\\Pipeline\\Pipeline->then()
#50 /home/thanyk14/Desktop/btlweb/rootAPI - Copy/rootAPI - Copy/vendor/laravel/framework/src/Illuminate/Routing/Router.php(777): Illuminate\\Routing\\Router->runRouteWithinStack()
#51 /home/thanyk14/Desktop/btlweb/rootAPI - Copy/rootAPI - Copy/vendor/laravel/framework/src/Illuminate/Routing/Router.php(741): Illuminate\\Routing\\Router->runRoute()
#52 /home/thanyk14/Desktop/btlweb/rootAPI - Copy/rootAPI - Copy/vendor/laravel/framework/src/Illuminate/Routing/Router.php(730): Illuminate\\Routing\\Router->dispatchToRoute()
#53 /home/thanyk14/Desktop/btlweb/rootAPI - Copy/rootAPI - Copy/vendor/laravel/framework/src/Illuminate/Foundation/Http/Kernel.php(200): Illuminate\\Routing\\Router->dispatch()
#54 /home/thanyk14/Desktop/btlweb/rootAPI - Copy/rootAPI - Copy/vendor/laravel/framework/src/Illuminate/Pipeline/Pipeline.php(141): Illuminate\\Foundation\\Http\\Kernel->Illuminate\\Foundation\\Http\\{closure}()
#55 /home/thanyk14/Desktop/btlweb/rootAPI - Copy/rootAPI - Copy/vendor/laravel/framework/src/Illuminate/Foundation/Http/Middleware/TransformsRequest.php(21): Illuminate\\Pipeline\\Pipeline->Illuminate\\Pipeline\\{closure}()
#56 /home/thanyk14/Desktop/btlweb/rootAPI - Copy/rootAPI - Copy/vendor/laravel/framework/src/Illuminate/Foundation/Http/Middleware/ConvertEmptyStringsToNull.php(31): Illuminate\\Foundation\\Http\\Middleware\\TransformsRequest->handle()
#57 /home/thanyk14/Desktop/btlweb/rootAPI - Copy/rootAPI - Copy/vendor/laravel/framework/src/Illuminate/Pipeline/Pipeline.php(180): Illuminate\\Foundation\\Http\\Middleware\\ConvertEmptyStringsToNull->handle()
#58 /home/thanyk14/Desktop/btlweb/rootAPI - Copy/rootAPI - Copy/vendor/laravel/framework/src/Illuminate/Foundation/Http/Middleware/TransformsRequest.php(21): Illuminate\\Pipeline\\Pipeline->Illuminate\\Pipeline\\{closure}()
#59 /home/thanyk14/Desktop/btlweb/rootAPI - Copy/rootAPI - Copy/vendor/laravel/framework/src/Illuminate/Foundation/Http/Middleware/TrimStrings.php(40): Illuminate\\Foundation\\Http\\Middleware\\TransformsRequest->handle()
#60 /home/thanyk14/Desktop/btlweb/rootAPI - Copy/rootAPI - Copy/vendor/laravel/framework/src/Illuminate/Pipeline/Pipeline.php(180): Illuminate\\Foundation\\Http\\Middleware\\TrimStrings->handle()
#61 /home/thanyk14/Desktop/btlweb/rootAPI - Copy/rootAPI - Copy/vendor/laravel/framework/src/Illuminate/Foundation/Http/Middleware/ValidatePostSize.php(27): Illuminate\\Pipeline\\Pipeline->Illuminate\\Pipeline\\{closure}()
#62 /home/thanyk14/Desktop/btlweb/rootAPI - Copy/rootAPI - Copy/vendor/laravel/framework/src/Illuminate/Pipeline/Pipeline.php(180): Illuminate\\Foundation\\Http\\Middleware\\ValidatePostSize->handle()
#63 /home/thanyk14/Desktop/btlweb/rootAPI - Copy/rootAPI - Copy/vendor/laravel/framework/src/Illuminate/Foundation/Http/Middleware/PreventRequestsDuringMaintenance.php(99): Illuminate\\Pipeline\\Pipeline->Illuminate\\Pipeline\\{closure}()
#64 /home/thanyk14/Desktop/btlweb/rootAPI - Copy/rootAPI - Copy/vendor/laravel/framework/src/Illuminate/Pipeline/Pipeline.php(180): Illuminate\\Foundation\\Http\\Middleware\\PreventRequestsDuringMaintenance->handle()
#65 /home/thanyk14/Desktop/btlweb/rootAPI - Copy/rootAPI - Copy/vendor/laravel/framework/src/Illuminate/Http/Middleware/HandleCors.php(62): Illuminate\\Pipeline\\Pipeline->Illuminate\\Pipeline\\{closure}()
#66 /home/thanyk14/Desktop/btlweb/rootAPI - Copy/rootAPI - Copy/vendor/laravel/framework/src/Illuminate/Pipeline/Pipeline.php(180): Illuminate\\Http\\Middleware\\HandleCors->handle()
#67 /home/thanyk14/Desktop/btlweb/rootAPI - Copy/rootAPI - Copy/vendor/laravel/framework/src/Illuminate/Http/Middleware/TrustProxies.php(39): Illuminate\\Pipeline\\Pipeline->Illuminate\\Pipeline\\{closure}()
#68 /home/thanyk14/Desktop/btlweb/rootAPI - Copy/rootAPI - Copy/vendor/laravel/framework/src/Illuminate/Pipeline/Pipeline.php(180): Illuminate\\Http\\Middleware\\TrustProxies->handle()
#69 /home/thanyk14/Desktop/btlweb/rootAPI - Copy/rootAPI - Copy/vendor/laravel/framework/src/Illuminate/Pipeline/Pipeline.php(116): Illuminate\\Pipeline\\Pipeline->Illuminate\\Pipeline\\{closure}()
#70 /home/thanyk14/Desktop/btlweb/rootAPI - Copy/rootAPI - Copy/vendor/laravel/framework/src/Illuminate/Foundation/Http/Kernel.php(175): Illuminate\\Pipeline\\Pipeline->then()
#71 /home/thanyk14/Desktop/btlweb/rootAPI - Copy/rootAPI - Copy/vendor/laravel/framework/src/Illuminate/Foundation/Http/Kernel.php(144): Illuminate\\Foundation\\Http\\Kernel->sendRequestThroughRouter()
#72 /home/thanyk14/Desktop/btlweb/rootAPI - Copy/rootAPI - Copy/public/index.php(52): Illuminate\\Foundation\\Http\\Kernel->handle()
#73 /home/thanyk14/Desktop/btlweb/rootAPI - Copy/rootAPI - Copy/vendor/laravel/framework/src/Illuminate/Foundation/resources/server.php(16): require_once('...')
#74 {main}
"} 
[2023-11-23 17:22:55] local.INFO: 2023-11-23 17:22:55 POST:"http://127.0.0.1:8000/api/aggregationPoint" - Execution Time: 166.00918769836ms  
[2023-11-23 17:23:19] local.INFO: 2023-11-23 17:23:19 POST:"http://127.0.0.1:8000/api/aggregationPoint" - Execution Time: 11.809825897217ms  
[2023-11-23 17:23:28] local.INFO: 2023-11-23 17:23:28 POST:"http://127.0.0.1:8000/api/aggregationHead" - Execution Time: 320.07384300232ms  
[2023-11-23 17:23:33] local.INFO: 2023-11-23 17:23:33 POST:"http://127.0.0.1:8000/api/transactionPoint" - Execution Time: 11.523008346558ms  
[2023-11-23 17:23:37] local.INFO: 2023-11-23 17:23:37 POST:"http://127.0.0.1:8000/api/transactionHead" - Execution Time: 331.23397827148ms  
