[2023-11-27 02:04:37] local.INFO: 2023-11-27 02:04:37 POST:"http://127.0.0.1:8000/api/login" - Execution Time: 377.70009040833ms  
[2023-11-27 02:04:44] local.INFO: 2023-11-27 02:04:44 POST:"http://127.0.0.1:8000/api/aggregationPoint" - Execution Time: 2.7279853820801ms  
[2023-11-27 02:05:29] local.INFO: 2023-11-27 02:05:29 POST:"http://127.0.0.1:8000/api/aggregationPoint" - Execution Time: 0.63991546630859ms  
[2023-11-27 02:05:31] local.INFO: 2023-11-27 02:05:31 POST:"http://127.0.0.1:8000/api/aggregationPoint" - Execution Time: 0.45490264892578ms  
[2023-11-27 02:06:10] local.INFO: 2023-11-27 02:06:10 GET:"http://127.0.0.1:8000/api/aggregationPoint" - Execution Time: 0.72789192199707ms  
[2023-11-27 02:09:04] local.ERROR: Call to undefined function App\Http\Middleware\getUserType() {"userId":4,"exception":"[object] (Error(code: 0): Call to undefined function App\\Http\\Middleware\\getUserType() at /home/thanyk14/Desktop/btlweb/rootAPI - Copy/rootAPI - Copy/app/Http/Middleware/CheckUserRole.php:20)
[stacktrace]
#0 /home/thanyk14/Desktop/btlweb/rootAPI - Copy/rootAPI - Copy/vendor/laravel/framework/src/Illuminate/Pipeline/Pipeline.php(180): App\\Http\\Middleware\\CheckUserRole->handle()
#1 /home/thanyk14/Desktop/btlweb/rootAPI - Copy/rootAPI - Copy/app/Http/Middleware/LogApiRequests.php(15): Illuminate\\Pipeline\\Pipeline->Illuminate\\Pipeline\\{closure}()
#2 /home/thanyk14/Desktop/btlweb/rootAPI - Copy/rootAPI - Copy/vendor/laravel/framework/src/Illuminate/Pipeline/Pipeline.php(180): App\\Http\\Middleware\\LogApiRequests->handle()
#3 /home/thanyk14/Desktop/btlweb/rootAPI - Copy/rootAPI - Copy/vendor/laravel/framework/src/Illuminate/Foundation/Http/Middleware/VerifyCsrfToken.php(78): Illuminate\\Pipeline\\Pipeline->Illuminate\\Pipeline\\{closure}()
#4 /home/thanyk14/Desktop/btlweb/rootAPI - Copy/rootAPI - Copy/vendor/laravel/framework/src/Illuminate/Pipeline/Pipeline.php(180): Illuminate\\Foundation\\Http\\Middleware\\VerifyCsrfToken->handle()
#5 /home/thanyk14/Desktop/btlweb/rootAPI - Copy/rootAPI - Copy/vendor/laravel/framework/src/Illuminate/Routing/Middleware/SubstituteBindings.php(50): Illuminate\\Pipeline\\Pipeline->Illuminate\\Pipeline\\{closure}()
#6 /home/thanyk14/Desktop/btlweb/rootAPI - Copy/rootAPI - Copy/vendor/laravel/framework/src/Illuminate/Pipeline/Pipeline.php(180): Illuminate\\Routing\\Middleware\\SubstituteBindings->handle()
#7 /home/thanyk14/Desktop/btlweb/rootAPI - Copy/rootAPI - Copy/vendor/laravel/framework/src/Illuminate/Routing/Middleware/ThrottleRequests.php(159): Illuminate\\Pipeline\\Pipeline->Illuminate\\Pipeline\\{closure}()
#8 /home/thanyk14/Desktop/btlweb/rootAPI - Copy/rootAPI - Copy/vendor/laravel/framework/src/Illuminate/Routing/Middleware/ThrottleRequests.php(135): Illuminate\\Routing\\Middleware\\ThrottleRequests->handleRequest()
#9 /home/thanyk14/Desktop/btlweb/rootAPI - Copy/rootAPI - Copy/vendor/laravel/framework/src/Illuminate/Routing/Middleware/ThrottleRequests.php(87): Illuminate\\Routing\\Middleware\\ThrottleRequests->handleRequestUsingNamedLimiter()
#10 /home/thanyk14/Desktop/btlweb/rootAPI - Copy/rootAPI - Copy/vendor/laravel/framework/src/Illuminate/Pipeline/Pipeline.php(180): Illuminate\\Routing\\Middleware\\ThrottleRequests->handle()
#11 /home/thanyk14/Desktop/btlweb/rootAPI - Copy/rootAPI - Copy/vendor/laravel/framework/src/Illuminate/Auth/Middleware/Authenticate.php(57): Illuminate\\Pipeline\\Pipeline->Illuminate\\Pipeline\\{closure}()
#12 /home/thanyk14/Desktop/btlweb/rootAPI - Copy/rootAPI - Copy/vendor/laravel/framework/src/Illuminate/Pipeline/Pipeline.php(180): Illuminate\\Auth\\Middleware\\Authenticate->handle()
#13 /home/thanyk14/Desktop/btlweb/rootAPI - Copy/rootAPI - Copy/vendor/laravel/framework/src/Illuminate/View/Middleware/ShareErrorsFromSession.php(49): Illuminate\\Pipeline\\Pipeline->Illuminate\\Pipeline\\{closure}()
#14 /home/thanyk14/Desktop/btlweb/rootAPI - Copy/rootAPI - Copy/vendor/laravel/framework/src/Illuminate/Pipeline/Pipeline.php(180): Illuminate\\View\\Middleware\\ShareErrorsFromSession->handle()
#15 /home/thanyk14/Desktop/btlweb/rootAPI - Copy/rootAPI - Copy/vendor/laravel/framework/src/Illuminate/Session/Middleware/StartSession.php(121): Illuminate\\Pipeline\\Pipeline->Illuminate\\Pipeline\\{closure}()
#16 /home/thanyk14/Desktop/btlweb/rootAPI - Copy/rootAPI - Copy/vendor/laravel/framework/src/Illuminate/Session/Middleware/StartSession.php(64): Illuminate\\Session\\Middleware\\StartSession->handleStatefulRequest()
#17 /home/thanyk14/Desktop/btlweb/rootAPI - Copy/rootAPI - Copy/vendor/laravel/framework/src/Illuminate/Pipeline/Pipeline.php(180): Illuminate\\Session\\Middleware\\StartSession->handle()
#18 /home/thanyk14/Desktop/btlweb/rootAPI - Copy/rootAPI - Copy/vendor/laravel/sanctum/src/Http/Middleware/EnsureFrontendRequestsAreStateful.php(25): Illuminate\\Pipeline\\Pipeline->Illuminate\\Pipeline\\{closure}()
#19 /home/thanyk14/Desktop/btlweb/rootAPI - Copy/rootAPI - Copy/vendor/laravel/framework/src/Illuminate/Pipeline/Pipeline.php(141): Laravel\\Sanctum\\Http\\Middleware\\EnsureFrontendRequestsAreStateful->Laravel\\Sanctum\\Http\\Middleware\\{closure}()
#20 /home/thanyk14/Desktop/btlweb/rootAPI - Copy/rootAPI - Copy/vendor/laravel/framework/src/Illuminate/Pipeline/Pipeline.php(116): Illuminate\\Pipeline\\Pipeline->Illuminate\\Pipeline\\{closure}()
#21 /home/thanyk14/Desktop/btlweb/rootAPI - Copy/rootAPI - Copy/vendor/laravel/sanctum/src/Http/Middleware/EnsureFrontendRequestsAreStateful.php(26): Illuminate\\Pipeline\\Pipeline->then()
#22 /home/thanyk14/Desktop/btlweb/rootAPI - Copy/rootAPI - Copy/vendor/laravel/framework/src/Illuminate/Pipeline/Pipeline.php(180): Laravel\\Sanctum\\Http\\Middleware\\EnsureFrontendRequestsAreStateful->handle()
#23 /home/thanyk14/Desktop/btlweb/rootAPI - Copy/rootAPI - Copy/vendor/laravel/framework/src/Illuminate/Pipeline/Pipeline.php(116): Illuminate\\Pipeline\\Pipeline->Illuminate\\Pipeline\\{closure}()
#24 /home/thanyk14/Desktop/btlweb/rootAPI - Copy/rootAPI - Copy/vendor/laravel/framework/src/Illuminate/Routing/Router.php(800): Illuminate\\Pipeline\\Pipeline->then()
#25 /home/thanyk14/Desktop/btlweb/rootAPI - Copy/rootAPI - Copy/vendor/laravel/framework/src/Illuminate/Routing/Router.php(777): Illuminate\\Routing\\Router->runRouteWithinStack()
#26 /home/thanyk14/Desktop/btlweb/rootAPI - Copy/rootAPI - Copy/vendor/laravel/framework/src/Illuminate/Routing/Router.php(741): Illuminate\\Routing\\Router->runRoute()
#27 /home/thanyk14/Desktop/btlweb/rootAPI - Copy/rootAPI - Copy/vendor/laravel/framework/src/Illuminate/Routing/Router.php(730): Illuminate\\Routing\\Router->dispatchToRoute()
#28 /home/thanyk14/Desktop/btlweb/rootAPI - Copy/rootAPI - Copy/vendor/laravel/framework/src/Illuminate/Foundation/Http/Kernel.php(200): Illuminate\\Routing\\Router->dispatch()
#29 /home/thanyk14/Desktop/btlweb/rootAPI - Copy/rootAPI - Copy/vendor/laravel/framework/src/Illuminate/Pipeline/Pipeline.php(141): Illuminate\\Foundation\\Http\\Kernel->Illuminate\\Foundation\\Http\\{closure}()
#30 /home/thanyk14/Desktop/btlweb/rootAPI - Copy/rootAPI - Copy/vendor/laravel/framework/src/Illuminate/Foundation/Http/Middleware/TransformsRequest.php(21): Illuminate\\Pipeline\\Pipeline->Illuminate\\Pipeline\\{closure}()
#31 /home/thanyk14/Desktop/btlweb/rootAPI - Copy/rootAPI - Copy/vendor/laravel/framework/src/Illuminate/Foundation/Http/Middleware/ConvertEmptyStringsToNull.php(31): Illuminate\\Foundation\\Http\\Middleware\\TransformsRequest->handle()
#32 /home/thanyk14/Desktop/btlweb/rootAPI - Copy/rootAPI - Copy/vendor/laravel/framework/src/Illuminate/Pipeline/Pipeline.php(180): Illuminate\\Foundation\\Http\\Middleware\\ConvertEmptyStringsToNull->handle()
#33 /home/thanyk14/Desktop/btlweb/rootAPI - Copy/rootAPI - Copy/vendor/laravel/framework/src/Illuminate/Foundation/Http/Middleware/TransformsRequest.php(21): Illuminate\\Pipeline\\Pipeline->Illuminate\\Pipeline\\{closure}()
#34 /home/thanyk14/Desktop/btlweb/rootAPI - Copy/rootAPI - Copy/vendor/laravel/framework/src/Illuminate/Foundation/Http/Middleware/TrimStrings.php(40): Illuminate\\Foundation\\Http\\Middleware\\TransformsRequest->handle()
#35 /home/thanyk14/Desktop/btlweb/rootAPI - Copy/rootAPI - Copy/vendor/laravel/framework/src/Illuminate/Pipeline/Pipeline.php(180): Illuminate\\Foundation\\Http\\Middleware\\TrimStrings->handle()
#36 /home/thanyk14/Desktop/btlweb/rootAPI - Copy/rootAPI - Copy/vendor/laravel/framework/src/Illuminate/Foundation/Http/Middleware/ValidatePostSize.php(27): Illuminate\\Pipeline\\Pipeline->Illuminate\\Pipeline\\{closure}()
#37 /home/thanyk14/Desktop/btlweb/rootAPI - Copy/rootAPI - Copy/vendor/laravel/framework/src/Illuminate/Pipeline/Pipeline.php(180): Illuminate\\Foundation\\Http\\Middleware\\ValidatePostSize->handle()
#38 /home/thanyk14/Desktop/btlweb/rootAPI - Copy/rootAPI - Copy/vendor/laravel/framework/src/Illuminate/Foundation/Http/Middleware/PreventRequestsDuringMaintenance.php(99): Illuminate\\Pipeline\\Pipeline->Illuminate\\Pipeline\\{closure}()
#39 /home/thanyk14/Desktop/btlweb/rootAPI - Copy/rootAPI - Copy/vendor/laravel/framework/src/Illuminate/Pipeline/Pipeline.php(180): Illuminate\\Foundation\\Http\\Middleware\\PreventRequestsDuringMaintenance->handle()
#40 /home/thanyk14/Desktop/btlweb/rootAPI - Copy/rootAPI - Copy/vendor/laravel/framework/src/Illuminate/Http/Middleware/HandleCors.php(62): Illuminate\\Pipeline\\Pipeline->Illuminate\\Pipeline\\{closure}()
#41 /home/thanyk14/Desktop/btlweb/rootAPI - Copy/rootAPI - Copy/vendor/laravel/framework/src/Illuminate/Pipeline/Pipeline.php(180): Illuminate\\Http\\Middleware\\HandleCors->handle()
#42 /home/thanyk14/Desktop/btlweb/rootAPI - Copy/rootAPI - Copy/vendor/laravel/framework/src/Illuminate/Http/Middleware/TrustProxies.php(39): Illuminate\\Pipeline\\Pipeline->Illuminate\\Pipeline\\{closure}()
#43 /home/thanyk14/Desktop/btlweb/rootAPI - Copy/rootAPI - Copy/vendor/laravel/framework/src/Illuminate/Pipeline/Pipeline.php(180): Illuminate\\Http\\Middleware\\TrustProxies->handle()
#44 /home/thanyk14/Desktop/btlweb/rootAPI - Copy/rootAPI - Copy/vendor/laravel/framework/src/Illuminate/Pipeline/Pipeline.php(116): Illuminate\\Pipeline\\Pipeline->Illuminate\\Pipeline\\{closure}()
#45 /home/thanyk14/Desktop/btlweb/rootAPI - Copy/rootAPI - Copy/vendor/laravel/framework/src/Illuminate/Foundation/Http/Kernel.php(175): Illuminate\\Pipeline\\Pipeline->then()
#46 /home/thanyk14/Desktop/btlweb/rootAPI - Copy/rootAPI - Copy/vendor/laravel/framework/src/Illuminate/Foundation/Http/Kernel.php(144): Illuminate\\Foundation\\Http\\Kernel->sendRequestThroughRouter()
#47 /home/thanyk14/Desktop/btlweb/rootAPI - Copy/rootAPI - Copy/public/index.php(52): Illuminate\\Foundation\\Http\\Kernel->handle()
#48 /home/thanyk14/Desktop/btlweb/rootAPI - Copy/rootAPI - Copy/vendor/laravel/framework/src/Illuminate/Foundation/resources/server.php(16): require_once('...')
#49 {main}
"} 
[2023-11-27 02:09:04] local.INFO: 2023-11-27 02:09:04 GET:"http://127.0.0.1:8000/api/aggregationPoint" - Execution Time: 91.71199798584ms  
[2023-11-27 02:13:31] local.ERROR: Command "sev" is not defined. {"exception":"[object] (Symfony\\Component\\Console\\Exception\\CommandNotFoundException(code: 0): Command \"sev\" is not defined. at /home/thanyk14/Desktop/btlweb/rootAPI - Copy/rootAPI - Copy/vendor/symfony/console/Application.php:725)
[stacktrace]
#0 /home/thanyk14/Desktop/btlweb/rootAPI - Copy/rootAPI - Copy/vendor/symfony/console/Application.php(262): Symfony\\Component\\Console\\Application->find()
#1 /home/thanyk14/Desktop/btlweb/rootAPI - Copy/rootAPI - Copy/vendor/symfony/console/Application.php(174): Symfony\\Component\\Console\\Application->doRun()
#2 /home/thanyk14/Desktop/btlweb/rootAPI - Copy/rootAPI - Copy/vendor/laravel/framework/src/Illuminate/Foundation/Console/Kernel.php(201): Symfony\\Component\\Console\\Application->run()
#3 /home/thanyk14/Desktop/btlweb/rootAPI - Copy/rootAPI - Copy/artisan(37): Illuminate\\Foundation\\Console\\Kernel->handle()
#4 {main}
"} 
[2023-11-27 02:14:27] local.INFO: 2023-11-27 02:14:27 POST:"http://127.0.0.1:8000/api/login" - Execution Time: 10.18214225769ms  
[2023-11-27 02:14:42] local.INFO: 2023-11-27 02:14:42 POST:"http://127.0.0.1:8000/api/logout" - Execution Time: 1.154899597168ms  
[2023-11-27 02:14:45] local.INFO: 2023-11-27 02:14:45 POST:"http://127.0.0.1:8000/api/login" - Execution Time: 355.03911972046ms  
[2023-11-27 02:15:17] local.INFO: 2023-11-27 02:15:17 POST:"http://127.0.0.1:8000/api/aggregationPoint" - Execution Time: 18.74303817749ms  
[2023-11-27 02:15:27] local.INFO: 2023-11-27 02:15:27 POST:"http://127.0.0.1:8000/api/aggregationHead" - Execution Time: 320.40596008301ms  
[2023-11-27 02:15:31] local.INFO: 2023-11-27 02:15:31 POST:"http://127.0.0.1:8000/api/transactionPoint" - Execution Time: 15.722990036011ms  
[2023-11-27 02:15:56] local.INFO: 2023-11-27 02:15:56 POST:"http://127.0.0.1:8000/api/transactionPoint" - Execution Time: 13.293027877808ms  
[2023-11-27 02:16:03] local.INFO: 2023-11-27 02:16:03 POST:"http://127.0.0.1:8000/api/transactionHead" - Execution Time: 318.18199157715ms  
[2023-11-27 02:16:15] local.INFO: 2023-11-27 02:16:15 POST:"http://127.0.0.1:8000/api/transactionHead" - Execution Time: 321.25186920166ms  
[2023-11-27 02:17:08] local.INFO: 2023-11-27 02:17:08 POST:"http://127.0.0.1:8000/api/aggregationHead" - Execution Time: 324.66602325439ms  
[2023-11-27 02:51:28] local.ERROR: SQLSTATE[HY000] [1049] Unknown database 'rootApiWebCopy1' (Connection: mysql, SQL: select * from information_schema.tables where table_schema = rootApiWebCopy1 and table_name = migrations and table_type = 'BASE TABLE') {"exception":"[object] (Illuminate\\Database\\QueryException(code: 1049): SQLSTATE[HY000] [1049] Unknown database 'rootApiWebCopy1' (Connection: mysql, SQL: select * from information_schema.tables where table_schema = rootApiWebCopy1 and table_name = migrations and table_type = 'BASE TABLE') at /home/thanyk14/Desktop/btlweb/rootAPI - Copy/rootAPI - Copy/vendor/laravel/framework/src/Illuminate/Database/Connection.php:822)
[stacktrace]
#0 /home/thanyk14/Desktop/btlweb/rootAPI - Copy/rootAPI - Copy/vendor/laravel/framework/src/Illuminate/Database/Connection.php(776): Illuminate\\Database\\Connection->runQueryCallback()
#1 /home/thanyk14/Desktop/btlweb/rootAPI - Copy/rootAPI - Copy/vendor/laravel/framework/src/Illuminate/Database/Connection.php(424): Illuminate\\Database\\Connection->run()
#2 /home/thanyk14/Desktop/btlweb/rootAPI - Copy/rootAPI - Copy/vendor/laravel/framework/src/Illuminate/Database/Connection.php(394): Illuminate\\Database\\Connection->select()
#3 /home/thanyk14/Desktop/btlweb/rootAPI - Copy/rootAPI - Copy/vendor/laravel/framework/src/Illuminate/Database/Schema/MySqlBuilder.php(44): Illuminate\\Database\\Connection->selectFromWriteConnection()
#4 /home/thanyk14/Desktop/btlweb/rootAPI - Copy/rootAPI - Copy/vendor/laravel/framework/src/Illuminate/Database/Migrations/DatabaseMigrationRepository.php(184): Illuminate\\Database\\Schema\\MySqlBuilder->hasTable()
#5 /home/thanyk14/Desktop/btlweb/rootAPI - Copy/rootAPI - Copy/vendor/laravel/framework/src/Illuminate/Database/Migrations/Migrator.php(700): Illuminate\\Database\\Migrations\\DatabaseMigrationRepository->repositoryExists()
#6 /home/thanyk14/Desktop/btlweb/rootAPI - Copy/rootAPI - Copy/vendor/laravel/framework/src/Illuminate/Database/Console/Migrations/MigrateCommand.php(140): Illuminate\\Database\\Migrations\\Migrator->repositoryExists()
#7 /home/thanyk14/Desktop/btlweb/rootAPI - Copy/rootAPI - Copy/vendor/laravel/framework/src/Illuminate/Support/helpers.php(248): Illuminate\\Database\\Console\\Migrations\\MigrateCommand->Illuminate\\Database\\Console\\Migrations\\{closure}()
#8 /home/thanyk14/Desktop/btlweb/rootAPI - Copy/rootAPI - Copy/vendor/laravel/framework/src/Illuminate/Database/Console/Migrations/MigrateCommand.php(159): retry()
#9 /home/thanyk14/Desktop/btlweb/rootAPI - Copy/rootAPI - Copy/vendor/laravel/framework/src/Illuminate/Database/Console/Migrations/MigrateCommand.php(116): Illuminate\\Database\\Console\\Migrations\\MigrateCommand->repositoryExists()
#10 /home/thanyk14/Desktop/btlweb/rootAPI - Copy/rootAPI - Copy/vendor/laravel/framework/src/Illuminate/Database/Console/Migrations/MigrateCommand.php(84): Illuminate\\Database\\Console\\Migrations\\MigrateCommand->prepareDatabase()
#11 /home/thanyk14/Desktop/btlweb/rootAPI - Copy/rootAPI - Copy/vendor/laravel/framework/src/Illuminate/Database/Migrations/Migrator.php(633): Illuminate\\Database\\Console\\Migrations\\MigrateCommand->Illuminate\\Database\\Console\\Migrations\\{closure}()
#12 /home/thanyk14/Desktop/btlweb/rootAPI - Copy/rootAPI - Copy/vendor/laravel/framework/src/Illuminate/Database/Console/Migrations/MigrateCommand.php(104): Illuminate\\Database\\Migrations\\Migrator->usingConnection()
#13 /home/thanyk14/Desktop/btlweb/rootAPI - Copy/rootAPI - Copy/vendor/laravel/framework/src/Illuminate/Container/BoundMethod.php(36): Illuminate\\Database\\Console\\Migrations\\MigrateCommand->handle()
#14 /home/thanyk14/Desktop/btlweb/rootAPI - Copy/rootAPI - Copy/vendor/laravel/framework/src/Illuminate/Container/Util.php(41): Illuminate\\Container\\BoundMethod::Illuminate\\Container\\{closure}()
#15 /home/thanyk14/Desktop/btlweb/rootAPI - Copy/rootAPI - Copy/vendor/laravel/framework/src/Illuminate/Container/BoundMethod.php(93): Illuminate\\Container\\Util::unwrapIfClosure()
#16 /home/thanyk14/Desktop/btlweb/rootAPI - Copy/rootAPI - Copy/vendor/laravel/framework/src/Illuminate/Container/BoundMethod.php(37): Illuminate\\Container\\BoundMethod::callBoundMethod()
#17 /home/thanyk14/Desktop/btlweb/rootAPI - Copy/rootAPI - Copy/vendor/laravel/framework/src/Illuminate/Container/Container.php(662): Illuminate\\Container\\BoundMethod::call()
#18 /home/thanyk14/Desktop/btlweb/rootAPI - Copy/rootAPI - Copy/vendor/laravel/framework/src/Illuminate/Console/Command.php(211): Illuminate\\Container\\Container->call()
#19 /home/thanyk14/Desktop/btlweb/rootAPI - Copy/rootAPI - Copy/vendor/symfony/console/Command/Command.php(326): Illuminate\\Console\\Command->execute()
#20 /home/thanyk14/Desktop/btlweb/rootAPI - Copy/rootAPI - Copy/vendor/laravel/framework/src/Illuminate/Console/Command.php(181): Symfony\\Component\\Console\\Command\\Command->run()
#21 /home/thanyk14/Desktop/btlweb/rootAPI - Copy/rootAPI - Copy/vendor/symfony/console/Application.php(1081): Illuminate\\Console\\Command->run()
#22 /home/thanyk14/Desktop/btlweb/rootAPI - Copy/rootAPI - Copy/vendor/symfony/console/Application.php(320): Symfony\\Component\\Console\\Application->doRunCommand()
#23 /home/thanyk14/Desktop/btlweb/rootAPI - Copy/rootAPI - Copy/vendor/symfony/console/Application.php(174): Symfony\\Component\\Console\\Application->doRun()
#24 /home/thanyk14/Desktop/btlweb/rootAPI - Copy/rootAPI - Copy/vendor/laravel/framework/src/Illuminate/Foundation/Console/Kernel.php(201): Symfony\\Component\\Console\\Application->run()
#25 /home/thanyk14/Desktop/btlweb/rootAPI - Copy/rootAPI - Copy/artisan(37): Illuminate\\Foundation\\Console\\Kernel->handle()
#26 {main}

[previous exception] [object] (PDOException(code: 1049): SQLSTATE[HY000] [1049] Unknown database 'rootApiWebCopy1' at /home/thanyk14/Desktop/btlweb/rootAPI - Copy/rootAPI - Copy/vendor/laravel/framework/src/Illuminate/Database/Connectors/Connector.php:65)
[stacktrace]
#0 /home/thanyk14/Desktop/btlweb/rootAPI - Copy/rootAPI - Copy/vendor/laravel/framework/src/Illuminate/Database/Connectors/Connector.php(65): PDO->__construct()
#1 /home/thanyk14/Desktop/btlweb/rootAPI - Copy/rootAPI - Copy/vendor/laravel/framework/src/Illuminate/Database/Connectors/Connector.php(45): Illuminate\\Database\\Connectors\\Connector->createPdoConnection()
#2 /home/thanyk14/Desktop/btlweb/rootAPI - Copy/rootAPI - Copy/vendor/laravel/framework/src/Illuminate/Database/Connectors/MySqlConnector.php(24): Illuminate\\Database\\Connectors\\Connector->createConnection()
#3 /home/thanyk14/Desktop/btlweb/rootAPI - Copy/rootAPI - Copy/vendor/laravel/framework/src/Illuminate/Database/Connectors/ConnectionFactory.php(184): Illuminate\\Database\\Connectors\\MySqlConnector->connect()
#4 [internal function]: Illuminate\\Database\\Connectors\\ConnectionFactory->Illuminate\\Database\\Connectors\\{closure}()
#5 /home/thanyk14/Desktop/btlweb/rootAPI - Copy/rootAPI - Copy/vendor/laravel/framework/src/Illuminate/Database/Connection.php(1319): call_user_func()
#6 /home/thanyk14/Desktop/btlweb/rootAPI - Copy/rootAPI - Copy/vendor/laravel/framework/src/Illuminate/Database/Connection.php(521): Illuminate\\Database\\Connection->getPdo()
#7 /home/thanyk14/Desktop/btlweb/rootAPI - Copy/rootAPI - Copy/vendor/laravel/framework/src/Illuminate/Database/Connection.php(416): Illuminate\\Database\\Connection->getPdoForSelect()
#8 /home/thanyk14/Desktop/btlweb/rootAPI - Copy/rootAPI - Copy/vendor/laravel/framework/src/Illuminate/Database/Connection.php(809): Illuminate\\Database\\Connection->Illuminate\\Database\\{closure}()
#9 /home/thanyk14/Desktop/btlweb/rootAPI - Copy/rootAPI - Copy/vendor/laravel/framework/src/Illuminate/Database/Connection.php(776): Illuminate\\Database\\Connection->runQueryCallback()
#10 /home/thanyk14/Desktop/btlweb/rootAPI - Copy/rootAPI - Copy/vendor/laravel/framework/src/Illuminate/Database/Connection.php(424): Illuminate\\Database\\Connection->run()
#11 /home/thanyk14/Desktop/btlweb/rootAPI - Copy/rootAPI - Copy/vendor/laravel/framework/src/Illuminate/Database/Connection.php(394): Illuminate\\Database\\Connection->select()
#12 /home/thanyk14/Desktop/btlweb/rootAPI - Copy/rootAPI - Copy/vendor/laravel/framework/src/Illuminate/Database/Schema/MySqlBuilder.php(44): Illuminate\\Database\\Connection->selectFromWriteConnection()
#13 /home/thanyk14/Desktop/btlweb/rootAPI - Copy/rootAPI - Copy/vendor/laravel/framework/src/Illuminate/Database/Migrations/DatabaseMigrationRepository.php(184): Illuminate\\Database\\Schema\\MySqlBuilder->hasTable()
#14 /home/thanyk14/Desktop/btlweb/rootAPI - Copy/rootAPI - Copy/vendor/laravel/framework/src/Illuminate/Database/Migrations/Migrator.php(700): Illuminate\\Database\\Migrations\\DatabaseMigrationRepository->repositoryExists()
#15 /home/thanyk14/Desktop/btlweb/rootAPI - Copy/rootAPI - Copy/vendor/laravel/framework/src/Illuminate/Database/Console/Migrations/MigrateCommand.php(140): Illuminate\\Database\\Migrations\\Migrator->repositoryExists()
#16 /home/thanyk14/Desktop/btlweb/rootAPI - Copy/rootAPI - Copy/vendor/laravel/framework/src/Illuminate/Support/helpers.php(248): Illuminate\\Database\\Console\\Migrations\\MigrateCommand->Illuminate\\Database\\Console\\Migrations\\{closure}()
#17 /home/thanyk14/Desktop/btlweb/rootAPI - Copy/rootAPI - Copy/vendor/laravel/framework/src/Illuminate/Database/Console/Migrations/MigrateCommand.php(159): retry()
#18 /home/thanyk14/Desktop/btlweb/rootAPI - Copy/rootAPI - Copy/vendor/laravel/framework/src/Illuminate/Database/Console/Migrations/MigrateCommand.php(116): Illuminate\\Database\\Console\\Migrations\\MigrateCommand->repositoryExists()
#19 /home/thanyk14/Desktop/btlweb/rootAPI - Copy/rootAPI - Copy/vendor/laravel/framework/src/Illuminate/Database/Console/Migrations/MigrateCommand.php(84): Illuminate\\Database\\Console\\Migrations\\MigrateCommand->prepareDatabase()
#20 /home/thanyk14/Desktop/btlweb/rootAPI - Copy/rootAPI - Copy/vendor/laravel/framework/src/Illuminate/Database/Migrations/Migrator.php(633): Illuminate\\Database\\Console\\Migrations\\MigrateCommand->Illuminate\\Database\\Console\\Migrations\\{closure}()
#21 /home/thanyk14/Desktop/btlweb/rootAPI - Copy/rootAPI - Copy/vendor/laravel/framework/src/Illuminate/Database/Console/Migrations/MigrateCommand.php(104): Illuminate\\Database\\Migrations\\Migrator->usingConnection()
#22 /home/thanyk14/Desktop/btlweb/rootAPI - Copy/rootAPI - Copy/vendor/laravel/framework/src/Illuminate/Container/BoundMethod.php(36): Illuminate\\Database\\Console\\Migrations\\MigrateCommand->handle()
#23 /home/thanyk14/Desktop/btlweb/rootAPI - Copy/rootAPI - Copy/vendor/laravel/framework/src/Illuminate/Container/Util.php(41): Illuminate\\Container\\BoundMethod::Illuminate\\Container\\{closure}()
#24 /home/thanyk14/Desktop/btlweb/rootAPI - Copy/rootAPI - Copy/vendor/laravel/framework/src/Illuminate/Container/BoundMethod.php(93): Illuminate\\Container\\Util::unwrapIfClosure()
#25 /home/thanyk14/Desktop/btlweb/rootAPI - Copy/rootAPI - Copy/vendor/laravel/framework/src/Illuminate/Container/BoundMethod.php(37): Illuminate\\Container\\BoundMethod::callBoundMethod()
#26 /home/thanyk14/Desktop/btlweb/rootAPI - Copy/rootAPI - Copy/vendor/laravel/framework/src/Illuminate/Container/Container.php(662): Illuminate\\Container\\BoundMethod::call()
#27 /home/thanyk14/Desktop/btlweb/rootAPI - Copy/rootAPI - Copy/vendor/laravel/framework/src/Illuminate/Console/Command.php(211): Illuminate\\Container\\Container->call()
#28 /home/thanyk14/Desktop/btlweb/rootAPI - Copy/rootAPI - Copy/vendor/symfony/console/Command/Command.php(326): Illuminate\\Console\\Command->execute()
#29 /home/thanyk14/Desktop/btlweb/rootAPI - Copy/rootAPI - Copy/vendor/laravel/framework/src/Illuminate/Console/Command.php(181): Symfony\\Component\\Console\\Command\\Command->run()
#30 /home/thanyk14/Desktop/btlweb/rootAPI - Copy/rootAPI - Copy/vendor/symfony/console/Application.php(1081): Illuminate\\Console\\Command->run()
#31 /home/thanyk14/Desktop/btlweb/rootAPI - Copy/rootAPI - Copy/vendor/symfony/console/Application.php(320): Symfony\\Component\\Console\\Application->doRunCommand()
#32 /home/thanyk14/Desktop/btlweb/rootAPI - Copy/rootAPI - Copy/vendor/symfony/console/Application.php(174): Symfony\\Component\\Console\\Application->doRun()
#33 /home/thanyk14/Desktop/btlweb/rootAPI - Copy/rootAPI - Copy/vendor/laravel/framework/src/Illuminate/Foundation/Console/Kernel.php(201): Symfony\\Component\\Console\\Application->run()
#34 /home/thanyk14/Desktop/btlweb/rootAPI - Copy/rootAPI - Copy/artisan(37): Illuminate\\Foundation\\Console\\Kernel->handle()
#35 {main}
"} 
[2023-11-27 03:52:12] local.ERROR: SQLSTATE[HY000] [1049] Unknown database 'rootApiWebCopy1' (Connection: mysql, SQL: select * from information_schema.tables where table_schema = rootApiWebCopy1 and table_name = migrations and table_type = 'BASE TABLE') {"exception":"[object] (Illuminate\\Database\\QueryException(code: 1049): SQLSTATE[HY000] [1049] Unknown database 'rootApiWebCopy1' (Connection: mysql, SQL: select * from information_schema.tables where table_schema = rootApiWebCopy1 and table_name = migrations and table_type = 'BASE TABLE') at /home/thanyk14/Desktop/btlweb/rootAPI - Copy/rootAPI - Copy/vendor/laravel/framework/src/Illuminate/Database/Connection.php:822)
[stacktrace]
#0 /home/thanyk14/Desktop/btlweb/rootAPI - Copy/rootAPI - Copy/vendor/laravel/framework/src/Illuminate/Database/Connection.php(776): Illuminate\\Database\\Connection->runQueryCallback()
#1 /home/thanyk14/Desktop/btlweb/rootAPI - Copy/rootAPI - Copy/vendor/laravel/framework/src/Illuminate/Database/Connection.php(424): Illuminate\\Database\\Connection->run()
#2 /home/thanyk14/Desktop/btlweb/rootAPI - Copy/rootAPI - Copy/vendor/laravel/framework/src/Illuminate/Database/Connection.php(394): Illuminate\\Database\\Connection->select()
#3 /home/thanyk14/Desktop/btlweb/rootAPI - Copy/rootAPI - Copy/vendor/laravel/framework/src/Illuminate/Database/Schema/MySqlBuilder.php(44): Illuminate\\Database\\Connection->selectFromWriteConnection()
#4 /home/thanyk14/Desktop/btlweb/rootAPI - Copy/rootAPI - Copy/vendor/laravel/framework/src/Illuminate/Database/Migrations/DatabaseMigrationRepository.php(184): Illuminate\\Database\\Schema\\MySqlBuilder->hasTable()
#5 /home/thanyk14/Desktop/btlweb/rootAPI - Copy/rootAPI - Copy/vendor/laravel/framework/src/Illuminate/Database/Migrations/Migrator.php(700): Illuminate\\Database\\Migrations\\DatabaseMigrationRepository->repositoryExists()
#6 /home/thanyk14/Desktop/btlweb/rootAPI - Copy/rootAPI - Copy/vendor/laravel/framework/src/Illuminate/Database/Console/Migrations/StatusCommand.php(53): Illuminate\\Database\\Migrations\\Migrator->repositoryExists()
#7 /home/thanyk14/Desktop/btlweb/rootAPI - Copy/rootAPI - Copy/vendor/laravel/framework/src/Illuminate/Database/Migrations/Migrator.php(633): Illuminate\\Database\\Console\\Migrations\\StatusCommand->Illuminate\\Database\\Console\\Migrations\\{closure}()
#8 /home/thanyk14/Desktop/btlweb/rootAPI - Copy/rootAPI - Copy/vendor/laravel/framework/src/Illuminate/Database/Console/Migrations/StatusCommand.php(84): Illuminate\\Database\\Migrations\\Migrator->usingConnection()
#9 /home/thanyk14/Desktop/btlweb/rootAPI - Copy/rootAPI - Copy/vendor/laravel/framework/src/Illuminate/Container/BoundMethod.php(36): Illuminate\\Database\\Console\\Migrations\\StatusCommand->handle()
#10 /home/thanyk14/Desktop/btlweb/rootAPI - Copy/rootAPI - Copy/vendor/laravel/framework/src/Illuminate/Container/Util.php(41): Illuminate\\Container\\BoundMethod::Illuminate\\Container\\{closure}()
#11 /home/thanyk14/Desktop/btlweb/rootAPI - Copy/rootAPI - Copy/vendor/laravel/framework/src/Illuminate/Container/BoundMethod.php(93): Illuminate\\Container\\Util::unwrapIfClosure()
#12 /home/thanyk14/Desktop/btlweb/rootAPI - Copy/rootAPI - Copy/vendor/laravel/framework/src/Illuminate/Container/BoundMethod.php(37): Illuminate\\Container\\BoundMethod::callBoundMethod()
#13 /home/thanyk14/Desktop/btlweb/rootAPI - Copy/rootAPI - Copy/vendor/laravel/framework/src/Illuminate/Container/Container.php(662): Illuminate\\Container\\BoundMethod::call()
#14 /home/thanyk14/Desktop/btlweb/rootAPI - Copy/rootAPI - Copy/vendor/laravel/framework/src/Illuminate/Console/Command.php(211): Illuminate\\Container\\Container->call()
#15 /home/thanyk14/Desktop/btlweb/rootAPI - Copy/rootAPI - Copy/vendor/symfony/console/Command/Command.php(326): Illuminate\\Console\\Command->execute()
#16 /home/thanyk14/Desktop/btlweb/rootAPI - Copy/rootAPI - Copy/vendor/laravel/framework/src/Illuminate/Console/Command.php(181): Symfony\\Component\\Console\\Command\\Command->run()
#17 /home/thanyk14/Desktop/btlweb/rootAPI - Copy/rootAPI - Copy/vendor/symfony/console/Application.php(1081): Illuminate\\Console\\Command->run()
#18 /home/thanyk14/Desktop/btlweb/rootAPI - Copy/rootAPI - Copy/vendor/symfony/console/Application.php(320): Symfony\\Component\\Console\\Application->doRunCommand()
#19 /home/thanyk14/Desktop/btlweb/rootAPI - Copy/rootAPI - Copy/vendor/symfony/console/Application.php(174): Symfony\\Component\\Console\\Application->doRun()
#20 /home/thanyk14/Desktop/btlweb/rootAPI - Copy/rootAPI - Copy/vendor/laravel/framework/src/Illuminate/Foundation/Console/Kernel.php(201): Symfony\\Component\\Console\\Application->run()
#21 /home/thanyk14/Desktop/btlweb/rootAPI - Copy/rootAPI - Copy/artisan(37): Illuminate\\Foundation\\Console\\Kernel->handle()
#22 {main}

[previous exception] [object] (PDOException(code: 1049): SQLSTATE[HY000] [1049] Unknown database 'rootApiWebCopy1' at /home/thanyk14/Desktop/btlweb/rootAPI - Copy/rootAPI - Copy/vendor/laravel/framework/src/Illuminate/Database/Connectors/Connector.php:65)
[stacktrace]
#0 /home/thanyk14/Desktop/btlweb/rootAPI - Copy/rootAPI - Copy/vendor/laravel/framework/src/Illuminate/Database/Connectors/Connector.php(65): PDO->__construct()
#1 /home/thanyk14/Desktop/btlweb/rootAPI - Copy/rootAPI - Copy/vendor/laravel/framework/src/Illuminate/Database/Connectors/Connector.php(45): Illuminate\\Database\\Connectors\\Connector->createPdoConnection()
#2 /home/thanyk14/Desktop/btlweb/rootAPI - Copy/rootAPI - Copy/vendor/laravel/framework/src/Illuminate/Database/Connectors/MySqlConnector.php(24): Illuminate\\Database\\Connectors\\Connector->createConnection()
#3 /home/thanyk14/Desktop/btlweb/rootAPI - Copy/rootAPI - Copy/vendor/laravel/framework/src/Illuminate/Database/Connectors/ConnectionFactory.php(184): Illuminate\\Database\\Connectors\\MySqlConnector->connect()
#4 [internal function]: Illuminate\\Database\\Connectors\\ConnectionFactory->Illuminate\\Database\\Connectors\\{closure}()
#5 /home/thanyk14/Desktop/btlweb/rootAPI - Copy/rootAPI - Copy/vendor/laravel/framework/src/Illuminate/Database/Connection.php(1319): call_user_func()
#6 /home/thanyk14/Desktop/btlweb/rootAPI - Copy/rootAPI - Copy/vendor/laravel/framework/src/Illuminate/Database/Connection.php(521): Illuminate\\Database\\Connection->getPdo()
#7 /home/thanyk14/Desktop/btlweb/rootAPI - Copy/rootAPI - Copy/vendor/laravel/framework/src/Illuminate/Database/Connection.php(416): Illuminate\\Database\\Connection->getPdoForSelect()
#8 /home/thanyk14/Desktop/btlweb/rootAPI - Copy/rootAPI - Copy/vendor/laravel/framework/src/Illuminate/Database/Connection.php(809): Illuminate\\Database\\Connection->Illuminate\\Database\\{closure}()
#9 /home/thanyk14/Desktop/btlweb/rootAPI - Copy/rootAPI - Copy/vendor/laravel/framework/src/Illuminate/Database/Connection.php(776): Illuminate\\Database\\Connection->runQueryCallback()
#10 /home/thanyk14/Desktop/btlweb/rootAPI - Copy/rootAPI - Copy/vendor/laravel/framework/src/Illuminate/Database/Connection.php(424): Illuminate\\Database\\Connection->run()
#11 /home/thanyk14/Desktop/btlweb/rootAPI - Copy/rootAPI - Copy/vendor/laravel/framework/src/Illuminate/Database/Connection.php(394): Illuminate\\Database\\Connection->select()
#12 /home/thanyk14/Desktop/btlweb/rootAPI - Copy/rootAPI - Copy/vendor/laravel/framework/src/Illuminate/Database/Schema/MySqlBuilder.php(44): Illuminate\\Database\\Connection->selectFromWriteConnection()
#13 /home/thanyk14/Desktop/btlweb/rootAPI - Copy/rootAPI - Copy/vendor/laravel/framework/src/Illuminate/Database/Migrations/DatabaseMigrationRepository.php(184): Illuminate\\Database\\Schema\\MySqlBuilder->hasTable()
#14 /home/thanyk14/Desktop/btlweb/rootAPI - Copy/rootAPI - Copy/vendor/laravel/framework/src/Illuminate/Database/Migrations/Migrator.php(700): Illuminate\\Database\\Migrations\\DatabaseMigrationRepository->repositoryExists()
#15 /home/thanyk14/Desktop/btlweb/rootAPI - Copy/rootAPI - Copy/vendor/laravel/framework/src/Illuminate/Database/Console/Migrations/StatusCommand.php(53): Illuminate\\Database\\Migrations\\Migrator->repositoryExists()
#16 /home/thanyk14/Desktop/btlweb/rootAPI - Copy/rootAPI - Copy/vendor/laravel/framework/src/Illuminate/Database/Migrations/Migrator.php(633): Illuminate\\Database\\Console\\Migrations\\StatusCommand->Illuminate\\Database\\Console\\Migrations\\{closure}()
#17 /home/thanyk14/Desktop/btlweb/rootAPI - Copy/rootAPI - Copy/vendor/laravel/framework/src/Illuminate/Database/Console/Migrations/StatusCommand.php(84): Illuminate\\Database\\Migrations\\Migrator->usingConnection()
#18 /home/thanyk14/Desktop/btlweb/rootAPI - Copy/rootAPI - Copy/vendor/laravel/framework/src/Illuminate/Container/BoundMethod.php(36): Illuminate\\Database\\Console\\Migrations\\StatusCommand->handle()
#19 /home/thanyk14/Desktop/btlweb/rootAPI - Copy/rootAPI - Copy/vendor/laravel/framework/src/Illuminate/Container/Util.php(41): Illuminate\\Container\\BoundMethod::Illuminate\\Container\\{closure}()
#20 /home/thanyk14/Desktop/btlweb/rootAPI - Copy/rootAPI - Copy/vendor/laravel/framework/src/Illuminate/Container/BoundMethod.php(93): Illuminate\\Container\\Util::unwrapIfClosure()
#21 /home/thanyk14/Desktop/btlweb/rootAPI - Copy/rootAPI - Copy/vendor/laravel/framework/src/Illuminate/Container/BoundMethod.php(37): Illuminate\\Container\\BoundMethod::callBoundMethod()
#22 /home/thanyk14/Desktop/btlweb/rootAPI - Copy/rootAPI - Copy/vendor/laravel/framework/src/Illuminate/Container/Container.php(662): Illuminate\\Container\\BoundMethod::call()
#23 /home/thanyk14/Desktop/btlweb/rootAPI - Copy/rootAPI - Copy/vendor/laravel/framework/src/Illuminate/Console/Command.php(211): Illuminate\\Container\\Container->call()
#24 /home/thanyk14/Desktop/btlweb/rootAPI - Copy/rootAPI - Copy/vendor/symfony/console/Command/Command.php(326): Illuminate\\Console\\Command->execute()
#25 /home/thanyk14/Desktop/btlweb/rootAPI - Copy/rootAPI - Copy/vendor/laravel/framework/src/Illuminate/Console/Command.php(181): Symfony\\Component\\Console\\Command\\Command->run()
#26 /home/thanyk14/Desktop/btlweb/rootAPI - Copy/rootAPI - Copy/vendor/symfony/console/Application.php(1081): Illuminate\\Console\\Command->run()
#27 /home/thanyk14/Desktop/btlweb/rootAPI - Copy/rootAPI - Copy/vendor/symfony/console/Application.php(320): Symfony\\Component\\Console\\Application->doRunCommand()
#28 /home/thanyk14/Desktop/btlweb/rootAPI - Copy/rootAPI - Copy/vendor/symfony/console/Application.php(174): Symfony\\Component\\Console\\Application->doRun()
#29 /home/thanyk14/Desktop/btlweb/rootAPI - Copy/rootAPI - Copy/vendor/laravel/framework/src/Illuminate/Foundation/Console/Kernel.php(201): Symfony\\Component\\Console\\Application->run()
#30 /home/thanyk14/Desktop/btlweb/rootAPI - Copy/rootAPI - Copy/artisan(37): Illuminate\\Foundation\\Console\\Kernel->handle()
#31 {main}
"} 
