[2023-11-21 04:25:44] local.INFO: 2023-11-21 04:25:44 POST:"http://127.0.0.1:8000/api/login" - Execution Time: 3488.2700443268ms  
[2023-11-21 04:26:08] local.INFO: 2023-11-21 04:26:08 POST:"http://127.0.0.1:8000/api/companyLeader" - Execution Time: 647.71485328674ms  
[2023-11-21 04:26:19] local.INFO: 2023-11-21 04:26:19 POST:"http://127.0.0.1:8000/api/companyLeader" - Execution Time: 405.87186813354ms  
[2023-11-21 04:26:27] local.INFO: 2023-11-21 04:26:27 POST:"http://127.0.0.1:8000/api/companyLeader" - Execution Time: 432.27410316467ms  
[2023-11-21 04:26:32] local.INFO: 2023-11-21 04:26:32 GET:"http://127.0.0.1:8000/api/companyLeader" - Execution Time: 63.793897628784ms  
[2023-11-21 04:26:47] local.INFO: 2023-11-21 04:26:47 GET:"http://127.0.0.1:8000/api/companyLeader/3" - Execution Time: 22.617101669312ms  
[2023-11-21 04:27:27] local.INFO: 2023-11-21 04:27:27 PUT:"http://127.0.0.1:8000/api/companyLeader/1" - Execution Time: 1770.0569629669ms  
[2023-11-21 04:27:50] local.INFO: 2023-11-21 04:27:50 PUT:"http://127.0.0.1:8000/api/companyLeader/2" - Execution Time: 412.66202926636ms  
[2023-11-21 04:28:16] local.INFO: 2023-11-21 04:28:16 POST:"http://127.0.0.1:8000/api/register" - Execution Time: 77.97908782959ms  
[2023-11-21 04:29:00] local.INFO: 2023-11-21 04:29:00 POST:"http://127.0.0.1:8000/api/logout" - Execution Time: 33.57195854187ms  
[2023-11-21 04:29:09] local.INFO: 2023-11-21 04:29:09 POST:"http://127.0.0.1:8000/api/login" - Execution Time: 483.08992385864ms  
[2023-11-21 04:30:08] local.INFO: 2023-11-21 04:30:08 POST:"http://127.0.0.1:8000/api/login" - Execution Time: 522.15385437012ms  
[2023-11-21 04:30:36] local.INFO: 2023-11-21 04:30:36 POST:"http://127.0.0.1:8000/api/login" - Execution Time: 538.91205787659ms  
[2023-11-21 04:31:03] local.INFO: 2023-11-21 04:31:03 POST:"http://127.0.0.1:8000/api/login" - Execution Time: 450.5729675293ms  
[2023-11-21 04:31:26] local.INFO: 2023-11-21 04:31:26 POST:"http://127.0.0.1:8000/api/login" - Execution Time: 507.95292854309ms  
[2023-11-21 04:31:57] local.INFO: 2023-11-21 04:31:57 POST:"http://127.0.0.1:8000/api/aggregationPoint" - Execution Time: 149.45197105408ms  
[2023-11-21 04:33:52] local.ERROR: SQLSTATE[23000]: Integrity constraint violation: 1048 Column 'name' cannot be null (Connection: mysql, SQL: insert into `aggregation_points` (`name`, `code`, `address`, `phone`, `email`, `operatingHours`, `status`, `notes`, `updated_at`, `created_at`) values (?, ?, ?, ?, ?, ?, ?, ?, 2023-11-21 04:33:52, 2023-11-21 04:33:52)) {"userId":4,"exception":"[object] (Illuminate\\Database\\QueryException(code: 23000): SQLSTATE[23000]: Integrity constraint violation: 1048 Column 'name' cannot be null (Connection: mysql, SQL: insert into `aggregation_points` (`name`, `code`, `address`, `phone`, `email`, `operatingHours`, `status`, `notes`, `updated_at`, `created_at`) values (?, ?, ?, ?, ?, ?, ?, ?, 2023-11-21 04:33:52, 2023-11-21 04:33:52)) at C:\\Users\\USER\\Downloads\\Compressed\\rootAPI - Copy\\rootAPI - Copy\\vendor\\laravel\\framework\\src\\Illuminate\\Database\\Connection.php:822)
[stacktrace]
#0 C:\\Users\\USER\\Downloads\\Compressed\\rootAPI - Copy\\rootAPI - Copy\\vendor\\laravel\\framework\\src\\Illuminate\\Database\\Connection.php(776): Illuminate\\Database\\Connection->runQueryCallback('insert into `ag...', Array, Object(Closure))
#1 C:\\Users\\USER\\Downloads\\Compressed\\rootAPI - Copy\\rootAPI - Copy\\vendor\\laravel\\framework\\src\\Illuminate\\Database\\Connection.php(581): Illuminate\\Database\\Connection->run('insert into `ag...', Array, Object(Closure))
#2 C:\\Users\\USER\\Downloads\\Compressed\\rootAPI - Copy\\rootAPI - Copy\\vendor\\laravel\\framework\\src\\Illuminate\\Database\\Connection.php(533): Illuminate\\Database\\Connection->statement('insert into `ag...', Array)
#3 C:\\Users\\USER\\Downloads\\Compressed\\rootAPI - Copy\\rootAPI - Copy\\vendor\\laravel\\framework\\src\\Illuminate\\Database\\Query\\Processors\\Processor.php(32): Illuminate\\Database\\Connection->insert('insert into `ag...', Array)
#4 C:\\Users\\USER\\Downloads\\Compressed\\rootAPI - Copy\\rootAPI - Copy\\vendor\\laravel\\framework\\src\\Illuminate\\Database\\Query\\Builder.php(3387): Illuminate\\Database\\Query\\Processors\\Processor->processInsertGetId(Object(Illuminate\\Database\\Query\\Builder), 'insert into `ag...', Array, 'id')
#5 C:\\Users\\USER\\Downloads\\Compressed\\rootAPI - Copy\\rootAPI - Copy\\vendor\\laravel\\framework\\src\\Illuminate\\Database\\Eloquent\\Builder.php(1968): Illuminate\\Database\\Query\\Builder->insertGetId(Array, 'id')
#6 C:\\Users\\USER\\Downloads\\Compressed\\rootAPI - Copy\\rootAPI - Copy\\vendor\\laravel\\framework\\src\\Illuminate\\Database\\Eloquent\\Model.php(1333): Illuminate\\Database\\Eloquent\\Builder->__call('insertGetId', Array)
#7 C:\\Users\\USER\\Downloads\\Compressed\\rootAPI - Copy\\rootAPI - Copy\\vendor\\laravel\\framework\\src\\Illuminate\\Database\\Eloquent\\Model.php(1298): Illuminate\\Database\\Eloquent\\Model->insertAndSetId(Object(Illuminate\\Database\\Eloquent\\Builder), Array)
#8 C:\\Users\\USER\\Downloads\\Compressed\\rootAPI - Copy\\rootAPI - Copy\\vendor\\laravel\\framework\\src\\Illuminate\\Database\\Eloquent\\Model.php(1137): Illuminate\\Database\\Eloquent\\Model->performInsert(Object(Illuminate\\Database\\Eloquent\\Builder))
#9 C:\\Users\\USER\\Downloads\\Compressed\\rootAPI - Copy\\rootAPI - Copy\\vendor\\laravel\\framework\\src\\Illuminate\\Database\\Eloquent\\Builder.php(1023): Illuminate\\Database\\Eloquent\\Model->save()
#10 C:\\Users\\USER\\Downloads\\Compressed\\rootAPI - Copy\\rootAPI - Copy\\vendor\\laravel\\framework\\src\\Illuminate\\Support\\helpers.php(307): Illuminate\\Database\\Eloquent\\Builder->Illuminate\\Database\\Eloquent\\{closure}(Object(App\\Models\\AggregationPoint))
#11 C:\\Users\\USER\\Downloads\\Compressed\\rootAPI - Copy\\rootAPI - Copy\\vendor\\laravel\\framework\\src\\Illuminate\\Database\\Eloquent\\Builder.php(1024): tap(Object(App\\Models\\AggregationPoint), Object(Closure))
#12 C:\\Users\\USER\\Downloads\\Compressed\\rootAPI - Copy\\rootAPI - Copy\\vendor\\laravel\\framework\\src\\Illuminate\\Support\\Traits\\ForwardsCalls.php(23): Illuminate\\Database\\Eloquent\\Builder->create(Array)
#13 C:\\Users\\USER\\Downloads\\Compressed\\rootAPI - Copy\\rootAPI - Copy\\vendor\\laravel\\framework\\src\\Illuminate\\Database\\Eloquent\\Model.php(2334): Illuminate\\Database\\Eloquent\\Model->forwardCallTo(Object(Illuminate\\Database\\Eloquent\\Builder), 'create', Array)
#14 C:\\Users\\USER\\Downloads\\Compressed\\rootAPI - Copy\\rootAPI - Copy\\vendor\\laravel\\framework\\src\\Illuminate\\Database\\Eloquent\\Model.php(2346): Illuminate\\Database\\Eloquent\\Model->__call('create', Array)
#15 C:\\Users\\USER\\Downloads\\Compressed\\rootAPI - Copy\\rootAPI - Copy\\app\\Http\\Controllers\\AggregationPointController.php(40): Illuminate\\Database\\Eloquent\\Model::__callStatic('create', Array)
#16 C:\\Users\\USER\\Downloads\\Compressed\\rootAPI - Copy\\rootAPI - Copy\\vendor\\laravel\\framework\\src\\Illuminate\\Routing\\Controller.php(54): App\\Http\\Controllers\\AggregationPointController->store(Object(Illuminate\\Http\\Request))
#17 C:\\Users\\USER\\Downloads\\Compressed\\rootAPI - Copy\\rootAPI - Copy\\vendor\\laravel\\framework\\src\\Illuminate\\Routing\\ControllerDispatcher.php(43): Illuminate\\Routing\\Controller->callAction('store', Array)
#18 C:\\Users\\USER\\Downloads\\Compressed\\rootAPI - Copy\\rootAPI - Copy\\vendor\\laravel\\framework\\src\\Illuminate\\Routing\\Route.php(260): Illuminate\\Routing\\ControllerDispatcher->dispatch(Object(Illuminate\\Routing\\Route), Object(App\\Http\\Controllers\\AggregationPointController), 'store')
#19 C:\\Users\\USER\\Downloads\\Compressed\\rootAPI - Copy\\rootAPI - Copy\\vendor\\laravel\\framework\\src\\Illuminate\\Routing\\Route.php(205): Illuminate\\Routing\\Route->runController()
#20 C:\\Users\\USER\\Downloads\\Compressed\\rootAPI - Copy\\rootAPI - Copy\\vendor\\laravel\\framework\\src\\Illuminate\\Routing\\Router.php(799): Illuminate\\Routing\\Route->run()
#21 C:\\Users\\USER\\Downloads\\Compressed\\rootAPI - Copy\\rootAPI - Copy\\vendor\\laravel\\framework\\src\\Illuminate\\Pipeline\\Pipeline.php(141): Illuminate\\Routing\\Router->Illuminate\\Routing\\{closure}(Object(Illuminate\\Http\\Request))
#22 C:\\Users\\USER\\Downloads\\Compressed\\rootAPI - Copy\\rootAPI - Copy\\app\\Http\\Middleware\\CheckUserRole.php(25): Illuminate\\Pipeline\\Pipeline->Illuminate\\Pipeline\\{closure}(Object(Illuminate\\Http\\Request))
#23 C:\\Users\\USER\\Downloads\\Compressed\\rootAPI - Copy\\rootAPI - Copy\\vendor\\laravel\\framework\\src\\Illuminate\\Pipeline\\Pipeline.php(180): App\\Http\\Middleware\\CheckUserRole->handle(Object(Illuminate\\Http\\Request), Object(Closure), 'Company Leader')
#24 C:\\Users\\USER\\Downloads\\Compressed\\rootAPI - Copy\\rootAPI - Copy\\app\\Http\\Middleware\\LogApiRequests.php(15): Illuminate\\Pipeline\\Pipeline->Illuminate\\Pipeline\\{closure}(Object(Illuminate\\Http\\Request))
#25 C:\\Users\\USER\\Downloads\\Compressed\\rootAPI - Copy\\rootAPI - Copy\\vendor\\laravel\\framework\\src\\Illuminate\\Pipeline\\Pipeline.php(180): App\\Http\\Middleware\\LogApiRequests->handle(Object(Illuminate\\Http\\Request), Object(Closure))
#26 C:\\Users\\USER\\Downloads\\Compressed\\rootAPI - Copy\\rootAPI - Copy\\vendor\\laravel\\framework\\src\\Illuminate\\Foundation\\Http\\Middleware\\VerifyCsrfToken.php(78): Illuminate\\Pipeline\\Pipeline->Illuminate\\Pipeline\\{closure}(Object(Illuminate\\Http\\Request))
#27 C:\\Users\\USER\\Downloads\\Compressed\\rootAPI - Copy\\rootAPI - Copy\\vendor\\laravel\\framework\\src\\Illuminate\\Pipeline\\Pipeline.php(180): Illuminate\\Foundation\\Http\\Middleware\\VerifyCsrfToken->handle(Object(Illuminate\\Http\\Request), Object(Closure))
#28 C:\\Users\\USER\\Downloads\\Compressed\\rootAPI - Copy\\rootAPI - Copy\\vendor\\laravel\\framework\\src\\Illuminate\\Routing\\Middleware\\SubstituteBindings.php(50): Illuminate\\Pipeline\\Pipeline->Illuminate\\Pipeline\\{closure}(Object(Illuminate\\Http\\Request))
#29 C:\\Users\\USER\\Downloads\\Compressed\\rootAPI - Copy\\rootAPI - Copy\\vendor\\laravel\\framework\\src\\Illuminate\\Pipeline\\Pipeline.php(180): Illuminate\\Routing\\Middleware\\SubstituteBindings->handle(Object(Illuminate\\Http\\Request), Object(Closure))
#30 C:\\Users\\USER\\Downloads\\Compressed\\rootAPI - Copy\\rootAPI - Copy\\vendor\\laravel\\framework\\src\\Illuminate\\Routing\\Middleware\\ThrottleRequests.php(159): Illuminate\\Pipeline\\Pipeline->Illuminate\\Pipeline\\{closure}(Object(Illuminate\\Http\\Request))
#31 C:\\Users\\USER\\Downloads\\Compressed\\rootAPI - Copy\\rootAPI - Copy\\vendor\\laravel\\framework\\src\\Illuminate\\Routing\\Middleware\\ThrottleRequests.php(135): Illuminate\\Routing\\Middleware\\ThrottleRequests->handleRequest(Object(Illuminate\\Http\\Request), Object(Closure), Array)
#32 C:\\Users\\USER\\Downloads\\Compressed\\rootAPI - Copy\\rootAPI - Copy\\vendor\\laravel\\framework\\src\\Illuminate\\Routing\\Middleware\\ThrottleRequests.php(87): Illuminate\\Routing\\Middleware\\ThrottleRequests->handleRequestUsingNamedLimiter(Object(Illuminate\\Http\\Request), Object(Closure), 'api', Object(Closure))
#33 C:\\Users\\USER\\Downloads\\Compressed\\rootAPI - Copy\\rootAPI - Copy\\vendor\\laravel\\framework\\src\\Illuminate\\Pipeline\\Pipeline.php(180): Illuminate\\Routing\\Middleware\\ThrottleRequests->handle(Object(Illuminate\\Http\\Request), Object(Closure), 'api')
#34 C:\\Users\\USER\\Downloads\\Compressed\\rootAPI - Copy\\rootAPI - Copy\\vendor\\laravel\\framework\\src\\Illuminate\\Auth\\Middleware\\Authenticate.php(57): Illuminate\\Pipeline\\Pipeline->Illuminate\\Pipeline\\{closure}(Object(Illuminate\\Http\\Request))
#35 C:\\Users\\USER\\Downloads\\Compressed\\rootAPI - Copy\\rootAPI - Copy\\vendor\\laravel\\framework\\src\\Illuminate\\Pipeline\\Pipeline.php(180): Illuminate\\Auth\\Middleware\\Authenticate->handle(Object(Illuminate\\Http\\Request), Object(Closure), 'sanctum')
#36 C:\\Users\\USER\\Downloads\\Compressed\\rootAPI - Copy\\rootAPI - Copy\\vendor\\laravel\\framework\\src\\Illuminate\\View\\Middleware\\ShareErrorsFromSession.php(49): Illuminate\\Pipeline\\Pipeline->Illuminate\\Pipeline\\{closure}(Object(Illuminate\\Http\\Request))
#37 C:\\Users\\USER\\Downloads\\Compressed\\rootAPI - Copy\\rootAPI - Copy\\vendor\\laravel\\framework\\src\\Illuminate\\Pipeline\\Pipeline.php(180): Illuminate\\View\\Middleware\\ShareErrorsFromSession->handle(Object(Illuminate\\Http\\Request), Object(Closure))
#38 C:\\Users\\USER\\Downloads\\Compressed\\rootAPI - Copy\\rootAPI - Copy\\vendor\\laravel\\framework\\src\\Illuminate\\Session\\Middleware\\StartSession.php(121): Illuminate\\Pipeline\\Pipeline->Illuminate\\Pipeline\\{closure}(Object(Illuminate\\Http\\Request))
#39 C:\\Users\\USER\\Downloads\\Compressed\\rootAPI - Copy\\rootAPI - Copy\\vendor\\laravel\\framework\\src\\Illuminate\\Session\\Middleware\\StartSession.php(64): Illuminate\\Session\\Middleware\\StartSession->handleStatefulRequest(Object(Illuminate\\Http\\Request), Object(Illuminate\\Session\\Store), Object(Closure))
#40 C:\\Users\\USER\\Downloads\\Compressed\\rootAPI - Copy\\rootAPI - Copy\\vendor\\laravel\\framework\\src\\Illuminate\\Pipeline\\Pipeline.php(180): Illuminate\\Session\\Middleware\\StartSession->handle(Object(Illuminate\\Http\\Request), Object(Closure))
#41 C:\\Users\\USER\\Downloads\\Compressed\\rootAPI - Copy\\rootAPI - Copy\\vendor\\laravel\\sanctum\\src\\Http\\Middleware\\EnsureFrontendRequestsAreStateful.php(25): Illuminate\\Pipeline\\Pipeline->Illuminate\\Pipeline\\{closure}(Object(Illuminate\\Http\\Request))
#42 C:\\Users\\USER\\Downloads\\Compressed\\rootAPI - Copy\\rootAPI - Copy\\vendor\\laravel\\framework\\src\\Illuminate\\Pipeline\\Pipeline.php(141): Laravel\\Sanctum\\Http\\Middleware\\EnsureFrontendRequestsAreStateful->Laravel\\Sanctum\\Http\\Middleware\\{closure}(Object(Illuminate\\Http\\Request))
#43 C:\\Users\\USER\\Downloads\\Compressed\\rootAPI - Copy\\rootAPI - Copy\\vendor\\laravel\\framework\\src\\Illuminate\\Pipeline\\Pipeline.php(116): Illuminate\\Pipeline\\Pipeline->Illuminate\\Pipeline\\{closure}(Object(Illuminate\\Http\\Request))
#44 C:\\Users\\USER\\Downloads\\Compressed\\rootAPI - Copy\\rootAPI - Copy\\vendor\\laravel\\sanctum\\src\\Http\\Middleware\\EnsureFrontendRequestsAreStateful.php(26): Illuminate\\Pipeline\\Pipeline->then(Object(Closure))
#45 C:\\Users\\USER\\Downloads\\Compressed\\rootAPI - Copy\\rootAPI - Copy\\vendor\\laravel\\framework\\src\\Illuminate\\Pipeline\\Pipeline.php(180): Laravel\\Sanctum\\Http\\Middleware\\EnsureFrontendRequestsAreStateful->handle(Object(Illuminate\\Http\\Request), Object(Closure))
#46 C:\\Users\\USER\\Downloads\\Compressed\\rootAPI - Copy\\rootAPI - Copy\\vendor\\laravel\\framework\\src\\Illuminate\\Pipeline\\Pipeline.php(116): Illuminate\\Pipeline\\Pipeline->Illuminate\\Pipeline\\{closure}(Object(Illuminate\\Http\\Request))
#47 C:\\Users\\USER\\Downloads\\Compressed\\rootAPI - Copy\\rootAPI - Copy\\vendor\\laravel\\framework\\src\\Illuminate\\Routing\\Router.php(800): Illuminate\\Pipeline\\Pipeline->then(Object(Closure))
#48 C:\\Users\\USER\\Downloads\\Compressed\\rootAPI - Copy\\rootAPI - Copy\\vendor\\laravel\\framework\\src\\Illuminate\\Routing\\Router.php(777): Illuminate\\Routing\\Router->runRouteWithinStack(Object(Illuminate\\Routing\\Route), Object(Illuminate\\Http\\Request))
#49 C:\\Users\\USER\\Downloads\\Compressed\\rootAPI - Copy\\rootAPI - Copy\\vendor\\laravel\\framework\\src\\Illuminate\\Routing\\Router.php(741): Illuminate\\Routing\\Router->runRoute(Object(Illuminate\\Http\\Request), Object(Illuminate\\Routing\\Route))
#50 C:\\Users\\USER\\Downloads\\Compressed\\rootAPI - Copy\\rootAPI - Copy\\vendor\\laravel\\framework\\src\\Illuminate\\Routing\\Router.php(730): Illuminate\\Routing\\Router->dispatchToRoute(Object(Illuminate\\Http\\Request))
#51 C:\\Users\\USER\\Downloads\\Compressed\\rootAPI - Copy\\rootAPI - Copy\\vendor\\laravel\\framework\\src\\Illuminate\\Foundation\\Http\\Kernel.php(200): Illuminate\\Routing\\Router->dispatch(Object(Illuminate\\Http\\Request))
#52 C:\\Users\\USER\\Downloads\\Compressed\\rootAPI - Copy\\rootAPI - Copy\\vendor\\laravel\\framework\\src\\Illuminate\\Pipeline\\Pipeline.php(141): Illuminate\\Foundation\\Http\\Kernel->Illuminate\\Foundation\\Http\\{closure}(Object(Illuminate\\Http\\Request))
#53 C:\\Users\\USER\\Downloads\\Compressed\\rootAPI - Copy\\rootAPI - Copy\\vendor\\laravel\\framework\\src\\Illuminate\\Foundation\\Http\\Middleware\\TransformsRequest.php(21): Illuminate\\Pipeline\\Pipeline->Illuminate\\Pipeline\\{closure}(Object(Illuminate\\Http\\Request))
#54 C:\\Users\\USER\\Downloads\\Compressed\\rootAPI - Copy\\rootAPI - Copy\\vendor\\laravel\\framework\\src\\Illuminate\\Foundation\\Http\\Middleware\\ConvertEmptyStringsToNull.php(31): Illuminate\\Foundation\\Http\\Middleware\\TransformsRequest->handle(Object(Illuminate\\Http\\Request), Object(Closure))
#55 C:\\Users\\USER\\Downloads\\Compressed\\rootAPI - Copy\\rootAPI - Copy\\vendor\\laravel\\framework\\src\\Illuminate\\Pipeline\\Pipeline.php(180): Illuminate\\Foundation\\Http\\Middleware\\ConvertEmptyStringsToNull->handle(Object(Illuminate\\Http\\Request), Object(Closure))
#56 C:\\Users\\USER\\Downloads\\Compressed\\rootAPI - Copy\\rootAPI - Copy\\vendor\\laravel\\framework\\src\\Illuminate\\Foundation\\Http\\Middleware\\TransformsRequest.php(21): Illuminate\\Pipeline\\Pipeline->Illuminate\\Pipeline\\{closure}(Object(Illuminate\\Http\\Request))
#57 C:\\Users\\USER\\Downloads\\Compressed\\rootAPI - Copy\\rootAPI - Copy\\vendor\\laravel\\framework\\src\\Illuminate\\Foundation\\Http\\Middleware\\TrimStrings.php(40): Illuminate\\Foundation\\Http\\Middleware\\TransformsRequest->handle(Object(Illuminate\\Http\\Request), Object(Closure))
#58 C:\\Users\\USER\\Downloads\\Compressed\\rootAPI - Copy\\rootAPI - Copy\\vendor\\laravel\\framework\\src\\Illuminate\\Pipeline\\Pipeline.php(180): Illuminate\\Foundation\\Http\\Middleware\\TrimStrings->handle(Object(Illuminate\\Http\\Request), Object(Closure))
#59 C:\\Users\\USER\\Downloads\\Compressed\\rootAPI - Copy\\rootAPI - Copy\\vendor\\laravel\\framework\\src\\Illuminate\\Foundation\\Http\\Middleware\\ValidatePostSize.php(27): Illuminate\\Pipeline\\Pipeline->Illuminate\\Pipeline\\{closure}(Object(Illuminate\\Http\\Request))
#60 C:\\Users\\USER\\Downloads\\Compressed\\rootAPI - Copy\\rootAPI - Copy\\vendor\\laravel\\framework\\src\\Illuminate\\Pipeline\\Pipeline.php(180): Illuminate\\Foundation\\Http\\Middleware\\ValidatePostSize->handle(Object(Illuminate\\Http\\Request), Object(Closure))
#61 C:\\Users\\USER\\Downloads\\Compressed\\rootAPI - Copy\\rootAPI - Copy\\vendor\\laravel\\framework\\src\\Illuminate\\Foundation\\Http\\Middleware\\PreventRequestsDuringMaintenance.php(99): Illuminate\\Pipeline\\Pipeline->Illuminate\\Pipeline\\{closure}(Object(Illuminate\\Http\\Request))
#62 C:\\Users\\USER\\Downloads\\Compressed\\rootAPI - Copy\\rootAPI - Copy\\vendor\\laravel\\framework\\src\\Illuminate\\Pipeline\\Pipeline.php(180): Illuminate\\Foundation\\Http\\Middleware\\PreventRequestsDuringMaintenance->handle(Object(Illuminate\\Http\\Request), Object(Closure))
#63 C:\\Users\\USER\\Downloads\\Compressed\\rootAPI - Copy\\rootAPI - Copy\\vendor\\laravel\\framework\\src\\Illuminate\\Http\\Middleware\\HandleCors.php(62): Illuminate\\Pipeline\\Pipeline->Illuminate\\Pipeline\\{closure}(Object(Illuminate\\Http\\Request))
#64 C:\\Users\\USER\\Downloads\\Compressed\\rootAPI - Copy\\rootAPI - Copy\\vendor\\laravel\\framework\\src\\Illuminate\\Pipeline\\Pipeline.php(180): Illuminate\\Http\\Middleware\\HandleCors->handle(Object(Illuminate\\Http\\Request), Object(Closure))
#65 C:\\Users\\USER\\Downloads\\Compressed\\rootAPI - Copy\\rootAPI - Copy\\vendor\\laravel\\framework\\src\\Illuminate\\Http\\Middleware\\TrustProxies.php(39): Illuminate\\Pipeline\\Pipeline->Illuminate\\Pipeline\\{closure}(Object(Illuminate\\Http\\Request))
#66 C:\\Users\\USER\\Downloads\\Compressed\\rootAPI - Copy\\rootAPI - Copy\\vendor\\laravel\\framework\\src\\Illuminate\\Pipeline\\Pipeline.php(180): Illuminate\\Http\\Middleware\\TrustProxies->handle(Object(Illuminate\\Http\\Request), Object(Closure))
#67 C:\\Users\\USER\\Downloads\\Compressed\\rootAPI - Copy\\rootAPI - Copy\\vendor\\laravel\\framework\\src\\Illuminate\\Pipeline\\Pipeline.php(116): Illuminate\\Pipeline\\Pipeline->Illuminate\\Pipeline\\{closure}(Object(Illuminate\\Http\\Request))
#68 C:\\Users\\USER\\Downloads\\Compressed\\rootAPI - Copy\\rootAPI - Copy\\vendor\\laravel\\framework\\src\\Illuminate\\Foundation\\Http\\Kernel.php(175): Illuminate\\Pipeline\\Pipeline->then(Object(Closure))
#69 C:\\Users\\USER\\Downloads\\Compressed\\rootAPI - Copy\\rootAPI - Copy\\vendor\\laravel\\framework\\src\\Illuminate\\Foundation\\Http\\Kernel.php(144): Illuminate\\Foundation\\Http\\Kernel->sendRequestThroughRouter(Object(Illuminate\\Http\\Request))
#70 C:\\Users\\USER\\Downloads\\Compressed\\rootAPI - Copy\\rootAPI - Copy\\public\\index.php(52): Illuminate\\Foundation\\Http\\Kernel->handle(Object(Illuminate\\Http\\Request))
#71 C:\\Users\\USER\\Downloads\\Compressed\\rootAPI - Copy\\rootAPI - Copy\\vendor\\laravel\\framework\\src\\Illuminate\\Foundation\\resources\\server.php(16): require_once('C:\\\\Users\\\\USER\\\\D...')
#72 {main}

[previous exception] [object] (PDOException(code: 23000): SQLSTATE[23000]: Integrity constraint violation: 1048 Column 'name' cannot be null at C:\\Users\\USER\\Downloads\\Compressed\\rootAPI - Copy\\rootAPI - Copy\\vendor\\laravel\\framework\\src\\Illuminate\\Database\\Connection.php:580)
[stacktrace]
#0 C:\\Users\\USER\\Downloads\\Compressed\\rootAPI - Copy\\rootAPI - Copy\\vendor\\laravel\\framework\\src\\Illuminate\\Database\\Connection.php(580): PDOStatement->execute()
#1 C:\\Users\\USER\\Downloads\\Compressed\\rootAPI - Copy\\rootAPI - Copy\\vendor\\laravel\\framework\\src\\Illuminate\\Database\\Connection.php(809): Illuminate\\Database\\Connection->Illuminate\\Database\\{closure}('insert into `ag...', Array)
#2 C:\\Users\\USER\\Downloads\\Compressed\\rootAPI - Copy\\rootAPI - Copy\\vendor\\laravel\\framework\\src\\Illuminate\\Database\\Connection.php(776): Illuminate\\Database\\Connection->runQueryCallback('insert into `ag...', Array, Object(Closure))
#3 C:\\Users\\USER\\Downloads\\Compressed\\rootAPI - Copy\\rootAPI - Copy\\vendor\\laravel\\framework\\src\\Illuminate\\Database\\Connection.php(581): Illuminate\\Database\\Connection->run('insert into `ag...', Array, Object(Closure))
#4 C:\\Users\\USER\\Downloads\\Compressed\\rootAPI - Copy\\rootAPI - Copy\\vendor\\laravel\\framework\\src\\Illuminate\\Database\\Connection.php(533): Illuminate\\Database\\Connection->statement('insert into `ag...', Array)
#5 C:\\Users\\USER\\Downloads\\Compressed\\rootAPI - Copy\\rootAPI - Copy\\vendor\\laravel\\framework\\src\\Illuminate\\Database\\Query\\Processors\\Processor.php(32): Illuminate\\Database\\Connection->insert('insert into `ag...', Array)
#6 C:\\Users\\USER\\Downloads\\Compressed\\rootAPI - Copy\\rootAPI - Copy\\vendor\\laravel\\framework\\src\\Illuminate\\Database\\Query\\Builder.php(3387): Illuminate\\Database\\Query\\Processors\\Processor->processInsertGetId(Object(Illuminate\\Database\\Query\\Builder), 'insert into `ag...', Array, 'id')
#7 C:\\Users\\USER\\Downloads\\Compressed\\rootAPI - Copy\\rootAPI - Copy\\vendor\\laravel\\framework\\src\\Illuminate\\Database\\Eloquent\\Builder.php(1968): Illuminate\\Database\\Query\\Builder->insertGetId(Array, 'id')
#8 C:\\Users\\USER\\Downloads\\Compressed\\rootAPI - Copy\\rootAPI - Copy\\vendor\\laravel\\framework\\src\\Illuminate\\Database\\Eloquent\\Model.php(1333): Illuminate\\Database\\Eloquent\\Builder->__call('insertGetId', Array)
#9 C:\\Users\\USER\\Downloads\\Compressed\\rootAPI - Copy\\rootAPI - Copy\\vendor\\laravel\\framework\\src\\Illuminate\\Database\\Eloquent\\Model.php(1298): Illuminate\\Database\\Eloquent\\Model->insertAndSetId(Object(Illuminate\\Database\\Eloquent\\Builder), Array)
#10 C:\\Users\\USER\\Downloads\\Compressed\\rootAPI - Copy\\rootAPI - Copy\\vendor\\laravel\\framework\\src\\Illuminate\\Database\\Eloquent\\Model.php(1137): Illuminate\\Database\\Eloquent\\Model->performInsert(Object(Illuminate\\Database\\Eloquent\\Builder))
#11 C:\\Users\\USER\\Downloads\\Compressed\\rootAPI - Copy\\rootAPI - Copy\\vendor\\laravel\\framework\\src\\Illuminate\\Database\\Eloquent\\Builder.php(1023): Illuminate\\Database\\Eloquent\\Model->save()
#12 C:\\Users\\USER\\Downloads\\Compressed\\rootAPI - Copy\\rootAPI - Copy\\vendor\\laravel\\framework\\src\\Illuminate\\Support\\helpers.php(307): Illuminate\\Database\\Eloquent\\Builder->Illuminate\\Database\\Eloquent\\{closure}(Object(App\\Models\\AggregationPoint))
#13 C:\\Users\\USER\\Downloads\\Compressed\\rootAPI - Copy\\rootAPI - Copy\\vendor\\laravel\\framework\\src\\Illuminate\\Database\\Eloquent\\Builder.php(1024): tap(Object(App\\Models\\AggregationPoint), Object(Closure))
#14 C:\\Users\\USER\\Downloads\\Compressed\\rootAPI - Copy\\rootAPI - Copy\\vendor\\laravel\\framework\\src\\Illuminate\\Support\\Traits\\ForwardsCalls.php(23): Illuminate\\Database\\Eloquent\\Builder->create(Array)
#15 C:\\Users\\USER\\Downloads\\Compressed\\rootAPI - Copy\\rootAPI - Copy\\vendor\\laravel\\framework\\src\\Illuminate\\Database\\Eloquent\\Model.php(2334): Illuminate\\Database\\Eloquent\\Model->forwardCallTo(Object(Illuminate\\Database\\Eloquent\\Builder), 'create', Array)
#16 C:\\Users\\USER\\Downloads\\Compressed\\rootAPI - Copy\\rootAPI - Copy\\vendor\\laravel\\framework\\src\\Illuminate\\Database\\Eloquent\\Model.php(2346): Illuminate\\Database\\Eloquent\\Model->__call('create', Array)
#17 C:\\Users\\USER\\Downloads\\Compressed\\rootAPI - Copy\\rootAPI - Copy\\app\\Http\\Controllers\\AggregationPointController.php(40): Illuminate\\Database\\Eloquent\\Model::__callStatic('create', Array)
#18 C:\\Users\\USER\\Downloads\\Compressed\\rootAPI - Copy\\rootAPI - Copy\\vendor\\laravel\\framework\\src\\Illuminate\\Routing\\Controller.php(54): App\\Http\\Controllers\\AggregationPointController->store(Object(Illuminate\\Http\\Request))
#19 C:\\Users\\USER\\Downloads\\Compressed\\rootAPI - Copy\\rootAPI - Copy\\vendor\\laravel\\framework\\src\\Illuminate\\Routing\\ControllerDispatcher.php(43): Illuminate\\Routing\\Controller->callAction('store', Array)
#20 C:\\Users\\USER\\Downloads\\Compressed\\rootAPI - Copy\\rootAPI - Copy\\vendor\\laravel\\framework\\src\\Illuminate\\Routing\\Route.php(260): Illuminate\\Routing\\ControllerDispatcher->dispatch(Object(Illuminate\\Routing\\Route), Object(App\\Http\\Controllers\\AggregationPointController), 'store')
#21 C:\\Users\\USER\\Downloads\\Compressed\\rootAPI - Copy\\rootAPI - Copy\\vendor\\laravel\\framework\\src\\Illuminate\\Routing\\Route.php(205): Illuminate\\Routing\\Route->runController()
#22 C:\\Users\\USER\\Downloads\\Compressed\\rootAPI - Copy\\rootAPI - Copy\\vendor\\laravel\\framework\\src\\Illuminate\\Routing\\Router.php(799): Illuminate\\Routing\\Route->run()
#23 C:\\Users\\USER\\Downloads\\Compressed\\rootAPI - Copy\\rootAPI - Copy\\vendor\\laravel\\framework\\src\\Illuminate\\Pipeline\\Pipeline.php(141): Illuminate\\Routing\\Router->Illuminate\\Routing\\{closure}(Object(Illuminate\\Http\\Request))
#24 C:\\Users\\USER\\Downloads\\Compressed\\rootAPI - Copy\\rootAPI - Copy\\app\\Http\\Middleware\\CheckUserRole.php(25): Illuminate\\Pipeline\\Pipeline->Illuminate\\Pipeline\\{closure}(Object(Illuminate\\Http\\Request))
#25 C:\\Users\\USER\\Downloads\\Compressed\\rootAPI - Copy\\rootAPI - Copy\\vendor\\laravel\\framework\\src\\Illuminate\\Pipeline\\Pipeline.php(180): App\\Http\\Middleware\\CheckUserRole->handle(Object(Illuminate\\Http\\Request), Object(Closure), 'Company Leader')
#26 C:\\Users\\USER\\Downloads\\Compressed\\rootAPI - Copy\\rootAPI - Copy\\app\\Http\\Middleware\\LogApiRequests.php(15): Illuminate\\Pipeline\\Pipeline->Illuminate\\Pipeline\\{closure}(Object(Illuminate\\Http\\Request))
#27 C:\\Users\\USER\\Downloads\\Compressed\\rootAPI - Copy\\rootAPI - Copy\\vendor\\laravel\\framework\\src\\Illuminate\\Pipeline\\Pipeline.php(180): App\\Http\\Middleware\\LogApiRequests->handle(Object(Illuminate\\Http\\Request), Object(Closure))
#28 C:\\Users\\USER\\Downloads\\Compressed\\rootAPI - Copy\\rootAPI - Copy\\vendor\\laravel\\framework\\src\\Illuminate\\Foundation\\Http\\Middleware\\VerifyCsrfToken.php(78): Illuminate\\Pipeline\\Pipeline->Illuminate\\Pipeline\\{closure}(Object(Illuminate\\Http\\Request))
#29 C:\\Users\\USER\\Downloads\\Compressed\\rootAPI - Copy\\rootAPI - Copy\\vendor\\laravel\\framework\\src\\Illuminate\\Pipeline\\Pipeline.php(180): Illuminate\\Foundation\\Http\\Middleware\\VerifyCsrfToken->handle(Object(Illuminate\\Http\\Request), Object(Closure))
#30 C:\\Users\\USER\\Downloads\\Compressed\\rootAPI - Copy\\rootAPI - Copy\\vendor\\laravel\\framework\\src\\Illuminate\\Routing\\Middleware\\SubstituteBindings.php(50): Illuminate\\Pipeline\\Pipeline->Illuminate\\Pipeline\\{closure}(Object(Illuminate\\Http\\Request))
#31 C:\\Users\\USER\\Downloads\\Compressed\\rootAPI - Copy\\rootAPI - Copy\\vendor\\laravel\\framework\\src\\Illuminate\\Pipeline\\Pipeline.php(180): Illuminate\\Routing\\Middleware\\SubstituteBindings->handle(Object(Illuminate\\Http\\Request), Object(Closure))
#32 C:\\Users\\USER\\Downloads\\Compressed\\rootAPI - Copy\\rootAPI - Copy\\vendor\\laravel\\framework\\src\\Illuminate\\Routing\\Middleware\\ThrottleRequests.php(159): Illuminate\\Pipeline\\Pipeline->Illuminate\\Pipeline\\{closure}(Object(Illuminate\\Http\\Request))
#33 C:\\Users\\USER\\Downloads\\Compressed\\rootAPI - Copy\\rootAPI - Copy\\vendor\\laravel\\framework\\src\\Illuminate\\Routing\\Middleware\\ThrottleRequests.php(135): Illuminate\\Routing\\Middleware\\ThrottleRequests->handleRequest(Object(Illuminate\\Http\\Request), Object(Closure), Array)
#34 C:\\Users\\USER\\Downloads\\Compressed\\rootAPI - Copy\\rootAPI - Copy\\vendor\\laravel\\framework\\src\\Illuminate\\Routing\\Middleware\\ThrottleRequests.php(87): Illuminate\\Routing\\Middleware\\ThrottleRequests->handleRequestUsingNamedLimiter(Object(Illuminate\\Http\\Request), Object(Closure), 'api', Object(Closure))
#35 C:\\Users\\USER\\Downloads\\Compressed\\rootAPI - Copy\\rootAPI - Copy\\vendor\\laravel\\framework\\src\\Illuminate\\Pipeline\\Pipeline.php(180): Illuminate\\Routing\\Middleware\\ThrottleRequests->handle(Object(Illuminate\\Http\\Request), Object(Closure), 'api')
#36 C:\\Users\\USER\\Downloads\\Compressed\\rootAPI - Copy\\rootAPI - Copy\\vendor\\laravel\\framework\\src\\Illuminate\\Auth\\Middleware\\Authenticate.php(57): Illuminate\\Pipeline\\Pipeline->Illuminate\\Pipeline\\{closure}(Object(Illuminate\\Http\\Request))
#37 C:\\Users\\USER\\Downloads\\Compressed\\rootAPI - Copy\\rootAPI - Copy\\vendor\\laravel\\framework\\src\\Illuminate\\Pipeline\\Pipeline.php(180): Illuminate\\Auth\\Middleware\\Authenticate->handle(Object(Illuminate\\Http\\Request), Object(Closure), 'sanctum')
#38 C:\\Users\\USER\\Downloads\\Compressed\\rootAPI - Copy\\rootAPI - Copy\\vendor\\laravel\\framework\\src\\Illuminate\\View\\Middleware\\ShareErrorsFromSession.php(49): Illuminate\\Pipeline\\Pipeline->Illuminate\\Pipeline\\{closure}(Object(Illuminate\\Http\\Request))
#39 C:\\Users\\USER\\Downloads\\Compressed\\rootAPI - Copy\\rootAPI - Copy\\vendor\\laravel\\framework\\src\\Illuminate\\Pipeline\\Pipeline.php(180): Illuminate\\View\\Middleware\\ShareErrorsFromSession->handle(Object(Illuminate\\Http\\Request), Object(Closure))
#40 C:\\Users\\USER\\Downloads\\Compressed\\rootAPI - Copy\\rootAPI - Copy\\vendor\\laravel\\framework\\src\\Illuminate\\Session\\Middleware\\StartSession.php(121): Illuminate\\Pipeline\\Pipeline->Illuminate\\Pipeline\\{closure}(Object(Illuminate\\Http\\Request))
#41 C:\\Users\\USER\\Downloads\\Compressed\\rootAPI - Copy\\rootAPI - Copy\\vendor\\laravel\\framework\\src\\Illuminate\\Session\\Middleware\\StartSession.php(64): Illuminate\\Session\\Middleware\\StartSession->handleStatefulRequest(Object(Illuminate\\Http\\Request), Object(Illuminate\\Session\\Store), Object(Closure))
#42 C:\\Users\\USER\\Downloads\\Compressed\\rootAPI - Copy\\rootAPI - Copy\\vendor\\laravel\\framework\\src\\Illuminate\\Pipeline\\Pipeline.php(180): Illuminate\\Session\\Middleware\\StartSession->handle(Object(Illuminate\\Http\\Request), Object(Closure))
#43 C:\\Users\\USER\\Downloads\\Compressed\\rootAPI - Copy\\rootAPI - Copy\\vendor\\laravel\\sanctum\\src\\Http\\Middleware\\EnsureFrontendRequestsAreStateful.php(25): Illuminate\\Pipeline\\Pipeline->Illuminate\\Pipeline\\{closure}(Object(Illuminate\\Http\\Request))
#44 C:\\Users\\USER\\Downloads\\Compressed\\rootAPI - Copy\\rootAPI - Copy\\vendor\\laravel\\framework\\src\\Illuminate\\Pipeline\\Pipeline.php(141): Laravel\\Sanctum\\Http\\Middleware\\EnsureFrontendRequestsAreStateful->Laravel\\Sanctum\\Http\\Middleware\\{closure}(Object(Illuminate\\Http\\Request))
#45 C:\\Users\\USER\\Downloads\\Compressed\\rootAPI - Copy\\rootAPI - Copy\\vendor\\laravel\\framework\\src\\Illuminate\\Pipeline\\Pipeline.php(116): Illuminate\\Pipeline\\Pipeline->Illuminate\\Pipeline\\{closure}(Object(Illuminate\\Http\\Request))
#46 C:\\Users\\USER\\Downloads\\Compressed\\rootAPI - Copy\\rootAPI - Copy\\vendor\\laravel\\sanctum\\src\\Http\\Middleware\\EnsureFrontendRequestsAreStateful.php(26): Illuminate\\Pipeline\\Pipeline->then(Object(Closure))
#47 C:\\Users\\USER\\Downloads\\Compressed\\rootAPI - Copy\\rootAPI - Copy\\vendor\\laravel\\framework\\src\\Illuminate\\Pipeline\\Pipeline.php(180): Laravel\\Sanctum\\Http\\Middleware\\EnsureFrontendRequestsAreStateful->handle(Object(Illuminate\\Http\\Request), Object(Closure))
#48 C:\\Users\\USER\\Downloads\\Compressed\\rootAPI - Copy\\rootAPI - Copy\\vendor\\laravel\\framework\\src\\Illuminate\\Pipeline\\Pipeline.php(116): Illuminate\\Pipeline\\Pipeline->Illuminate\\Pipeline\\{closure}(Object(Illuminate\\Http\\Request))
#49 C:\\Users\\USER\\Downloads\\Compressed\\rootAPI - Copy\\rootAPI - Copy\\vendor\\laravel\\framework\\src\\Illuminate\\Routing\\Router.php(800): Illuminate\\Pipeline\\Pipeline->then(Object(Closure))
#50 C:\\Users\\USER\\Downloads\\Compressed\\rootAPI - Copy\\rootAPI - Copy\\vendor\\laravel\\framework\\src\\Illuminate\\Routing\\Router.php(777): Illuminate\\Routing\\Router->runRouteWithinStack(Object(Illuminate\\Routing\\Route), Object(Illuminate\\Http\\Request))
#51 C:\\Users\\USER\\Downloads\\Compressed\\rootAPI - Copy\\rootAPI - Copy\\vendor\\laravel\\framework\\src\\Illuminate\\Routing\\Router.php(741): Illuminate\\Routing\\Router->runRoute(Object(Illuminate\\Http\\Request), Object(Illuminate\\Routing\\Route))
#52 C:\\Users\\USER\\Downloads\\Compressed\\rootAPI - Copy\\rootAPI - Copy\\vendor\\laravel\\framework\\src\\Illuminate\\Routing\\Router.php(730): Illuminate\\Routing\\Router->dispatchToRoute(Object(Illuminate\\Http\\Request))
#53 C:\\Users\\USER\\Downloads\\Compressed\\rootAPI - Copy\\rootAPI - Copy\\vendor\\laravel\\framework\\src\\Illuminate\\Foundation\\Http\\Kernel.php(200): Illuminate\\Routing\\Router->dispatch(Object(Illuminate\\Http\\Request))
#54 C:\\Users\\USER\\Downloads\\Compressed\\rootAPI - Copy\\rootAPI - Copy\\vendor\\laravel\\framework\\src\\Illuminate\\Pipeline\\Pipeline.php(141): Illuminate\\Foundation\\Http\\Kernel->Illuminate\\Foundation\\Http\\{closure}(Object(Illuminate\\Http\\Request))
#55 C:\\Users\\USER\\Downloads\\Compressed\\rootAPI - Copy\\rootAPI - Copy\\vendor\\laravel\\framework\\src\\Illuminate\\Foundation\\Http\\Middleware\\TransformsRequest.php(21): Illuminate\\Pipeline\\Pipeline->Illuminate\\Pipeline\\{closure}(Object(Illuminate\\Http\\Request))
#56 C:\\Users\\USER\\Downloads\\Compressed\\rootAPI - Copy\\rootAPI - Copy\\vendor\\laravel\\framework\\src\\Illuminate\\Foundation\\Http\\Middleware\\ConvertEmptyStringsToNull.php(31): Illuminate\\Foundation\\Http\\Middleware\\TransformsRequest->handle(Object(Illuminate\\Http\\Request), Object(Closure))
#57 C:\\Users\\USER\\Downloads\\Compressed\\rootAPI - Copy\\rootAPI - Copy\\vendor\\laravel\\framework\\src\\Illuminate\\Pipeline\\Pipeline.php(180): Illuminate\\Foundation\\Http\\Middleware\\ConvertEmptyStringsToNull->handle(Object(Illuminate\\Http\\Request), Object(Closure))
#58 C:\\Users\\USER\\Downloads\\Compressed\\rootAPI - Copy\\rootAPI - Copy\\vendor\\laravel\\framework\\src\\Illuminate\\Foundation\\Http\\Middleware\\TransformsRequest.php(21): Illuminate\\Pipeline\\Pipeline->Illuminate\\Pipeline\\{closure}(Object(Illuminate\\Http\\Request))
#59 C:\\Users\\USER\\Downloads\\Compressed\\rootAPI - Copy\\rootAPI - Copy\\vendor\\laravel\\framework\\src\\Illuminate\\Foundation\\Http\\Middleware\\TrimStrings.php(40): Illuminate\\Foundation\\Http\\Middleware\\TransformsRequest->handle(Object(Illuminate\\Http\\Request), Object(Closure))
#60 C:\\Users\\USER\\Downloads\\Compressed\\rootAPI - Copy\\rootAPI - Copy\\vendor\\laravel\\framework\\src\\Illuminate\\Pipeline\\Pipeline.php(180): Illuminate\\Foundation\\Http\\Middleware\\TrimStrings->handle(Object(Illuminate\\Http\\Request), Object(Closure))
#61 C:\\Users\\USER\\Downloads\\Compressed\\rootAPI - Copy\\rootAPI - Copy\\vendor\\laravel\\framework\\src\\Illuminate\\Foundation\\Http\\Middleware\\ValidatePostSize.php(27): Illuminate\\Pipeline\\Pipeline->Illuminate\\Pipeline\\{closure}(Object(Illuminate\\Http\\Request))
#62 C:\\Users\\USER\\Downloads\\Compressed\\rootAPI - Copy\\rootAPI - Copy\\vendor\\laravel\\framework\\src\\Illuminate\\Pipeline\\Pipeline.php(180): Illuminate\\Foundation\\Http\\Middleware\\ValidatePostSize->handle(Object(Illuminate\\Http\\Request), Object(Closure))
#63 C:\\Users\\USER\\Downloads\\Compressed\\rootAPI - Copy\\rootAPI - Copy\\vendor\\laravel\\framework\\src\\Illuminate\\Foundation\\Http\\Middleware\\PreventRequestsDuringMaintenance.php(99): Illuminate\\Pipeline\\Pipeline->Illuminate\\Pipeline\\{closure}(Object(Illuminate\\Http\\Request))
#64 C:\\Users\\USER\\Downloads\\Compressed\\rootAPI - Copy\\rootAPI - Copy\\vendor\\laravel\\framework\\src\\Illuminate\\Pipeline\\Pipeline.php(180): Illuminate\\Foundation\\Http\\Middleware\\PreventRequestsDuringMaintenance->handle(Object(Illuminate\\Http\\Request), Object(Closure))
#65 C:\\Users\\USER\\Downloads\\Compressed\\rootAPI - Copy\\rootAPI - Copy\\vendor\\laravel\\framework\\src\\Illuminate\\Http\\Middleware\\HandleCors.php(62): Illuminate\\Pipeline\\Pipeline->Illuminate\\Pipeline\\{closure}(Object(Illuminate\\Http\\Request))
#66 C:\\Users\\USER\\Downloads\\Compressed\\rootAPI - Copy\\rootAPI - Copy\\vendor\\laravel\\framework\\src\\Illuminate\\Pipeline\\Pipeline.php(180): Illuminate\\Http\\Middleware\\HandleCors->handle(Object(Illuminate\\Http\\Request), Object(Closure))
#67 C:\\Users\\USER\\Downloads\\Compressed\\rootAPI - Copy\\rootAPI - Copy\\vendor\\laravel\\framework\\src\\Illuminate\\Http\\Middleware\\TrustProxies.php(39): Illuminate\\Pipeline\\Pipeline->Illuminate\\Pipeline\\{closure}(Object(Illuminate\\Http\\Request))
#68 C:\\Users\\USER\\Downloads\\Compressed\\rootAPI - Copy\\rootAPI - Copy\\vendor\\laravel\\framework\\src\\Illuminate\\Pipeline\\Pipeline.php(180): Illuminate\\Http\\Middleware\\TrustProxies->handle(Object(Illuminate\\Http\\Request), Object(Closure))
#69 C:\\Users\\USER\\Downloads\\Compressed\\rootAPI - Copy\\rootAPI - Copy\\vendor\\laravel\\framework\\src\\Illuminate\\Pipeline\\Pipeline.php(116): Illuminate\\Pipeline\\Pipeline->Illuminate\\Pipeline\\{closure}(Object(Illuminate\\Http\\Request))
#70 C:\\Users\\USER\\Downloads\\Compressed\\rootAPI - Copy\\rootAPI - Copy\\vendor\\laravel\\framework\\src\\Illuminate\\Foundation\\Http\\Kernel.php(175): Illuminate\\Pipeline\\Pipeline->then(Object(Closure))
#71 C:\\Users\\USER\\Downloads\\Compressed\\rootAPI - Copy\\rootAPI - Copy\\vendor\\laravel\\framework\\src\\Illuminate\\Foundation\\Http\\Kernel.php(144): Illuminate\\Foundation\\Http\\Kernel->sendRequestThroughRouter(Object(Illuminate\\Http\\Request))
#72 C:\\Users\\USER\\Downloads\\Compressed\\rootAPI - Copy\\rootAPI - Copy\\public\\index.php(52): Illuminate\\Foundation\\Http\\Kernel->handle(Object(Illuminate\\Http\\Request))
#73 C:\\Users\\USER\\Downloads\\Compressed\\rootAPI - Copy\\rootAPI - Copy\\vendor\\laravel\\framework\\src\\Illuminate\\Foundation\\resources\\server.php(16): require_once('C:\\\\Users\\\\USER\\\\D...')
#74 {main}
"} 
[2023-11-21 04:33:53] local.INFO: 2023-11-21 04:33:53 POST:"http://127.0.0.1:8000/api/aggregationPoint" - Execution Time: 1076.6868591309ms  
[2023-11-21 04:34:44] local.INFO: 2023-11-21 04:34:44 POST:"http://127.0.0.1:8000/api/aggregationPoint" - Execution Time: 28.208017349243ms  
[2023-11-21 04:34:59] local.INFO: 2023-11-21 04:34:59 POST:"http://127.0.0.1:8000/api/aggregationPoint" - Execution Time: 42.695999145508ms  
[2023-11-21 04:35:09] local.INFO: 2023-11-21 04:35:09 POST:"http://127.0.0.1:8000/api/aggregationPoint" - Execution Time: 32.841920852661ms  
[2023-11-21 04:35:25] local.INFO: 2023-11-21 04:35:25 POST:"http://127.0.0.1:8000/api/aggregationPoint" - Execution Time: 31.296014785767ms  
[2023-11-21 04:35:38] local.INFO: 2023-11-21 04:35:38 POST:"http://127.0.0.1:8000/api/aggregationPoint" - Execution Time: 32.557964324951ms  
[2023-11-21 04:35:48] local.INFO: 2023-11-21 04:35:48 POST:"http://127.0.0.1:8000/api/aggregationPoint" - Execution Time: 42.847156524658ms  
[2023-11-21 04:36:01] local.INFO: 2023-11-21 04:36:01 POST:"http://127.0.0.1:8000/api/aggregationPoint" - Execution Time: 35.238981246948ms  
[2023-11-21 04:36:10] local.INFO: 2023-11-21 04:36:10 POST:"http://127.0.0.1:8000/api/aggregationPoint" - Execution Time: 34.368991851807ms  
[2023-11-21 04:36:20] local.INFO: 2023-11-21 04:36:20 POST:"http://127.0.0.1:8000/api/aggregationPoint" - Execution Time: 35.475969314575ms  
[2023-11-21 04:38:33] local.INFO: 2023-11-21 04:38:33 POST:"http://127.0.0.1:8000/api/aggregationPoint" - Execution Time: 37.768840789795ms  
[2023-11-21 04:38:45] local.INFO: 2023-11-21 04:38:45 POST:"http://127.0.0.1:8000/api/aggregationPoint" - Execution Time: 27.779817581177ms  
[2023-11-21 04:38:58] local.INFO: 2023-11-21 04:38:58 POST:"http://127.0.0.1:8000/api/aggregationPoint" - Execution Time: 31.325101852417ms  
[2023-11-21 04:39:10] local.INFO: 2023-11-21 04:39:10 POST:"http://127.0.0.1:8000/api/aggregationPoint" - Execution Time: 30.713081359863ms  
[2023-11-21 04:39:19] local.INFO: 2023-11-21 04:39:19 POST:"http://127.0.0.1:8000/api/aggregationPoint" - Execution Time: 26.334047317505ms  
[2023-11-21 04:39:29] local.INFO: 2023-11-21 04:39:29 POST:"http://127.0.0.1:8000/api/aggregationPoint" - Execution Time: 25.799036026001ms  
[2023-11-21 04:39:40] local.INFO: 2023-11-21 04:39:40 POST:"http://127.0.0.1:8000/api/aggregationPoint" - Execution Time: 29.972076416016ms  
[2023-11-21 04:39:51] local.INFO: 2023-11-21 04:39:51 POST:"http://127.0.0.1:8000/api/aggregationPoint" - Execution Time: 32.559871673584ms  
[2023-11-21 04:40:00] local.INFO: 2023-11-21 04:40:00 POST:"http://127.0.0.1:8000/api/aggregationPoint" - Execution Time: 25.329113006592ms  
[2023-11-21 04:40:12] local.INFO: 2023-11-21 04:40:12 POST:"http://127.0.0.1:8000/api/aggregationPoint" - Execution Time: 31.231164932251ms  
[2023-11-21 04:46:39] local.INFO: 2023-11-21 04:46:39 GET:"http://127.0.0.1:8000/api/aggregationPoint" - Execution Time: 37.072896957397ms  
[2023-11-21 04:47:43] local.INFO: 2023-11-21 04:47:43 POST:"http://127.0.0.1:8000/api/aggregationHead" - Execution Time: 500.06413459778ms  
[2023-11-21 04:48:06] local.INFO: 2023-11-21 04:48:06 POST:"http://127.0.0.1:8000/api/aggregationHead" - Execution Time: 413.17105293274ms  
[2023-11-21 04:58:48] local.ERROR: SQLSTATE[23000]: Integrity constraint violation: 1048 Column 'name' cannot be null (Connection: mysql, SQL: insert into `aggregation_points` (`name`, `code`, `address`, `phone`, `email`, `operatingHours`, `status`, `notes`, `updated_at`, `created_at`) values (?, ?, ?, ?, ?, ?, ?, ?, 2023-11-21 04:58:48, 2023-11-21 04:58:48)) {"userId":4,"exception":"[object] (Illuminate\\Database\\QueryException(code: 23000): SQLSTATE[23000]: Integrity constraint violation: 1048 Column 'name' cannot be null (Connection: mysql, SQL: insert into `aggregation_points` (`name`, `code`, `address`, `phone`, `email`, `operatingHours`, `status`, `notes`, `updated_at`, `created_at`) values (?, ?, ?, ?, ?, ?, ?, ?, 2023-11-21 04:58:48, 2023-11-21 04:58:48)) at C:\\Users\\USER\\Downloads\\Compressed\\rootAPI - Copy\\rootAPI - Copy\\vendor\\laravel\\framework\\src\\Illuminate\\Database\\Connection.php:822)
[stacktrace]
#0 C:\\Users\\USER\\Downloads\\Compressed\\rootAPI - Copy\\rootAPI - Copy\\vendor\\laravel\\framework\\src\\Illuminate\\Database\\Connection.php(776): Illuminate\\Database\\Connection->runQueryCallback('insert into `ag...', Array, Object(Closure))
#1 C:\\Users\\USER\\Downloads\\Compressed\\rootAPI - Copy\\rootAPI - Copy\\vendor\\laravel\\framework\\src\\Illuminate\\Database\\Connection.php(581): Illuminate\\Database\\Connection->run('insert into `ag...', Array, Object(Closure))
#2 C:\\Users\\USER\\Downloads\\Compressed\\rootAPI - Copy\\rootAPI - Copy\\vendor\\laravel\\framework\\src\\Illuminate\\Database\\Connection.php(533): Illuminate\\Database\\Connection->statement('insert into `ag...', Array)
#3 C:\\Users\\USER\\Downloads\\Compressed\\rootAPI - Copy\\rootAPI - Copy\\vendor\\laravel\\framework\\src\\Illuminate\\Database\\Query\\Processors\\Processor.php(32): Illuminate\\Database\\Connection->insert('insert into `ag...', Array)
#4 C:\\Users\\USER\\Downloads\\Compressed\\rootAPI - Copy\\rootAPI - Copy\\vendor\\laravel\\framework\\src\\Illuminate\\Database\\Query\\Builder.php(3387): Illuminate\\Database\\Query\\Processors\\Processor->processInsertGetId(Object(Illuminate\\Database\\Query\\Builder), 'insert into `ag...', Array, 'id')
#5 C:\\Users\\USER\\Downloads\\Compressed\\rootAPI - Copy\\rootAPI - Copy\\vendor\\laravel\\framework\\src\\Illuminate\\Database\\Eloquent\\Builder.php(1968): Illuminate\\Database\\Query\\Builder->insertGetId(Array, 'id')
#6 C:\\Users\\USER\\Downloads\\Compressed\\rootAPI - Copy\\rootAPI - Copy\\vendor\\laravel\\framework\\src\\Illuminate\\Database\\Eloquent\\Model.php(1333): Illuminate\\Database\\Eloquent\\Builder->__call('insertGetId', Array)
#7 C:\\Users\\USER\\Downloads\\Compressed\\rootAPI - Copy\\rootAPI - Copy\\vendor\\laravel\\framework\\src\\Illuminate\\Database\\Eloquent\\Model.php(1298): Illuminate\\Database\\Eloquent\\Model->insertAndSetId(Object(Illuminate\\Database\\Eloquent\\Builder), Array)
#8 C:\\Users\\USER\\Downloads\\Compressed\\rootAPI - Copy\\rootAPI - Copy\\vendor\\laravel\\framework\\src\\Illuminate\\Database\\Eloquent\\Model.php(1137): Illuminate\\Database\\Eloquent\\Model->performInsert(Object(Illuminate\\Database\\Eloquent\\Builder))
#9 C:\\Users\\USER\\Downloads\\Compressed\\rootAPI - Copy\\rootAPI - Copy\\vendor\\laravel\\framework\\src\\Illuminate\\Database\\Eloquent\\Builder.php(1023): Illuminate\\Database\\Eloquent\\Model->save()
#10 C:\\Users\\USER\\Downloads\\Compressed\\rootAPI - Copy\\rootAPI - Copy\\vendor\\laravel\\framework\\src\\Illuminate\\Support\\helpers.php(307): Illuminate\\Database\\Eloquent\\Builder->Illuminate\\Database\\Eloquent\\{closure}(Object(App\\Models\\AggregationPoint))
#11 C:\\Users\\USER\\Downloads\\Compressed\\rootAPI - Copy\\rootAPI - Copy\\vendor\\laravel\\framework\\src\\Illuminate\\Database\\Eloquent\\Builder.php(1024): tap(Object(App\\Models\\AggregationPoint), Object(Closure))
#12 C:\\Users\\USER\\Downloads\\Compressed\\rootAPI - Copy\\rootAPI - Copy\\vendor\\laravel\\framework\\src\\Illuminate\\Support\\Traits\\ForwardsCalls.php(23): Illuminate\\Database\\Eloquent\\Builder->create(Array)
#13 C:\\Users\\USER\\Downloads\\Compressed\\rootAPI - Copy\\rootAPI - Copy\\vendor\\laravel\\framework\\src\\Illuminate\\Database\\Eloquent\\Model.php(2334): Illuminate\\Database\\Eloquent\\Model->forwardCallTo(Object(Illuminate\\Database\\Eloquent\\Builder), 'create', Array)
#14 C:\\Users\\USER\\Downloads\\Compressed\\rootAPI - Copy\\rootAPI - Copy\\vendor\\laravel\\framework\\src\\Illuminate\\Database\\Eloquent\\Model.php(2346): Illuminate\\Database\\Eloquent\\Model->__call('create', Array)
#15 C:\\Users\\USER\\Downloads\\Compressed\\rootAPI - Copy\\rootAPI - Copy\\app\\Http\\Controllers\\AggregationPointController.php(40): Illuminate\\Database\\Eloquent\\Model::__callStatic('create', Array)
#16 C:\\Users\\USER\\Downloads\\Compressed\\rootAPI - Copy\\rootAPI - Copy\\vendor\\laravel\\framework\\src\\Illuminate\\Routing\\Controller.php(54): App\\Http\\Controllers\\AggregationPointController->store(Object(Illuminate\\Http\\Request))
#17 C:\\Users\\USER\\Downloads\\Compressed\\rootAPI - Copy\\rootAPI - Copy\\vendor\\laravel\\framework\\src\\Illuminate\\Routing\\ControllerDispatcher.php(43): Illuminate\\Routing\\Controller->callAction('store', Array)
#18 C:\\Users\\USER\\Downloads\\Compressed\\rootAPI - Copy\\rootAPI - Copy\\vendor\\laravel\\framework\\src\\Illuminate\\Routing\\Route.php(260): Illuminate\\Routing\\ControllerDispatcher->dispatch(Object(Illuminate\\Routing\\Route), Object(App\\Http\\Controllers\\AggregationPointController), 'store')
#19 C:\\Users\\USER\\Downloads\\Compressed\\rootAPI - Copy\\rootAPI - Copy\\vendor\\laravel\\framework\\src\\Illuminate\\Routing\\Route.php(205): Illuminate\\Routing\\Route->runController()
#20 C:\\Users\\USER\\Downloads\\Compressed\\rootAPI - Copy\\rootAPI - Copy\\vendor\\laravel\\framework\\src\\Illuminate\\Routing\\Router.php(799): Illuminate\\Routing\\Route->run()
#21 C:\\Users\\USER\\Downloads\\Compressed\\rootAPI - Copy\\rootAPI - Copy\\vendor\\laravel\\framework\\src\\Illuminate\\Pipeline\\Pipeline.php(141): Illuminate\\Routing\\Router->Illuminate\\Routing\\{closure}(Object(Illuminate\\Http\\Request))
#22 C:\\Users\\USER\\Downloads\\Compressed\\rootAPI - Copy\\rootAPI - Copy\\app\\Http\\Middleware\\CheckUserRole.php(25): Illuminate\\Pipeline\\Pipeline->Illuminate\\Pipeline\\{closure}(Object(Illuminate\\Http\\Request))
#23 C:\\Users\\USER\\Downloads\\Compressed\\rootAPI - Copy\\rootAPI - Copy\\vendor\\laravel\\framework\\src\\Illuminate\\Pipeline\\Pipeline.php(180): App\\Http\\Middleware\\CheckUserRole->handle(Object(Illuminate\\Http\\Request), Object(Closure), 'Company Leader')
#24 C:\\Users\\USER\\Downloads\\Compressed\\rootAPI - Copy\\rootAPI - Copy\\app\\Http\\Middleware\\LogApiRequests.php(15): Illuminate\\Pipeline\\Pipeline->Illuminate\\Pipeline\\{closure}(Object(Illuminate\\Http\\Request))
#25 C:\\Users\\USER\\Downloads\\Compressed\\rootAPI - Copy\\rootAPI - Copy\\vendor\\laravel\\framework\\src\\Illuminate\\Pipeline\\Pipeline.php(180): App\\Http\\Middleware\\LogApiRequests->handle(Object(Illuminate\\Http\\Request), Object(Closure))
#26 C:\\Users\\USER\\Downloads\\Compressed\\rootAPI - Copy\\rootAPI - Copy\\vendor\\laravel\\framework\\src\\Illuminate\\Foundation\\Http\\Middleware\\VerifyCsrfToken.php(78): Illuminate\\Pipeline\\Pipeline->Illuminate\\Pipeline\\{closure}(Object(Illuminate\\Http\\Request))
#27 C:\\Users\\USER\\Downloads\\Compressed\\rootAPI - Copy\\rootAPI - Copy\\vendor\\laravel\\framework\\src\\Illuminate\\Pipeline\\Pipeline.php(180): Illuminate\\Foundation\\Http\\Middleware\\VerifyCsrfToken->handle(Object(Illuminate\\Http\\Request), Object(Closure))
#28 C:\\Users\\USER\\Downloads\\Compressed\\rootAPI - Copy\\rootAPI - Copy\\vendor\\laravel\\framework\\src\\Illuminate\\Routing\\Middleware\\SubstituteBindings.php(50): Illuminate\\Pipeline\\Pipeline->Illuminate\\Pipeline\\{closure}(Object(Illuminate\\Http\\Request))
#29 C:\\Users\\USER\\Downloads\\Compressed\\rootAPI - Copy\\rootAPI - Copy\\vendor\\laravel\\framework\\src\\Illuminate\\Pipeline\\Pipeline.php(180): Illuminate\\Routing\\Middleware\\SubstituteBindings->handle(Object(Illuminate\\Http\\Request), Object(Closure))
#30 C:\\Users\\USER\\Downloads\\Compressed\\rootAPI - Copy\\rootAPI - Copy\\vendor\\laravel\\framework\\src\\Illuminate\\Routing\\Middleware\\ThrottleRequests.php(159): Illuminate\\Pipeline\\Pipeline->Illuminate\\Pipeline\\{closure}(Object(Illuminate\\Http\\Request))
#31 C:\\Users\\USER\\Downloads\\Compressed\\rootAPI - Copy\\rootAPI - Copy\\vendor\\laravel\\framework\\src\\Illuminate\\Routing\\Middleware\\ThrottleRequests.php(135): Illuminate\\Routing\\Middleware\\ThrottleRequests->handleRequest(Object(Illuminate\\Http\\Request), Object(Closure), Array)
#32 C:\\Users\\USER\\Downloads\\Compressed\\rootAPI - Copy\\rootAPI - Copy\\vendor\\laravel\\framework\\src\\Illuminate\\Routing\\Middleware\\ThrottleRequests.php(87): Illuminate\\Routing\\Middleware\\ThrottleRequests->handleRequestUsingNamedLimiter(Object(Illuminate\\Http\\Request), Object(Closure), 'api', Object(Closure))
#33 C:\\Users\\USER\\Downloads\\Compressed\\rootAPI - Copy\\rootAPI - Copy\\vendor\\laravel\\framework\\src\\Illuminate\\Pipeline\\Pipeline.php(180): Illuminate\\Routing\\Middleware\\ThrottleRequests->handle(Object(Illuminate\\Http\\Request), Object(Closure), 'api')
#34 C:\\Users\\USER\\Downloads\\Compressed\\rootAPI - Copy\\rootAPI - Copy\\vendor\\laravel\\framework\\src\\Illuminate\\Auth\\Middleware\\Authenticate.php(57): Illuminate\\Pipeline\\Pipeline->Illuminate\\Pipeline\\{closure}(Object(Illuminate\\Http\\Request))
#35 C:\\Users\\USER\\Downloads\\Compressed\\rootAPI - Copy\\rootAPI - Copy\\vendor\\laravel\\framework\\src\\Illuminate\\Pipeline\\Pipeline.php(180): Illuminate\\Auth\\Middleware\\Authenticate->handle(Object(Illuminate\\Http\\Request), Object(Closure), 'sanctum')
#36 C:\\Users\\USER\\Downloads\\Compressed\\rootAPI - Copy\\rootAPI - Copy\\vendor\\laravel\\framework\\src\\Illuminate\\View\\Middleware\\ShareErrorsFromSession.php(49): Illuminate\\Pipeline\\Pipeline->Illuminate\\Pipeline\\{closure}(Object(Illuminate\\Http\\Request))
#37 C:\\Users\\USER\\Downloads\\Compressed\\rootAPI - Copy\\rootAPI - Copy\\vendor\\laravel\\framework\\src\\Illuminate\\Pipeline\\Pipeline.php(180): Illuminate\\View\\Middleware\\ShareErrorsFromSession->handle(Object(Illuminate\\Http\\Request), Object(Closure))
#38 C:\\Users\\USER\\Downloads\\Compressed\\rootAPI - Copy\\rootAPI - Copy\\vendor\\laravel\\framework\\src\\Illuminate\\Session\\Middleware\\StartSession.php(121): Illuminate\\Pipeline\\Pipeline->Illuminate\\Pipeline\\{closure}(Object(Illuminate\\Http\\Request))
#39 C:\\Users\\USER\\Downloads\\Compressed\\rootAPI - Copy\\rootAPI - Copy\\vendor\\laravel\\framework\\src\\Illuminate\\Session\\Middleware\\StartSession.php(64): Illuminate\\Session\\Middleware\\StartSession->handleStatefulRequest(Object(Illuminate\\Http\\Request), Object(Illuminate\\Session\\Store), Object(Closure))
#40 C:\\Users\\USER\\Downloads\\Compressed\\rootAPI - Copy\\rootAPI - Copy\\vendor\\laravel\\framework\\src\\Illuminate\\Pipeline\\Pipeline.php(180): Illuminate\\Session\\Middleware\\StartSession->handle(Object(Illuminate\\Http\\Request), Object(Closure))
#41 C:\\Users\\USER\\Downloads\\Compressed\\rootAPI - Copy\\rootAPI - Copy\\vendor\\laravel\\sanctum\\src\\Http\\Middleware\\EnsureFrontendRequestsAreStateful.php(25): Illuminate\\Pipeline\\Pipeline->Illuminate\\Pipeline\\{closure}(Object(Illuminate\\Http\\Request))
#42 C:\\Users\\USER\\Downloads\\Compressed\\rootAPI - Copy\\rootAPI - Copy\\vendor\\laravel\\framework\\src\\Illuminate\\Pipeline\\Pipeline.php(141): Laravel\\Sanctum\\Http\\Middleware\\EnsureFrontendRequestsAreStateful->Laravel\\Sanctum\\Http\\Middleware\\{closure}(Object(Illuminate\\Http\\Request))
#43 C:\\Users\\USER\\Downloads\\Compressed\\rootAPI - Copy\\rootAPI - Copy\\vendor\\laravel\\framework\\src\\Illuminate\\Pipeline\\Pipeline.php(116): Illuminate\\Pipeline\\Pipeline->Illuminate\\Pipeline\\{closure}(Object(Illuminate\\Http\\Request))
#44 C:\\Users\\USER\\Downloads\\Compressed\\rootAPI - Copy\\rootAPI - Copy\\vendor\\laravel\\sanctum\\src\\Http\\Middleware\\EnsureFrontendRequestsAreStateful.php(26): Illuminate\\Pipeline\\Pipeline->then(Object(Closure))
#45 C:\\Users\\USER\\Downloads\\Compressed\\rootAPI - Copy\\rootAPI - Copy\\vendor\\laravel\\framework\\src\\Illuminate\\Pipeline\\Pipeline.php(180): Laravel\\Sanctum\\Http\\Middleware\\EnsureFrontendRequestsAreStateful->handle(Object(Illuminate\\Http\\Request), Object(Closure))
#46 C:\\Users\\USER\\Downloads\\Compressed\\rootAPI - Copy\\rootAPI - Copy\\vendor\\laravel\\framework\\src\\Illuminate\\Pipeline\\Pipeline.php(116): Illuminate\\Pipeline\\Pipeline->Illuminate\\Pipeline\\{closure}(Object(Illuminate\\Http\\Request))
#47 C:\\Users\\USER\\Downloads\\Compressed\\rootAPI - Copy\\rootAPI - Copy\\vendor\\laravel\\framework\\src\\Illuminate\\Routing\\Router.php(800): Illuminate\\Pipeline\\Pipeline->then(Object(Closure))
#48 C:\\Users\\USER\\Downloads\\Compressed\\rootAPI - Copy\\rootAPI - Copy\\vendor\\laravel\\framework\\src\\Illuminate\\Routing\\Router.php(777): Illuminate\\Routing\\Router->runRouteWithinStack(Object(Illuminate\\Routing\\Route), Object(Illuminate\\Http\\Request))
#49 C:\\Users\\USER\\Downloads\\Compressed\\rootAPI - Copy\\rootAPI - Copy\\vendor\\laravel\\framework\\src\\Illuminate\\Routing\\Router.php(741): Illuminate\\Routing\\Router->runRoute(Object(Illuminate\\Http\\Request), Object(Illuminate\\Routing\\Route))
#50 C:\\Users\\USER\\Downloads\\Compressed\\rootAPI - Copy\\rootAPI - Copy\\vendor\\laravel\\framework\\src\\Illuminate\\Routing\\Router.php(730): Illuminate\\Routing\\Router->dispatchToRoute(Object(Illuminate\\Http\\Request))
#51 C:\\Users\\USER\\Downloads\\Compressed\\rootAPI - Copy\\rootAPI - Copy\\vendor\\laravel\\framework\\src\\Illuminate\\Foundation\\Http\\Kernel.php(200): Illuminate\\Routing\\Router->dispatch(Object(Illuminate\\Http\\Request))
#52 C:\\Users\\USER\\Downloads\\Compressed\\rootAPI - Copy\\rootAPI - Copy\\vendor\\laravel\\framework\\src\\Illuminate\\Pipeline\\Pipeline.php(141): Illuminate\\Foundation\\Http\\Kernel->Illuminate\\Foundation\\Http\\{closure}(Object(Illuminate\\Http\\Request))
#53 C:\\Users\\USER\\Downloads\\Compressed\\rootAPI - Copy\\rootAPI - Copy\\vendor\\laravel\\framework\\src\\Illuminate\\Foundation\\Http\\Middleware\\TransformsRequest.php(21): Illuminate\\Pipeline\\Pipeline->Illuminate\\Pipeline\\{closure}(Object(Illuminate\\Http\\Request))
#54 C:\\Users\\USER\\Downloads\\Compressed\\rootAPI - Copy\\rootAPI - Copy\\vendor\\laravel\\framework\\src\\Illuminate\\Foundation\\Http\\Middleware\\ConvertEmptyStringsToNull.php(31): Illuminate\\Foundation\\Http\\Middleware\\TransformsRequest->handle(Object(Illuminate\\Http\\Request), Object(Closure))
#55 C:\\Users\\USER\\Downloads\\Compressed\\rootAPI - Copy\\rootAPI - Copy\\vendor\\laravel\\framework\\src\\Illuminate\\Pipeline\\Pipeline.php(180): Illuminate\\Foundation\\Http\\Middleware\\ConvertEmptyStringsToNull->handle(Object(Illuminate\\Http\\Request), Object(Closure))
#56 C:\\Users\\USER\\Downloads\\Compressed\\rootAPI - Copy\\rootAPI - Copy\\vendor\\laravel\\framework\\src\\Illuminate\\Foundation\\Http\\Middleware\\TransformsRequest.php(21): Illuminate\\Pipeline\\Pipeline->Illuminate\\Pipeline\\{closure}(Object(Illuminate\\Http\\Request))
#57 C:\\Users\\USER\\Downloads\\Compressed\\rootAPI - Copy\\rootAPI - Copy\\vendor\\laravel\\framework\\src\\Illuminate\\Foundation\\Http\\Middleware\\TrimStrings.php(40): Illuminate\\Foundation\\Http\\Middleware\\TransformsRequest->handle(Object(Illuminate\\Http\\Request), Object(Closure))
#58 C:\\Users\\USER\\Downloads\\Compressed\\rootAPI - Copy\\rootAPI - Copy\\vendor\\laravel\\framework\\src\\Illuminate\\Pipeline\\Pipeline.php(180): Illuminate\\Foundation\\Http\\Middleware\\TrimStrings->handle(Object(Illuminate\\Http\\Request), Object(Closure))
#59 C:\\Users\\USER\\Downloads\\Compressed\\rootAPI - Copy\\rootAPI - Copy\\vendor\\laravel\\framework\\src\\Illuminate\\Foundation\\Http\\Middleware\\ValidatePostSize.php(27): Illuminate\\Pipeline\\Pipeline->Illuminate\\Pipeline\\{closure}(Object(Illuminate\\Http\\Request))
#60 C:\\Users\\USER\\Downloads\\Compressed\\rootAPI - Copy\\rootAPI - Copy\\vendor\\laravel\\framework\\src\\Illuminate\\Pipeline\\Pipeline.php(180): Illuminate\\Foundation\\Http\\Middleware\\ValidatePostSize->handle(Object(Illuminate\\Http\\Request), Object(Closure))
#61 C:\\Users\\USER\\Downloads\\Compressed\\rootAPI - Copy\\rootAPI - Copy\\vendor\\laravel\\framework\\src\\Illuminate\\Foundation\\Http\\Middleware\\PreventRequestsDuringMaintenance.php(99): Illuminate\\Pipeline\\Pipeline->Illuminate\\Pipeline\\{closure}(Object(Illuminate\\Http\\Request))
#62 C:\\Users\\USER\\Downloads\\Compressed\\rootAPI - Copy\\rootAPI - Copy\\vendor\\laravel\\framework\\src\\Illuminate\\Pipeline\\Pipeline.php(180): Illuminate\\Foundation\\Http\\Middleware\\PreventRequestsDuringMaintenance->handle(Object(Illuminate\\Http\\Request), Object(Closure))
#63 C:\\Users\\USER\\Downloads\\Compressed\\rootAPI - Copy\\rootAPI - Copy\\vendor\\laravel\\framework\\src\\Illuminate\\Http\\Middleware\\HandleCors.php(62): Illuminate\\Pipeline\\Pipeline->Illuminate\\Pipeline\\{closure}(Object(Illuminate\\Http\\Request))
#64 C:\\Users\\USER\\Downloads\\Compressed\\rootAPI - Copy\\rootAPI - Copy\\vendor\\laravel\\framework\\src\\Illuminate\\Pipeline\\Pipeline.php(180): Illuminate\\Http\\Middleware\\HandleCors->handle(Object(Illuminate\\Http\\Request), Object(Closure))
#65 C:\\Users\\USER\\Downloads\\Compressed\\rootAPI - Copy\\rootAPI - Copy\\vendor\\laravel\\framework\\src\\Illuminate\\Http\\Middleware\\TrustProxies.php(39): Illuminate\\Pipeline\\Pipeline->Illuminate\\Pipeline\\{closure}(Object(Illuminate\\Http\\Request))
#66 C:\\Users\\USER\\Downloads\\Compressed\\rootAPI - Copy\\rootAPI - Copy\\vendor\\laravel\\framework\\src\\Illuminate\\Pipeline\\Pipeline.php(180): Illuminate\\Http\\Middleware\\TrustProxies->handle(Object(Illuminate\\Http\\Request), Object(Closure))
#67 C:\\Users\\USER\\Downloads\\Compressed\\rootAPI - Copy\\rootAPI - Copy\\vendor\\laravel\\framework\\src\\Illuminate\\Pipeline\\Pipeline.php(116): Illuminate\\Pipeline\\Pipeline->Illuminate\\Pipeline\\{closure}(Object(Illuminate\\Http\\Request))
#68 C:\\Users\\USER\\Downloads\\Compressed\\rootAPI - Copy\\rootAPI - Copy\\vendor\\laravel\\framework\\src\\Illuminate\\Foundation\\Http\\Kernel.php(175): Illuminate\\Pipeline\\Pipeline->then(Object(Closure))
#69 C:\\Users\\USER\\Downloads\\Compressed\\rootAPI - Copy\\rootAPI - Copy\\vendor\\laravel\\framework\\src\\Illuminate\\Foundation\\Http\\Kernel.php(144): Illuminate\\Foundation\\Http\\Kernel->sendRequestThroughRouter(Object(Illuminate\\Http\\Request))
#70 C:\\Users\\USER\\Downloads\\Compressed\\rootAPI - Copy\\rootAPI - Copy\\public\\index.php(52): Illuminate\\Foundation\\Http\\Kernel->handle(Object(Illuminate\\Http\\Request))
#71 C:\\Users\\USER\\Downloads\\Compressed\\rootAPI - Copy\\rootAPI - Copy\\vendor\\laravel\\framework\\src\\Illuminate\\Foundation\\resources\\server.php(16): require_once('C:\\\\Users\\\\USER\\\\D...')
#72 {main}

[previous exception] [object] (PDOException(code: 23000): SQLSTATE[23000]: Integrity constraint violation: 1048 Column 'name' cannot be null at C:\\Users\\USER\\Downloads\\Compressed\\rootAPI - Copy\\rootAPI - Copy\\vendor\\laravel\\framework\\src\\Illuminate\\Database\\Connection.php:580)
[stacktrace]
#0 C:\\Users\\USER\\Downloads\\Compressed\\rootAPI - Copy\\rootAPI - Copy\\vendor\\laravel\\framework\\src\\Illuminate\\Database\\Connection.php(580): PDOStatement->execute()
#1 C:\\Users\\USER\\Downloads\\Compressed\\rootAPI - Copy\\rootAPI - Copy\\vendor\\laravel\\framework\\src\\Illuminate\\Database\\Connection.php(809): Illuminate\\Database\\Connection->Illuminate\\Database\\{closure}('insert into `ag...', Array)
#2 C:\\Users\\USER\\Downloads\\Compressed\\rootAPI - Copy\\rootAPI - Copy\\vendor\\laravel\\framework\\src\\Illuminate\\Database\\Connection.php(776): Illuminate\\Database\\Connection->runQueryCallback('insert into `ag...', Array, Object(Closure))
#3 C:\\Users\\USER\\Downloads\\Compressed\\rootAPI - Copy\\rootAPI - Copy\\vendor\\laravel\\framework\\src\\Illuminate\\Database\\Connection.php(581): Illuminate\\Database\\Connection->run('insert into `ag...', Array, Object(Closure))
#4 C:\\Users\\USER\\Downloads\\Compressed\\rootAPI - Copy\\rootAPI - Copy\\vendor\\laravel\\framework\\src\\Illuminate\\Database\\Connection.php(533): Illuminate\\Database\\Connection->statement('insert into `ag...', Array)
#5 C:\\Users\\USER\\Downloads\\Compressed\\rootAPI - Copy\\rootAPI - Copy\\vendor\\laravel\\framework\\src\\Illuminate\\Database\\Query\\Processors\\Processor.php(32): Illuminate\\Database\\Connection->insert('insert into `ag...', Array)
#6 C:\\Users\\USER\\Downloads\\Compressed\\rootAPI - Copy\\rootAPI - Copy\\vendor\\laravel\\framework\\src\\Illuminate\\Database\\Query\\Builder.php(3387): Illuminate\\Database\\Query\\Processors\\Processor->processInsertGetId(Object(Illuminate\\Database\\Query\\Builder), 'insert into `ag...', Array, 'id')
#7 C:\\Users\\USER\\Downloads\\Compressed\\rootAPI - Copy\\rootAPI - Copy\\vendor\\laravel\\framework\\src\\Illuminate\\Database\\Eloquent\\Builder.php(1968): Illuminate\\Database\\Query\\Builder->insertGetId(Array, 'id')
#8 C:\\Users\\USER\\Downloads\\Compressed\\rootAPI - Copy\\rootAPI - Copy\\vendor\\laravel\\framework\\src\\Illuminate\\Database\\Eloquent\\Model.php(1333): Illuminate\\Database\\Eloquent\\Builder->__call('insertGetId', Array)
#9 C:\\Users\\USER\\Downloads\\Compressed\\rootAPI - Copy\\rootAPI - Copy\\vendor\\laravel\\framework\\src\\Illuminate\\Database\\Eloquent\\Model.php(1298): Illuminate\\Database\\Eloquent\\Model->insertAndSetId(Object(Illuminate\\Database\\Eloquent\\Builder), Array)
#10 C:\\Users\\USER\\Downloads\\Compressed\\rootAPI - Copy\\rootAPI - Copy\\vendor\\laravel\\framework\\src\\Illuminate\\Database\\Eloquent\\Model.php(1137): Illuminate\\Database\\Eloquent\\Model->performInsert(Object(Illuminate\\Database\\Eloquent\\Builder))
#11 C:\\Users\\USER\\Downloads\\Compressed\\rootAPI - Copy\\rootAPI - Copy\\vendor\\laravel\\framework\\src\\Illuminate\\Database\\Eloquent\\Builder.php(1023): Illuminate\\Database\\Eloquent\\Model->save()
#12 C:\\Users\\USER\\Downloads\\Compressed\\rootAPI - Copy\\rootAPI - Copy\\vendor\\laravel\\framework\\src\\Illuminate\\Support\\helpers.php(307): Illuminate\\Database\\Eloquent\\Builder->Illuminate\\Database\\Eloquent\\{closure}(Object(App\\Models\\AggregationPoint))
#13 C:\\Users\\USER\\Downloads\\Compressed\\rootAPI - Copy\\rootAPI - Copy\\vendor\\laravel\\framework\\src\\Illuminate\\Database\\Eloquent\\Builder.php(1024): tap(Object(App\\Models\\AggregationPoint), Object(Closure))
#14 C:\\Users\\USER\\Downloads\\Compressed\\rootAPI - Copy\\rootAPI - Copy\\vendor\\laravel\\framework\\src\\Illuminate\\Support\\Traits\\ForwardsCalls.php(23): Illuminate\\Database\\Eloquent\\Builder->create(Array)
#15 C:\\Users\\USER\\Downloads\\Compressed\\rootAPI - Copy\\rootAPI - Copy\\vendor\\laravel\\framework\\src\\Illuminate\\Database\\Eloquent\\Model.php(2334): Illuminate\\Database\\Eloquent\\Model->forwardCallTo(Object(Illuminate\\Database\\Eloquent\\Builder), 'create', Array)
#16 C:\\Users\\USER\\Downloads\\Compressed\\rootAPI - Copy\\rootAPI - Copy\\vendor\\laravel\\framework\\src\\Illuminate\\Database\\Eloquent\\Model.php(2346): Illuminate\\Database\\Eloquent\\Model->__call('create', Array)
#17 C:\\Users\\USER\\Downloads\\Compressed\\rootAPI - Copy\\rootAPI - Copy\\app\\Http\\Controllers\\AggregationPointController.php(40): Illuminate\\Database\\Eloquent\\Model::__callStatic('create', Array)
#18 C:\\Users\\USER\\Downloads\\Compressed\\rootAPI - Copy\\rootAPI - Copy\\vendor\\laravel\\framework\\src\\Illuminate\\Routing\\Controller.php(54): App\\Http\\Controllers\\AggregationPointController->store(Object(Illuminate\\Http\\Request))
#19 C:\\Users\\USER\\Downloads\\Compressed\\rootAPI - Copy\\rootAPI - Copy\\vendor\\laravel\\framework\\src\\Illuminate\\Routing\\ControllerDispatcher.php(43): Illuminate\\Routing\\Controller->callAction('store', Array)
#20 C:\\Users\\USER\\Downloads\\Compressed\\rootAPI - Copy\\rootAPI - Copy\\vendor\\laravel\\framework\\src\\Illuminate\\Routing\\Route.php(260): Illuminate\\Routing\\ControllerDispatcher->dispatch(Object(Illuminate\\Routing\\Route), Object(App\\Http\\Controllers\\AggregationPointController), 'store')
#21 C:\\Users\\USER\\Downloads\\Compressed\\rootAPI - Copy\\rootAPI - Copy\\vendor\\laravel\\framework\\src\\Illuminate\\Routing\\Route.php(205): Illuminate\\Routing\\Route->runController()
#22 C:\\Users\\USER\\Downloads\\Compressed\\rootAPI - Copy\\rootAPI - Copy\\vendor\\laravel\\framework\\src\\Illuminate\\Routing\\Router.php(799): Illuminate\\Routing\\Route->run()
#23 C:\\Users\\USER\\Downloads\\Compressed\\rootAPI - Copy\\rootAPI - Copy\\vendor\\laravel\\framework\\src\\Illuminate\\Pipeline\\Pipeline.php(141): Illuminate\\Routing\\Router->Illuminate\\Routing\\{closure}(Object(Illuminate\\Http\\Request))
#24 C:\\Users\\USER\\Downloads\\Compressed\\rootAPI - Copy\\rootAPI - Copy\\app\\Http\\Middleware\\CheckUserRole.php(25): Illuminate\\Pipeline\\Pipeline->Illuminate\\Pipeline\\{closure}(Object(Illuminate\\Http\\Request))
#25 C:\\Users\\USER\\Downloads\\Compressed\\rootAPI - Copy\\rootAPI - Copy\\vendor\\laravel\\framework\\src\\Illuminate\\Pipeline\\Pipeline.php(180): App\\Http\\Middleware\\CheckUserRole->handle(Object(Illuminate\\Http\\Request), Object(Closure), 'Company Leader')
#26 C:\\Users\\USER\\Downloads\\Compressed\\rootAPI - Copy\\rootAPI - Copy\\app\\Http\\Middleware\\LogApiRequests.php(15): Illuminate\\Pipeline\\Pipeline->Illuminate\\Pipeline\\{closure}(Object(Illuminate\\Http\\Request))
#27 C:\\Users\\USER\\Downloads\\Compressed\\rootAPI - Copy\\rootAPI - Copy\\vendor\\laravel\\framework\\src\\Illuminate\\Pipeline\\Pipeline.php(180): App\\Http\\Middleware\\LogApiRequests->handle(Object(Illuminate\\Http\\Request), Object(Closure))
#28 C:\\Users\\USER\\Downloads\\Compressed\\rootAPI - Copy\\rootAPI - Copy\\vendor\\laravel\\framework\\src\\Illuminate\\Foundation\\Http\\Middleware\\VerifyCsrfToken.php(78): Illuminate\\Pipeline\\Pipeline->Illuminate\\Pipeline\\{closure}(Object(Illuminate\\Http\\Request))
#29 C:\\Users\\USER\\Downloads\\Compressed\\rootAPI - Copy\\rootAPI - Copy\\vendor\\laravel\\framework\\src\\Illuminate\\Pipeline\\Pipeline.php(180): Illuminate\\Foundation\\Http\\Middleware\\VerifyCsrfToken->handle(Object(Illuminate\\Http\\Request), Object(Closure))
#30 C:\\Users\\USER\\Downloads\\Compressed\\rootAPI - Copy\\rootAPI - Copy\\vendor\\laravel\\framework\\src\\Illuminate\\Routing\\Middleware\\SubstituteBindings.php(50): Illuminate\\Pipeline\\Pipeline->Illuminate\\Pipeline\\{closure}(Object(Illuminate\\Http\\Request))
#31 C:\\Users\\USER\\Downloads\\Compressed\\rootAPI - Copy\\rootAPI - Copy\\vendor\\laravel\\framework\\src\\Illuminate\\Pipeline\\Pipeline.php(180): Illuminate\\Routing\\Middleware\\SubstituteBindings->handle(Object(Illuminate\\Http\\Request), Object(Closure))
#32 C:\\Users\\USER\\Downloads\\Compressed\\rootAPI - Copy\\rootAPI - Copy\\vendor\\laravel\\framework\\src\\Illuminate\\Routing\\Middleware\\ThrottleRequests.php(159): Illuminate\\Pipeline\\Pipeline->Illuminate\\Pipeline\\{closure}(Object(Illuminate\\Http\\Request))
#33 C:\\Users\\USER\\Downloads\\Compressed\\rootAPI - Copy\\rootAPI - Copy\\vendor\\laravel\\framework\\src\\Illuminate\\Routing\\Middleware\\ThrottleRequests.php(135): Illuminate\\Routing\\Middleware\\ThrottleRequests->handleRequest(Object(Illuminate\\Http\\Request), Object(Closure), Array)
#34 C:\\Users\\USER\\Downloads\\Compressed\\rootAPI - Copy\\rootAPI - Copy\\vendor\\laravel\\framework\\src\\Illuminate\\Routing\\Middleware\\ThrottleRequests.php(87): Illuminate\\Routing\\Middleware\\ThrottleRequests->handleRequestUsingNamedLimiter(Object(Illuminate\\Http\\Request), Object(Closure), 'api', Object(Closure))
#35 C:\\Users\\USER\\Downloads\\Compressed\\rootAPI - Copy\\rootAPI - Copy\\vendor\\laravel\\framework\\src\\Illuminate\\Pipeline\\Pipeline.php(180): Illuminate\\Routing\\Middleware\\ThrottleRequests->handle(Object(Illuminate\\Http\\Request), Object(Closure), 'api')
#36 C:\\Users\\USER\\Downloads\\Compressed\\rootAPI - Copy\\rootAPI - Copy\\vendor\\laravel\\framework\\src\\Illuminate\\Auth\\Middleware\\Authenticate.php(57): Illuminate\\Pipeline\\Pipeline->Illuminate\\Pipeline\\{closure}(Object(Illuminate\\Http\\Request))
#37 C:\\Users\\USER\\Downloads\\Compressed\\rootAPI - Copy\\rootAPI - Copy\\vendor\\laravel\\framework\\src\\Illuminate\\Pipeline\\Pipeline.php(180): Illuminate\\Auth\\Middleware\\Authenticate->handle(Object(Illuminate\\Http\\Request), Object(Closure), 'sanctum')
#38 C:\\Users\\USER\\Downloads\\Compressed\\rootAPI - Copy\\rootAPI - Copy\\vendor\\laravel\\framework\\src\\Illuminate\\View\\Middleware\\ShareErrorsFromSession.php(49): Illuminate\\Pipeline\\Pipeline->Illuminate\\Pipeline\\{closure}(Object(Illuminate\\Http\\Request))
#39 C:\\Users\\USER\\Downloads\\Compressed\\rootAPI - Copy\\rootAPI - Copy\\vendor\\laravel\\framework\\src\\Illuminate\\Pipeline\\Pipeline.php(180): Illuminate\\View\\Middleware\\ShareErrorsFromSession->handle(Object(Illuminate\\Http\\Request), Object(Closure))
#40 C:\\Users\\USER\\Downloads\\Compressed\\rootAPI - Copy\\rootAPI - Copy\\vendor\\laravel\\framework\\src\\Illuminate\\Session\\Middleware\\StartSession.php(121): Illuminate\\Pipeline\\Pipeline->Illuminate\\Pipeline\\{closure}(Object(Illuminate\\Http\\Request))
#41 C:\\Users\\USER\\Downloads\\Compressed\\rootAPI - Copy\\rootAPI - Copy\\vendor\\laravel\\framework\\src\\Illuminate\\Session\\Middleware\\StartSession.php(64): Illuminate\\Session\\Middleware\\StartSession->handleStatefulRequest(Object(Illuminate\\Http\\Request), Object(Illuminate\\Session\\Store), Object(Closure))
#42 C:\\Users\\USER\\Downloads\\Compressed\\rootAPI - Copy\\rootAPI - Copy\\vendor\\laravel\\framework\\src\\Illuminate\\Pipeline\\Pipeline.php(180): Illuminate\\Session\\Middleware\\StartSession->handle(Object(Illuminate\\Http\\Request), Object(Closure))
#43 C:\\Users\\USER\\Downloads\\Compressed\\rootAPI - Copy\\rootAPI - Copy\\vendor\\laravel\\sanctum\\src\\Http\\Middleware\\EnsureFrontendRequestsAreStateful.php(25): Illuminate\\Pipeline\\Pipeline->Illuminate\\Pipeline\\{closure}(Object(Illuminate\\Http\\Request))
#44 C:\\Users\\USER\\Downloads\\Compressed\\rootAPI - Copy\\rootAPI - Copy\\vendor\\laravel\\framework\\src\\Illuminate\\Pipeline\\Pipeline.php(141): Laravel\\Sanctum\\Http\\Middleware\\EnsureFrontendRequestsAreStateful->Laravel\\Sanctum\\Http\\Middleware\\{closure}(Object(Illuminate\\Http\\Request))
#45 C:\\Users\\USER\\Downloads\\Compressed\\rootAPI - Copy\\rootAPI - Copy\\vendor\\laravel\\framework\\src\\Illuminate\\Pipeline\\Pipeline.php(116): Illuminate\\Pipeline\\Pipeline->Illuminate\\Pipeline\\{closure}(Object(Illuminate\\Http\\Request))
#46 C:\\Users\\USER\\Downloads\\Compressed\\rootAPI - Copy\\rootAPI - Copy\\vendor\\laravel\\sanctum\\src\\Http\\Middleware\\EnsureFrontendRequestsAreStateful.php(26): Illuminate\\Pipeline\\Pipeline->then(Object(Closure))
#47 C:\\Users\\USER\\Downloads\\Compressed\\rootAPI - Copy\\rootAPI - Copy\\vendor\\laravel\\framework\\src\\Illuminate\\Pipeline\\Pipeline.php(180): Laravel\\Sanctum\\Http\\Middleware\\EnsureFrontendRequestsAreStateful->handle(Object(Illuminate\\Http\\Request), Object(Closure))
#48 C:\\Users\\USER\\Downloads\\Compressed\\rootAPI - Copy\\rootAPI - Copy\\vendor\\laravel\\framework\\src\\Illuminate\\Pipeline\\Pipeline.php(116): Illuminate\\Pipeline\\Pipeline->Illuminate\\Pipeline\\{closure}(Object(Illuminate\\Http\\Request))
#49 C:\\Users\\USER\\Downloads\\Compressed\\rootAPI - Copy\\rootAPI - Copy\\vendor\\laravel\\framework\\src\\Illuminate\\Routing\\Router.php(800): Illuminate\\Pipeline\\Pipeline->then(Object(Closure))
#50 C:\\Users\\USER\\Downloads\\Compressed\\rootAPI - Copy\\rootAPI - Copy\\vendor\\laravel\\framework\\src\\Illuminate\\Routing\\Router.php(777): Illuminate\\Routing\\Router->runRouteWithinStack(Object(Illuminate\\Routing\\Route), Object(Illuminate\\Http\\Request))
#51 C:\\Users\\USER\\Downloads\\Compressed\\rootAPI - Copy\\rootAPI - Copy\\vendor\\laravel\\framework\\src\\Illuminate\\Routing\\Router.php(741): Illuminate\\Routing\\Router->runRoute(Object(Illuminate\\Http\\Request), Object(Illuminate\\Routing\\Route))
#52 C:\\Users\\USER\\Downloads\\Compressed\\rootAPI - Copy\\rootAPI - Copy\\vendor\\laravel\\framework\\src\\Illuminate\\Routing\\Router.php(730): Illuminate\\Routing\\Router->dispatchToRoute(Object(Illuminate\\Http\\Request))
#53 C:\\Users\\USER\\Downloads\\Compressed\\rootAPI - Copy\\rootAPI - Copy\\vendor\\laravel\\framework\\src\\Illuminate\\Foundation\\Http\\Kernel.php(200): Illuminate\\Routing\\Router->dispatch(Object(Illuminate\\Http\\Request))
#54 C:\\Users\\USER\\Downloads\\Compressed\\rootAPI - Copy\\rootAPI - Copy\\vendor\\laravel\\framework\\src\\Illuminate\\Pipeline\\Pipeline.php(141): Illuminate\\Foundation\\Http\\Kernel->Illuminate\\Foundation\\Http\\{closure}(Object(Illuminate\\Http\\Request))
#55 C:\\Users\\USER\\Downloads\\Compressed\\rootAPI - Copy\\rootAPI - Copy\\vendor\\laravel\\framework\\src\\Illuminate\\Foundation\\Http\\Middleware\\TransformsRequest.php(21): Illuminate\\Pipeline\\Pipeline->Illuminate\\Pipeline\\{closure}(Object(Illuminate\\Http\\Request))
#56 C:\\Users\\USER\\Downloads\\Compressed\\rootAPI - Copy\\rootAPI - Copy\\vendor\\laravel\\framework\\src\\Illuminate\\Foundation\\Http\\Middleware\\ConvertEmptyStringsToNull.php(31): Illuminate\\Foundation\\Http\\Middleware\\TransformsRequest->handle(Object(Illuminate\\Http\\Request), Object(Closure))
#57 C:\\Users\\USER\\Downloads\\Compressed\\rootAPI - Copy\\rootAPI - Copy\\vendor\\laravel\\framework\\src\\Illuminate\\Pipeline\\Pipeline.php(180): Illuminate\\Foundation\\Http\\Middleware\\ConvertEmptyStringsToNull->handle(Object(Illuminate\\Http\\Request), Object(Closure))
#58 C:\\Users\\USER\\Downloads\\Compressed\\rootAPI - Copy\\rootAPI - Copy\\vendor\\laravel\\framework\\src\\Illuminate\\Foundation\\Http\\Middleware\\TransformsRequest.php(21): Illuminate\\Pipeline\\Pipeline->Illuminate\\Pipeline\\{closure}(Object(Illuminate\\Http\\Request))
#59 C:\\Users\\USER\\Downloads\\Compressed\\rootAPI - Copy\\rootAPI - Copy\\vendor\\laravel\\framework\\src\\Illuminate\\Foundation\\Http\\Middleware\\TrimStrings.php(40): Illuminate\\Foundation\\Http\\Middleware\\TransformsRequest->handle(Object(Illuminate\\Http\\Request), Object(Closure))
#60 C:\\Users\\USER\\Downloads\\Compressed\\rootAPI - Copy\\rootAPI - Copy\\vendor\\laravel\\framework\\src\\Illuminate\\Pipeline\\Pipeline.php(180): Illuminate\\Foundation\\Http\\Middleware\\TrimStrings->handle(Object(Illuminate\\Http\\Request), Object(Closure))
#61 C:\\Users\\USER\\Downloads\\Compressed\\rootAPI - Copy\\rootAPI - Copy\\vendor\\laravel\\framework\\src\\Illuminate\\Foundation\\Http\\Middleware\\ValidatePostSize.php(27): Illuminate\\Pipeline\\Pipeline->Illuminate\\Pipeline\\{closure}(Object(Illuminate\\Http\\Request))
#62 C:\\Users\\USER\\Downloads\\Compressed\\rootAPI - Copy\\rootAPI - Copy\\vendor\\laravel\\framework\\src\\Illuminate\\Pipeline\\Pipeline.php(180): Illuminate\\Foundation\\Http\\Middleware\\ValidatePostSize->handle(Object(Illuminate\\Http\\Request), Object(Closure))
#63 C:\\Users\\USER\\Downloads\\Compressed\\rootAPI - Copy\\rootAPI - Copy\\vendor\\laravel\\framework\\src\\Illuminate\\Foundation\\Http\\Middleware\\PreventRequestsDuringMaintenance.php(99): Illuminate\\Pipeline\\Pipeline->Illuminate\\Pipeline\\{closure}(Object(Illuminate\\Http\\Request))
#64 C:\\Users\\USER\\Downloads\\Compressed\\rootAPI - Copy\\rootAPI - Copy\\vendor\\laravel\\framework\\src\\Illuminate\\Pipeline\\Pipeline.php(180): Illuminate\\Foundation\\Http\\Middleware\\PreventRequestsDuringMaintenance->handle(Object(Illuminate\\Http\\Request), Object(Closure))
#65 C:\\Users\\USER\\Downloads\\Compressed\\rootAPI - Copy\\rootAPI - Copy\\vendor\\laravel\\framework\\src\\Illuminate\\Http\\Middleware\\HandleCors.php(62): Illuminate\\Pipeline\\Pipeline->Illuminate\\Pipeline\\{closure}(Object(Illuminate\\Http\\Request))
#66 C:\\Users\\USER\\Downloads\\Compressed\\rootAPI - Copy\\rootAPI - Copy\\vendor\\laravel\\framework\\src\\Illuminate\\Pipeline\\Pipeline.php(180): Illuminate\\Http\\Middleware\\HandleCors->handle(Object(Illuminate\\Http\\Request), Object(Closure))
#67 C:\\Users\\USER\\Downloads\\Compressed\\rootAPI - Copy\\rootAPI - Copy\\vendor\\laravel\\framework\\src\\Illuminate\\Http\\Middleware\\TrustProxies.php(39): Illuminate\\Pipeline\\Pipeline->Illuminate\\Pipeline\\{closure}(Object(Illuminate\\Http\\Request))
#68 C:\\Users\\USER\\Downloads\\Compressed\\rootAPI - Copy\\rootAPI - Copy\\vendor\\laravel\\framework\\src\\Illuminate\\Pipeline\\Pipeline.php(180): Illuminate\\Http\\Middleware\\TrustProxies->handle(Object(Illuminate\\Http\\Request), Object(Closure))
#69 C:\\Users\\USER\\Downloads\\Compressed\\rootAPI - Copy\\rootAPI - Copy\\vendor\\laravel\\framework\\src\\Illuminate\\Pipeline\\Pipeline.php(116): Illuminate\\Pipeline\\Pipeline->Illuminate\\Pipeline\\{closure}(Object(Illuminate\\Http\\Request))
#70 C:\\Users\\USER\\Downloads\\Compressed\\rootAPI - Copy\\rootAPI - Copy\\vendor\\laravel\\framework\\src\\Illuminate\\Foundation\\Http\\Kernel.php(175): Illuminate\\Pipeline\\Pipeline->then(Object(Closure))
#71 C:\\Users\\USER\\Downloads\\Compressed\\rootAPI - Copy\\rootAPI - Copy\\vendor\\laravel\\framework\\src\\Illuminate\\Foundation\\Http\\Kernel.php(144): Illuminate\\Foundation\\Http\\Kernel->sendRequestThroughRouter(Object(Illuminate\\Http\\Request))
#72 C:\\Users\\USER\\Downloads\\Compressed\\rootAPI - Copy\\rootAPI - Copy\\public\\index.php(52): Illuminate\\Foundation\\Http\\Kernel->handle(Object(Illuminate\\Http\\Request))
#73 C:\\Users\\USER\\Downloads\\Compressed\\rootAPI - Copy\\rootAPI - Copy\\vendor\\laravel\\framework\\src\\Illuminate\\Foundation\\resources\\server.php(16): require_once('C:\\\\Users\\\\USER\\\\D...')
#74 {main}
"} 
[2023-11-21 04:58:49] local.INFO: 2023-11-21 04:58:49 POST:"http://127.0.0.1:8000/api/aggregationPoint" - Execution Time: 656.99315071106ms  
