[2023-11-19 00:36:57] local.ERROR: SQLSTATE[HY000] [2002] No connection could be made because the target machine actively refused it (Connection: mysql, SQL: select * from information_schema.tables where table_schema = rootApiWebCopy1 and table_name = migrations and table_type = 'BASE TABLE') {"exception":"[object] (Illuminate\\Database\\QueryException(code: 2002): SQLSTATE[HY000] [2002] No connection could be made because the target machine actively refused it (Connection: mysql, SQL: select * from information_schema.tables where table_schema = rootApiWebCopy1 and table_name = migrations and table_type = 'BASE TABLE') at C:\\Users\\USER\\Downloads\\Compressed\\rootAPI - Copy\\rootAPI - Copy\\vendor\\laravel\\framework\\src\\Illuminate\\Database\\Connection.php:822)
[stacktrace]
#0 C:\\Users\\USER\\Downloads\\Compressed\\rootAPI - Copy\\rootAPI - Copy\\vendor\\laravel\\framework\\src\\Illuminate\\Database\\Connection.php(976): Illuminate\\Database\\Connection->runQueryCallback('select * from i...', Array, Object(Closure))
#1 C:\\Users\\USER\\Downloads\\Compressed\\rootAPI - Copy\\rootAPI - Copy\\vendor\\laravel\\framework\\src\\Illuminate\\Database\\Connection.php(956): Illuminate\\Database\\Connection->tryAgainIfCausedByLostConnection(Object(Illuminate\\Database\\QueryException), 'select * from i...', Array, Object(Closure))
#2 C:\\Users\\USER\\Downloads\\Compressed\\rootAPI - Copy\\rootAPI - Copy\\vendor\\laravel\\framework\\src\\Illuminate\\Database\\Connection.php(779): Illuminate\\Database\\Connection->handleQueryException(Object(Illuminate\\Database\\QueryException), 'select * from i...', Array, Object(Closure))
#3 C:\\Users\\USER\\Downloads\\Compressed\\rootAPI - Copy\\rootAPI - Copy\\vendor\\laravel\\framework\\src\\Illuminate\\Database\\Connection.php(424): Illuminate\\Database\\Connection->run('select * from i...', Array, Object(Closure))
#4 C:\\Users\\USER\\Downloads\\Compressed\\rootAPI - Copy\\rootAPI - Copy\\vendor\\laravel\\framework\\src\\Illuminate\\Database\\Connection.php(394): Illuminate\\Database\\Connection->select('select * from i...', Array, false)
#5 C:\\Users\\USER\\Downloads\\Compressed\\rootAPI - Copy\\rootAPI - Copy\\vendor\\laravel\\framework\\src\\Illuminate\\Database\\Schema\\MySqlBuilder.php(44): Illuminate\\Database\\Connection->selectFromWriteConnection('select * from i...', Array)
#6 C:\\Users\\USER\\Downloads\\Compressed\\rootAPI - Copy\\rootAPI - Copy\\vendor\\laravel\\framework\\src\\Illuminate\\Database\\Migrations\\DatabaseMigrationRepository.php(184): Illuminate\\Database\\Schema\\MySqlBuilder->hasTable('migrations')
#7 C:\\Users\\USER\\Downloads\\Compressed\\rootAPI - Copy\\rootAPI - Copy\\vendor\\laravel\\framework\\src\\Illuminate\\Database\\Migrations\\Migrator.php(700): Illuminate\\Database\\Migrations\\DatabaseMigrationRepository->repositoryExists()
#8 C:\\Users\\USER\\Downloads\\Compressed\\rootAPI - Copy\\rootAPI - Copy\\vendor\\laravel\\framework\\src\\Illuminate\\Database\\Console\\Migrations\\MigrateCommand.php(140): Illuminate\\Database\\Migrations\\Migrator->repositoryExists()
#9 C:\\Users\\USER\\Downloads\\Compressed\\rootAPI - Copy\\rootAPI - Copy\\vendor\\laravel\\framework\\src\\Illuminate\\Support\\helpers.php(248): Illuminate\\Database\\Console\\Migrations\\MigrateCommand->Illuminate\\Database\\Console\\Migrations\\{closure}(1)
#10 C:\\Users\\USER\\Downloads\\Compressed\\rootAPI - Copy\\rootAPI - Copy\\vendor\\laravel\\framework\\src\\Illuminate\\Database\\Console\\Migrations\\MigrateCommand.php(159): retry(1, Object(Closure), 0, Object(Closure))
#11 C:\\Users\\USER\\Downloads\\Compressed\\rootAPI - Copy\\rootAPI - Copy\\vendor\\laravel\\framework\\src\\Illuminate\\Database\\Console\\Migrations\\MigrateCommand.php(116): Illuminate\\Database\\Console\\Migrations\\MigrateCommand->repositoryExists()
#12 C:\\Users\\USER\\Downloads\\Compressed\\rootAPI - Copy\\rootAPI - Copy\\vendor\\laravel\\framework\\src\\Illuminate\\Database\\Console\\Migrations\\MigrateCommand.php(84): Illuminate\\Database\\Console\\Migrations\\MigrateCommand->prepareDatabase()
#13 C:\\Users\\USER\\Downloads\\Compressed\\rootAPI - Copy\\rootAPI - Copy\\vendor\\laravel\\framework\\src\\Illuminate\\Database\\Migrations\\Migrator.php(633): Illuminate\\Database\\Console\\Migrations\\MigrateCommand->Illuminate\\Database\\Console\\Migrations\\{closure}()
#14 C:\\Users\\USER\\Downloads\\Compressed\\rootAPI - Copy\\rootAPI - Copy\\vendor\\laravel\\framework\\src\\Illuminate\\Database\\Console\\Migrations\\MigrateCommand.php(104): Illuminate\\Database\\Migrations\\Migrator->usingConnection(NULL, Object(Closure))
#15 C:\\Users\\USER\\Downloads\\Compressed\\rootAPI - Copy\\rootAPI - Copy\\vendor\\laravel\\framework\\src\\Illuminate\\Container\\BoundMethod.php(36): Illuminate\\Database\\Console\\Migrations\\MigrateCommand->handle()
#16 C:\\Users\\USER\\Downloads\\Compressed\\rootAPI - Copy\\rootAPI - Copy\\vendor\\laravel\\framework\\src\\Illuminate\\Container\\Util.php(41): Illuminate\\Container\\BoundMethod::Illuminate\\Container\\{closure}()
#17 C:\\Users\\USER\\Downloads\\Compressed\\rootAPI - Copy\\rootAPI - Copy\\vendor\\laravel\\framework\\src\\Illuminate\\Container\\BoundMethod.php(93): Illuminate\\Container\\Util::unwrapIfClosure(Object(Closure))
#18 C:\\Users\\USER\\Downloads\\Compressed\\rootAPI - Copy\\rootAPI - Copy\\vendor\\laravel\\framework\\src\\Illuminate\\Container\\BoundMethod.php(37): Illuminate\\Container\\BoundMethod::callBoundMethod(Object(Illuminate\\Foundation\\Application), Array, Object(Closure))
#19 C:\\Users\\USER\\Downloads\\Compressed\\rootAPI - Copy\\rootAPI - Copy\\vendor\\laravel\\framework\\src\\Illuminate\\Container\\Container.php(662): Illuminate\\Container\\BoundMethod::call(Object(Illuminate\\Foundation\\Application), Array, Array, NULL)
#20 C:\\Users\\USER\\Downloads\\Compressed\\rootAPI - Copy\\rootAPI - Copy\\vendor\\laravel\\framework\\src\\Illuminate\\Console\\Command.php(211): Illuminate\\Container\\Container->call(Array)
#21 C:\\Users\\USER\\Downloads\\Compressed\\rootAPI - Copy\\rootAPI - Copy\\vendor\\symfony\\console\\Command\\Command.php(326): Illuminate\\Console\\Command->execute(Object(Symfony\\Component\\Console\\Input\\ArgvInput), Object(Illuminate\\Console\\OutputStyle))
#22 C:\\Users\\USER\\Downloads\\Compressed\\rootAPI - Copy\\rootAPI - Copy\\vendor\\laravel\\framework\\src\\Illuminate\\Console\\Command.php(181): Symfony\\Component\\Console\\Command\\Command->run(Object(Symfony\\Component\\Console\\Input\\ArgvInput), Object(Illuminate\\Console\\OutputStyle))
#23 C:\\Users\\USER\\Downloads\\Compressed\\rootAPI - Copy\\rootAPI - Copy\\vendor\\symfony\\console\\Application.php(1081): Illuminate\\Console\\Command->run(Object(Symfony\\Component\\Console\\Input\\ArgvInput), Object(Symfony\\Component\\Console\\Output\\ConsoleOutput))
#24 C:\\Users\\USER\\Downloads\\Compressed\\rootAPI - Copy\\rootAPI - Copy\\vendor\\symfony\\console\\Application.php(320): Symfony\\Component\\Console\\Application->doRunCommand(Object(Illuminate\\Database\\Console\\Migrations\\MigrateCommand), Object(Symfony\\Component\\Console\\Input\\ArgvInput), Object(Symfony\\Component\\Console\\Output\\ConsoleOutput))
#25 C:\\Users\\USER\\Downloads\\Compressed\\rootAPI - Copy\\rootAPI - Copy\\vendor\\symfony\\console\\Application.php(174): Symfony\\Component\\Console\\Application->doRun(Object(Symfony\\Component\\Console\\Input\\ArgvInput), Object(Symfony\\Component\\Console\\Output\\ConsoleOutput))
#26 C:\\Users\\USER\\Downloads\\Compressed\\rootAPI - Copy\\rootAPI - Copy\\vendor\\laravel\\framework\\src\\Illuminate\\Foundation\\Console\\Kernel.php(201): Symfony\\Component\\Console\\Application->run(Object(Symfony\\Component\\Console\\Input\\ArgvInput), Object(Symfony\\Component\\Console\\Output\\ConsoleOutput))
#27 C:\\Users\\USER\\Downloads\\Compressed\\rootAPI - Copy\\rootAPI - Copy\\artisan(37): Illuminate\\Foundation\\Console\\Kernel->handle(Object(Symfony\\Component\\Console\\Input\\ArgvInput), Object(Symfony\\Component\\Console\\Output\\ConsoleOutput))
#28 {main}

[previous exception] [object] (PDOException(code: 2002): SQLSTATE[HY000] [2002] No connection could be made because the target machine actively refused it at C:\\Users\\USER\\Downloads\\Compressed\\rootAPI - Copy\\rootAPI - Copy\\vendor\\laravel\\framework\\src\\Illuminate\\Database\\Connectors\\Connector.php:65)
[stacktrace]
#0 C:\\Users\\USER\\Downloads\\Compressed\\rootAPI - Copy\\rootAPI - Copy\\vendor\\laravel\\framework\\src\\Illuminate\\Database\\Connectors\\Connector.php(65): PDO->__construct('mysql:host=127....', 'root', '', Array)
#1 C:\\Users\\USER\\Downloads\\Compressed\\rootAPI - Copy\\rootAPI - Copy\\vendor\\laravel\\framework\\src\\Illuminate\\Database\\Connectors\\Connector.php(83): Illuminate\\Database\\Connectors\\Connector->createPdoConnection('mysql:host=127....', 'root', '', Array)
#2 C:\\Users\\USER\\Downloads\\Compressed\\rootAPI - Copy\\rootAPI - Copy\\vendor\\laravel\\framework\\src\\Illuminate\\Database\\Connectors\\Connector.php(49): Illuminate\\Database\\Connectors\\Connector->tryAgainIfCausedByLostConnection(Object(PDOException), 'mysql:host=127....', 'root', '', Array)
#3 C:\\Users\\USER\\Downloads\\Compressed\\rootAPI - Copy\\rootAPI - Copy\\vendor\\laravel\\framework\\src\\Illuminate\\Database\\Connectors\\MySqlConnector.php(24): Illuminate\\Database\\Connectors\\Connector->createConnection('mysql:host=127....', Array, Array)
#4 C:\\Users\\USER\\Downloads\\Compressed\\rootAPI - Copy\\rootAPI - Copy\\vendor\\laravel\\framework\\src\\Illuminate\\Database\\Connectors\\ConnectionFactory.php(184): Illuminate\\Database\\Connectors\\MySqlConnector->connect(Array)
#5 [internal function]: Illuminate\\Database\\Connectors\\ConnectionFactory->Illuminate\\Database\\Connectors\\{closure}()
#6 C:\\Users\\USER\\Downloads\\Compressed\\rootAPI - Copy\\rootAPI - Copy\\vendor\\laravel\\framework\\src\\Illuminate\\Database\\Connection.php(1319): call_user_func(Object(Closure))
#7 C:\\Users\\USER\\Downloads\\Compressed\\rootAPI - Copy\\rootAPI - Copy\\vendor\\laravel\\framework\\src\\Illuminate\\Database\\Connection.php(521): Illuminate\\Database\\Connection->getPdo()
#8 C:\\Users\\USER\\Downloads\\Compressed\\rootAPI - Copy\\rootAPI - Copy\\vendor\\laravel\\framework\\src\\Illuminate\\Database\\Connection.php(416): Illuminate\\Database\\Connection->getPdoForSelect(false)
#9 C:\\Users\\USER\\Downloads\\Compressed\\rootAPI - Copy\\rootAPI - Copy\\vendor\\laravel\\framework\\src\\Illuminate\\Database\\Connection.php(809): Illuminate\\Database\\Connection->Illuminate\\Database\\{closure}('select * from i...', Array)
#10 C:\\Users\\USER\\Downloads\\Compressed\\rootAPI - Copy\\rootAPI - Copy\\vendor\\laravel\\framework\\src\\Illuminate\\Database\\Connection.php(976): Illuminate\\Database\\Connection->runQueryCallback('select * from i...', Array, Object(Closure))
#11 C:\\Users\\USER\\Downloads\\Compressed\\rootAPI - Copy\\rootAPI - Copy\\vendor\\laravel\\framework\\src\\Illuminate\\Database\\Connection.php(956): Illuminate\\Database\\Connection->tryAgainIfCausedByLostConnection(Object(Illuminate\\Database\\QueryException), 'select * from i...', Array, Object(Closure))
#12 C:\\Users\\USER\\Downloads\\Compressed\\rootAPI - Copy\\rootAPI - Copy\\vendor\\laravel\\framework\\src\\Illuminate\\Database\\Connection.php(779): Illuminate\\Database\\Connection->handleQueryException(Object(Illuminate\\Database\\QueryException), 'select * from i...', Array, Object(Closure))
#13 C:\\Users\\USER\\Downloads\\Compressed\\rootAPI - Copy\\rootAPI - Copy\\vendor\\laravel\\framework\\src\\Illuminate\\Database\\Connection.php(424): Illuminate\\Database\\Connection->run('select * from i...', Array, Object(Closure))
#14 C:\\Users\\USER\\Downloads\\Compressed\\rootAPI - Copy\\rootAPI - Copy\\vendor\\laravel\\framework\\src\\Illuminate\\Database\\Connection.php(394): Illuminate\\Database\\Connection->select('select * from i...', Array, false)
#15 C:\\Users\\USER\\Downloads\\Compressed\\rootAPI - Copy\\rootAPI - Copy\\vendor\\laravel\\framework\\src\\Illuminate\\Database\\Schema\\MySqlBuilder.php(44): Illuminate\\Database\\Connection->selectFromWriteConnection('select * from i...', Array)
#16 C:\\Users\\USER\\Downloads\\Compressed\\rootAPI - Copy\\rootAPI - Copy\\vendor\\laravel\\framework\\src\\Illuminate\\Database\\Migrations\\DatabaseMigrationRepository.php(184): Illuminate\\Database\\Schema\\MySqlBuilder->hasTable('migrations')
#17 C:\\Users\\USER\\Downloads\\Compressed\\rootAPI - Copy\\rootAPI - Copy\\vendor\\laravel\\framework\\src\\Illuminate\\Database\\Migrations\\Migrator.php(700): Illuminate\\Database\\Migrations\\DatabaseMigrationRepository->repositoryExists()
#18 C:\\Users\\USER\\Downloads\\Compressed\\rootAPI - Copy\\rootAPI - Copy\\vendor\\laravel\\framework\\src\\Illuminate\\Database\\Console\\Migrations\\MigrateCommand.php(140): Illuminate\\Database\\Migrations\\Migrator->repositoryExists()
#19 C:\\Users\\USER\\Downloads\\Compressed\\rootAPI - Copy\\rootAPI - Copy\\vendor\\laravel\\framework\\src\\Illuminate\\Support\\helpers.php(248): Illuminate\\Database\\Console\\Migrations\\MigrateCommand->Illuminate\\Database\\Console\\Migrations\\{closure}(1)
#20 C:\\Users\\USER\\Downloads\\Compressed\\rootAPI - Copy\\rootAPI - Copy\\vendor\\laravel\\framework\\src\\Illuminate\\Database\\Console\\Migrations\\MigrateCommand.php(159): retry(1, Object(Closure), 0, Object(Closure))
#21 C:\\Users\\USER\\Downloads\\Compressed\\rootAPI - Copy\\rootAPI - Copy\\vendor\\laravel\\framework\\src\\Illuminate\\Database\\Console\\Migrations\\MigrateCommand.php(116): Illuminate\\Database\\Console\\Migrations\\MigrateCommand->repositoryExists()
#22 C:\\Users\\USER\\Downloads\\Compressed\\rootAPI - Copy\\rootAPI - Copy\\vendor\\laravel\\framework\\src\\Illuminate\\Database\\Console\\Migrations\\MigrateCommand.php(84): Illuminate\\Database\\Console\\Migrations\\MigrateCommand->prepareDatabase()
#23 C:\\Users\\USER\\Downloads\\Compressed\\rootAPI - Copy\\rootAPI - Copy\\vendor\\laravel\\framework\\src\\Illuminate\\Database\\Migrations\\Migrator.php(633): Illuminate\\Database\\Console\\Migrations\\MigrateCommand->Illuminate\\Database\\Console\\Migrations\\{closure}()
#24 C:\\Users\\USER\\Downloads\\Compressed\\rootAPI - Copy\\rootAPI - Copy\\vendor\\laravel\\framework\\src\\Illuminate\\Database\\Console\\Migrations\\MigrateCommand.php(104): Illuminate\\Database\\Migrations\\Migrator->usingConnection(NULL, Object(Closure))
#25 C:\\Users\\USER\\Downloads\\Compressed\\rootAPI - Copy\\rootAPI - Copy\\vendor\\laravel\\framework\\src\\Illuminate\\Container\\BoundMethod.php(36): Illuminate\\Database\\Console\\Migrations\\MigrateCommand->handle()
#26 C:\\Users\\USER\\Downloads\\Compressed\\rootAPI - Copy\\rootAPI - Copy\\vendor\\laravel\\framework\\src\\Illuminate\\Container\\Util.php(41): Illuminate\\Container\\BoundMethod::Illuminate\\Container\\{closure}()
#27 C:\\Users\\USER\\Downloads\\Compressed\\rootAPI - Copy\\rootAPI - Copy\\vendor\\laravel\\framework\\src\\Illuminate\\Container\\BoundMethod.php(93): Illuminate\\Container\\Util::unwrapIfClosure(Object(Closure))
#28 C:\\Users\\USER\\Downloads\\Compressed\\rootAPI - Copy\\rootAPI - Copy\\vendor\\laravel\\framework\\src\\Illuminate\\Container\\BoundMethod.php(37): Illuminate\\Container\\BoundMethod::callBoundMethod(Object(Illuminate\\Foundation\\Application), Array, Object(Closure))
#29 C:\\Users\\USER\\Downloads\\Compressed\\rootAPI - Copy\\rootAPI - Copy\\vendor\\laravel\\framework\\src\\Illuminate\\Container\\Container.php(662): Illuminate\\Container\\BoundMethod::call(Object(Illuminate\\Foundation\\Application), Array, Array, NULL)
#30 C:\\Users\\USER\\Downloads\\Compressed\\rootAPI - Copy\\rootAPI - Copy\\vendor\\laravel\\framework\\src\\Illuminate\\Console\\Command.php(211): Illuminate\\Container\\Container->call(Array)
#31 C:\\Users\\USER\\Downloads\\Compressed\\rootAPI - Copy\\rootAPI - Copy\\vendor\\symfony\\console\\Command\\Command.php(326): Illuminate\\Console\\Command->execute(Object(Symfony\\Component\\Console\\Input\\ArgvInput), Object(Illuminate\\Console\\OutputStyle))
#32 C:\\Users\\USER\\Downloads\\Compressed\\rootAPI - Copy\\rootAPI - Copy\\vendor\\laravel\\framework\\src\\Illuminate\\Console\\Command.php(181): Symfony\\Component\\Console\\Command\\Command->run(Object(Symfony\\Component\\Console\\Input\\ArgvInput), Object(Illuminate\\Console\\OutputStyle))
#33 C:\\Users\\USER\\Downloads\\Compressed\\rootAPI - Copy\\rootAPI - Copy\\vendor\\symfony\\console\\Application.php(1081): Illuminate\\Console\\Command->run(Object(Symfony\\Component\\Console\\Input\\ArgvInput), Object(Symfony\\Component\\Console\\Output\\ConsoleOutput))
#34 C:\\Users\\USER\\Downloads\\Compressed\\rootAPI - Copy\\rootAPI - Copy\\vendor\\symfony\\console\\Application.php(320): Symfony\\Component\\Console\\Application->doRunCommand(Object(Illuminate\\Database\\Console\\Migrations\\MigrateCommand), Object(Symfony\\Component\\Console\\Input\\ArgvInput), Object(Symfony\\Component\\Console\\Output\\ConsoleOutput))
#35 C:\\Users\\USER\\Downloads\\Compressed\\rootAPI - Copy\\rootAPI - Copy\\vendor\\symfony\\console\\Application.php(174): Symfony\\Component\\Console\\Application->doRun(Object(Symfony\\Component\\Console\\Input\\ArgvInput), Object(Symfony\\Component\\Console\\Output\\ConsoleOutput))
#36 C:\\Users\\USER\\Downloads\\Compressed\\rootAPI - Copy\\rootAPI - Copy\\vendor\\laravel\\framework\\src\\Illuminate\\Foundation\\Console\\Kernel.php(201): Symfony\\Component\\Console\\Application->run(Object(Symfony\\Component\\Console\\Input\\ArgvInput), Object(Symfony\\Component\\Console\\Output\\ConsoleOutput))
#37 C:\\Users\\USER\\Downloads\\Compressed\\rootAPI - Copy\\rootAPI - Copy\\artisan(37): Illuminate\\Foundation\\Console\\Kernel->handle(Object(Symfony\\Component\\Console\\Input\\ArgvInput), Object(Symfony\\Component\\Console\\Output\\ConsoleOutput))
#38 {main}
"} 
[2023-11-19 00:39:07] local.INFO: 2023-11-19 00:39:07 POST:"http://127.0.0.1:8000/api/register" - Execution Time: 1831.0761451721ms  
[2023-11-19 00:39:27] local.INFO: 2023-11-19 00:39:27 POST:"http://127.0.0.1:8000/api/register" - Execution Time: 43.452978134155ms  
[2023-11-19 00:39:36] local.INFO: 2023-11-19 00:39:36 POST:"http://127.0.0.1:8000/api/logout" - Execution Time: 21.551132202148ms  
[2023-11-19 00:39:42] local.INFO: 2023-11-19 00:39:42 POST:"http://127.0.0.1:8000/api/login" - Execution Time: 377.5429725647ms  
[2023-11-19 00:41:15] local.INFO: 2023-11-19 00:41:15 POST:"http://127.0.0.1:8000/api/register" - Execution Time: 394.45996284485ms  
[2023-11-19 00:41:49] local.INFO: 2023-11-19 00:41:49 POST:"http://127.0.0.1:8000/api/companyLeader" - Execution Time: 460.20197868347ms  
[2023-11-19 00:41:49] local.INFO: 2023-11-19 00:41:49 GET:"http://127.0.0.1:8000/api/companyLeader" - Execution Time: 33.234834671021ms  
[2023-11-19 00:41:49] local.INFO: 2023-11-19 00:41:49 GET:"http://127.0.0.1:8000/api/companyLeader/3" - Execution Time: 52.256107330322ms  
[2023-11-19 00:41:50] local.INFO: 2023-11-19 00:41:50 PUT:"http://127.0.0.1:8000/api/companyLeader/1" - Execution Time: 310.86015701294ms  
[2023-11-19 00:41:50] local.INFO: 2023-11-19 00:41:50 DELETE:"http://127.0.0.1:8000/api/companyLeader/3" - Execution Time: 18.952131271362ms  
[2023-11-19 00:41:51] local.INFO: 2023-11-19 00:41:51 POST:"http://127.0.0.1:8000/api/register" - Execution Time: 4.9419403076172ms  
[2023-11-19 00:42:20] local.INFO: 2023-11-19 00:42:20 POST:"http://127.0.0.1:8000/api/logout" - Execution Time: 11.191129684448ms  
[2023-11-19 00:43:10] local.INFO: 2023-11-19 00:43:10 POST:"http://127.0.0.1:8000/api/login" - Execution Time: 501.74403190613ms  
